<?xml version="1.0" encoding="UTF-8"?>
<robot generator="Robot 4.0.1 (Python 3.9.1 on win32)" generated="20210505 23:58:54.488" rpa="false" schemaversion="2">
<suite id="s1" name="Editlist" source="D:\Svv\robot_framework-master\ร้านค้า\แก้ไขขสินค้า\editlist.robot">
<test id="s1-t1" name="TC01 - แก้ไขสินค้า เปลี่ยนข้อมูลสินค้า(Test to Pass)">
<kw name="Open Web Site Pantipmarket On Browser" type="SETUP">
<kw name="Set Selenium Speed" library="Selenium2Library">
<arg>0.2 second</arg>
<doc>Sets the delay that is waited after each Selenium command.</doc>
<status status="PASS" starttime="20210505 23:58:55.423" endtime="20210505 23:58:55.424"/>
</kw>
<kw name="Open Browser" library="Selenium2Library">
<arg>url=https://www.pantipmarket.com/mall/center/BackOffice/</arg>
<arg>browser=chrome</arg>
<doc>Opens a new browser instance to the optional ``url``.</doc>
<msg timestamp="20210505 23:58:55.426" level="INFO">Opening browser 'chrome' to base url 'https://www.pantipmarket.com/mall/center/BackOffice/'.</msg>
<status status="PASS" starttime="20210505 23:58:55.425" endtime="20210505 23:58:58.002"/>
</kw>
<kw name="Maximize Browser Window" library="Selenium2Library">
<doc>Maximizes current browser window.</doc>
<status status="PASS" starttime="20210505 23:58:58.003" endtime="20210505 23:58:58.362"/>
</kw>
<kw name="Input Text" library="Selenium2Library">
<arg>mem_name</arg>
<arg>Core2931</arg>
<doc>Types the given ``text`` into the text field identified by ``locator``.</doc>
<msg timestamp="20210505 23:58:58.364" level="INFO">Typing text 'Core2931' into text field 'mem_name'.</msg>
<status status="PASS" starttime="20210505 23:58:58.363" endtime="20210505 23:58:59.219"/>
</kw>
<kw name="Input Password" library="Selenium2Library">
<arg>mem_passwd</arg>
<arg>Core123456</arg>
<doc>Types the given password into the text field identified by ``locator``.</doc>
<msg timestamp="20210505 23:58:59.220" level="INFO">Typing password into text field 'mem_passwd'.</msg>
<msg timestamp="20210505 23:58:59.719" level="INFO">Temporally setting log level to: NONE</msg>
<msg timestamp="20210505 23:59:00.060" level="INFO">Log level changed from NONE to INFO.</msg>
<status status="PASS" starttime="20210505 23:58:59.219" endtime="20210505 23:59:00.061"/>
</kw>
<kw name="Submit Form" library="Selenium2Library">
<doc>Submits a form identified by ``locator``.</doc>
<msg timestamp="20210505 23:59:00.062" level="INFO">Submitting form 'None'.</msg>
<status status="PASS" starttime="20210505 23:59:00.061" endtime="20210505 23:59:03.051"/>
</kw>
<status status="PASS" starttime="20210505 23:58:55.421" endtime="20210505 23:59:03.052"/>
</kw>
<kw name="Click Link" library="Selenium2Library">
<arg>xpath:/html/body/table/tbody/tr[4]/td/table/tbody/tr/td[2]/div[15]/table/tbody/tr[2]/td[2]/table/tbody/tr[5]/td/ul/li[2]/a</arg>
<doc>Clicks a link identified by ``locator``.</doc>
<msg timestamp="20210505 23:59:03.055" level="INFO">Clicking link 'xpath:/html/body/table/tbody/tr[4]/td/table/tbody/tr/td[2]/div[15]/table/tbody/tr[2]/td[2]/table/tbody/tr[5]/td/ul/li[2]/a'.</msg>
<status status="PASS" starttime="20210505 23:59:03.053" endtime="20210505 23:59:05.382"/>
</kw>
<kw name="Wait Until Page Contains" library="Selenium2Library">
<arg>รายการ</arg>
<doc>Waits until ``text`` appears on the current page.</doc>
<status status="PASS" starttime="20210505 23:59:05.383" endtime="20210505 23:59:05.633"/>
</kw>
<kw name="Set Selenium Speed" library="Selenium2Library">
<arg>0.05 second</arg>
<doc>Sets the delay that is waited after each Selenium command.</doc>
<status status="PASS" starttime="20210505 23:59:05.634" endtime="20210505 23:59:05.635"/>
</kw>
<kw name="Open Browser" library="Selenium2Library">
<arg>url=https://www.pantipmarket.com/mall/center/BackOffice/edit_goods_item_list.php?goods_id=390352&amp;shop_id=18195</arg>
<arg>browser=chrome</arg>
<doc>Opens a new browser instance to the optional ``url``.</doc>
<msg timestamp="20210505 23:59:05.637" level="INFO">Opening browser 'chrome' to base url 'https://www.pantipmarket.com/mall/center/BackOffice/edit_goods_item_list.php?goods_id=390352&amp;shop_id=18195'.</msg>
<status status="PASS" starttime="20210505 23:59:05.636" endtime="20210505 23:59:08.072"/>
</kw>
<kw name="Maximize Browser Window" library="Selenium2Library">
<doc>Maximizes current browser window.</doc>
<status status="PASS" starttime="20210505 23:59:08.074" endtime="20210505 23:59:08.287"/>
</kw>
<kw name="Input Text" library="Selenium2Library">
<arg>mem_name</arg>
<arg>Core2931</arg>
<doc>Types the given ``text`` into the text field identified by ``locator``.</doc>
<msg timestamp="20210505 23:59:08.289" level="INFO">Typing text 'Core2931' into text field 'mem_name'.</msg>
<status status="PASS" starttime="20210505 23:59:08.288" endtime="20210505 23:59:08.735"/>
</kw>
<kw name="Input Password" library="Selenium2Library">
<arg>mem_passwd</arg>
<arg>Core123456</arg>
<doc>Types the given password into the text field identified by ``locator``.</doc>
<msg timestamp="20210505 23:59:08.737" level="INFO">Typing password into text field 'mem_passwd'.</msg>
<msg timestamp="20210505 23:59:08.969" level="INFO">Temporally setting log level to: NONE</msg>
<msg timestamp="20210505 23:59:09.145" level="INFO">Log level changed from NONE to INFO.</msg>
<status status="PASS" starttime="20210505 23:59:08.736" endtime="20210505 23:59:09.146"/>
</kw>
<kw name="Submit Form" library="Selenium2Library">
<doc>Submits a form identified by ``locator``.</doc>
<msg timestamp="20210505 23:59:09.148" level="INFO">Submitting form 'None'.</msg>
<status status="PASS" starttime="20210505 23:59:09.147" endtime="20210505 23:59:10.736"/>
</kw>
<kw name="Input Text" library="Selenium2Library">
<arg>brand_txt</arg>
<arg>Product_Edit</arg>
<doc>Types the given ``text`` into the text field identified by ``locator``.</doc>
<msg timestamp="20210505 23:59:10.739" level="INFO">Typing text 'Product_Edit' into text field 'brand_txt'.</msg>
<status status="PASS" starttime="20210505 23:59:10.738" endtime="20210505 23:59:11.173"/>
</kw>
<kw name="Submit Form" library="Selenium2Library">
<doc>Submits a form identified by ``locator``.</doc>
<msg timestamp="20210505 23:59:11.175" level="INFO">Submitting form 'None'.</msg>
<status status="PASS" starttime="20210505 23:59:11.174" endtime="20210505 23:59:11.996"/>
</kw>
<kw name="Close Browser" library="Selenium2Library">
<doc>Closes the current browser.</doc>
<status status="PASS" starttime="20210505 23:59:11.997" endtime="20210505 23:59:15.371"/>
</kw>
<status status="PASS" starttime="20210505 23:58:55.410" endtime="20210505 23:59:15.372"/>
</test>
<status status="PASS" starttime="20210505 23:58:54.494" endtime="20210505 23:59:15.376"/>
</suite>
<statistics>
<total>
<stat pass="1" fail="0" skip="0">All Tests</stat>
</total>
<tag>
</tag>
<suite>
<stat pass="1" fail="0" skip="0" id="s1" name="Editlist">Editlist</stat>
</suite>
</statistics>
<errors>
</errors>
</robot>
