<?xml version="1.0" encoding="UTF-8"?>
<robot generator="Robot 4.0 (Python 3.9.2 on darwin)" generated="20210412 15:52:47.388" rpa="false" schemaversion="2">
<suite id="s1" name="Safari" source="/Users/puntakarnkaewsanghan/Desktop/Git/robot_framework/safari.robot">
<test id="s1-t1" name="ค้นหาสินค้าหรือบริการ">
<kw name="Open Browser" library="Selenium2Library">
<arg>https://www.pantipmarket.com</arg>
<arg>browser=safari</arg>
<doc>Opens a new browser instance to the optional ``url``.</doc>
<msg timestamp="20210412 15:52:47.484" level="INFO">Opening browser 'safari' to base url 'https://www.pantipmarket.com'.</msg>
<status status="PASS" starttime="20210412 15:52:47.484" endtime="20210412 15:52:50.854"/>
</kw>
<kw name="Input Text" library="Selenium2Library">
<arg>name=search_keyword</arg>
<arg>computer</arg>
<doc>Types the given ``text`` into the text field identified by ``locator``.</doc>
<msg timestamp="20210412 15:52:50.857" level="INFO">Typing text 'computer' into text field 'name=search_keyword'.</msg>
<status status="PASS" starttime="20210412 15:52:50.856" endtime="20210412 15:52:51.032"/>
</kw>
<kw name="Click Button" library="Selenium2Library">
<arg>name=search_button</arg>
<doc>Clicks the button identified by ``locator``.</doc>
<msg timestamp="20210412 15:52:51.034" level="INFO">Clicking button 'name=search_button'.</msg>
<status status="PASS" starttime="20210412 15:52:51.033" endtime="20210412 15:52:51.094"/>
</kw>
<kw name="Wait Until Page Contains" library="Selenium2Library">
<arg>ผลการค้นหา</arg>
<doc>Waits until ``text`` appears on the current page.</doc>
<status status="PASS" starttime="20210412 15:52:51.094" endtime="20210412 15:52:51.569"/>
</kw>
<kw name="Click Link" library="Selenium2Library">
<arg>//*[@id="listitem_container"]/div/ul/li[2]/span/a</arg>
<doc>Clicks a link identified by ``locator``.</doc>
<msg timestamp="20210412 15:52:51.570" level="INFO">Clicking link '//*[@id="listitem_container"]/div/ul/li[2]/span/a'.</msg>
<status status="PASS" starttime="20210412 15:52:51.569" endtime="20210412 15:52:51.591"/>
</kw>
<status status="PASS" starttime="20210412 15:52:47.483" endtime="20210412 15:52:51.592"/>
</test>
<status status="PASS" starttime="20210412 15:52:47.389" endtime="20210412 15:52:51.594"/>
</suite>
<statistics>
<total>
<stat pass="1" fail="0" skip="0">All Tests</stat>
</total>
<tag>
</tag>
<suite>
<stat pass="1" fail="0" skip="0" id="s1" name="Safari">Safari</stat>
</suite>
</statistics>
<errors>
</errors>
</robot>
