<?xml version="1.0" encoding="UTF-8"?>
<robot generator="Robot 4.0.1 (Python 3.8.2 on win32)" generated="20210423 01:15:26.780" rpa="false" schemaversion="2">
<suite id="s1" name="Report" source="C:\Users\Jamemhee\Desktop\robot_framework-master\แจ้งปัญหา\report.robot">
<test id="s1-t1" name="TC01 - กรอกข้อมูลแจ้งปัญหาครบถ้วน (test to pass)">
<kw name="Open Web Site Pantipmarket On Browser" type="SETUP">
<kw name="Set Selenium Speed" library="Selenium2Library">
<arg>0.2 seconds</arg>
<doc>Sets the delay that is waited after each Selenium command.</doc>
<status status="PASS" starttime="20210423 01:15:26.980" endtime="20210423 01:15:26.981"/>
</kw>
<kw name="Open Browser" library="Selenium2Library">
<arg>url=http://www.pantip.com/members/helpdesk/market.php</arg>
<arg>browser=chrome</arg>
<doc>Opens a new browser instance to the optional ``url``.</doc>
<msg timestamp="20210423 01:15:26.981" level="INFO">Opening browser 'chrome' to base url 'http://www.pantip.com/members/helpdesk/market.php'.</msg>
<status status="PASS" starttime="20210423 01:15:26.981" endtime="20210423 01:15:28.362"/>
</kw>
<kw name="Maximize Browser Window" library="Selenium2Library">
<doc>Maximizes current browser window.</doc>
<status status="PASS" starttime="20210423 01:15:28.362" endtime="20210423 01:15:28.673"/>
</kw>
<status status="PASS" starttime="20210423 01:15:26.980" endtime="20210423 01:15:28.673"/>
</kw>
<kw name="Click Element" library="Selenium2Library">
<arg>g_helpdesk</arg>
<doc>Click the element identified by ``locator``.</doc>
<msg timestamp="20210423 01:15:28.673" level="INFO">Clicking element 'g_helpdesk'.</msg>
<status status="PASS" starttime="20210423 01:15:28.673" endtime="20210423 01:15:29.120"/>
</kw>
<kw name="Select From List By Value" library="Selenium2Library">
<arg>g_helpdesk</arg>
<arg>107</arg>
<doc>Selects options from selection list ``locator`` by ``values``.</doc>
<msg timestamp="20210423 01:15:29.120" level="INFO">Selecting options from selection list 'g_helpdesk' by value 107.</msg>
<status status="PASS" starttime="20210423 01:15:29.120" endtime="20210423 01:15:30.368"/>
</kw>
<kw name="Input Text" library="Selenium2Library">
<arg>notify_address</arg>
<arg>asdasd@gmail.com</arg>
<doc>Types the given ``text`` into the text field identified by ``locator``.</doc>
<msg timestamp="20210423 01:15:30.368" level="INFO">Typing text 'asdasd@gmail.com' into text field 'notify_address'.</msg>
<status status="PASS" starttime="20210423 01:15:30.368" endtime="20210423 01:15:31.035"/>
</kw>
<kw name="Input Text" library="Selenium2Library">
<arg>message</arg>
<arg>แจ้งปัญหาการใช้งาน</arg>
<doc>Types the given ``text`` into the text field identified by ``locator``.</doc>
<msg timestamp="20210423 01:15:31.035" level="INFO">Typing text 'แจ้งปัญหาการใช้งาน' into text field 'message'.</msg>
<status status="PASS" starttime="20210423 01:15:31.035" endtime="20210423 01:15:31.690"/>
</kw>
<kw name="Choose File" library="Selenium2Library">
<arg>${pic_report}</arg>
<arg>${imgFile}</arg>
<doc>Inputs the ``file_path`` into the file input field ``locator``.</doc>
<msg timestamp="20210423 01:15:31.691" level="INFO">Sending C:\Users\Jamemhee\Desktop\robot_framework-master\แจ้งปัญหา\jett.jpg to browser.</msg>
<status status="PASS" starttime="20210423 01:15:31.690" endtime="20210423 01:15:32.116"/>
</kw>
<kw name="Input Text" library="Selenium2Library">
<arg>name</arg>
<arg>james</arg>
<doc>Types the given ``text`` into the text field identified by ``locator``.</doc>
<msg timestamp="20210423 01:15:32.116" level="INFO">Typing text 'james' into text field 'name'.</msg>
<status status="PASS" starttime="20210423 01:15:32.116" endtime="20210423 01:15:32.769"/>
</kw>
<kw name="Click Element" library="Selenium2Library">
<arg>type_code</arg>
<doc>Click the element identified by ``locator``.</doc>
<msg timestamp="20210423 01:15:32.769" level="INFO">Clicking element 'type_code'.</msg>
<status status="PASS" starttime="20210423 01:15:32.769" endtime="20210423 01:15:33.202"/>
</kw>
<kw name="Sleep" library="BuiltIn">
<arg>4.5</arg>
<doc>Pauses the test executed for the given time.</doc>
<msg timestamp="20210423 01:15:37.702" level="INFO">Slept 4 seconds 500 milliseconds</msg>
<status status="PASS" starttime="20210423 01:15:33.202" endtime="20210423 01:15:37.702"/>
</kw>
<kw name="Click Element" library="Selenium2Library">
<arg>except_privacy_policy</arg>
<doc>Click the element identified by ``locator``.</doc>
<msg timestamp="20210423 01:15:37.703" level="INFO">Clicking element 'except_privacy_policy'.</msg>
<status status="PASS" starttime="20210423 01:15:37.702" endtime="20210423 01:15:38.134"/>
</kw>
<kw name="Click Element" library="Selenium2Library">
<arg>submit</arg>
<doc>Click the element identified by ``locator``.</doc>
<msg timestamp="20210423 01:15:38.134" level="INFO">Clicking element 'submit'.</msg>
<status status="PASS" starttime="20210423 01:15:38.134" endtime="20210423 01:15:38.575"/>
</kw>
<kw name="Close Browser" library="Selenium2Library" type="TEARDOWN">
<doc>Closes the current browser.</doc>
<status status="PASS" starttime="20210423 01:15:38.575" endtime="20210423 01:15:40.813"/>
</kw>
<status status="PASS" starttime="20210423 01:15:26.978" endtime="20210423 01:15:40.813"/>
</test>
<test id="s1-t2" name="TC02 - กรอกข้อมูลแจ้งปัญหาไม่ครบ (test to fail)">
<kw name="Open Web Site Pantipmarket On Browser" type="SETUP">
<kw name="Set Selenium Speed" library="Selenium2Library">
<arg>0.2 seconds</arg>
<doc>Sets the delay that is waited after each Selenium command.</doc>
<status status="PASS" starttime="20210423 01:15:40.816" endtime="20210423 01:15:40.816"/>
</kw>
<kw name="Open Browser" library="Selenium2Library">
<arg>url=http://www.pantip.com/members/helpdesk/market.php</arg>
<arg>browser=chrome</arg>
<doc>Opens a new browser instance to the optional ``url``.</doc>
<msg timestamp="20210423 01:15:40.817" level="INFO">Opening browser 'chrome' to base url 'http://www.pantip.com/members/helpdesk/market.php'.</msg>
<status status="PASS" starttime="20210423 01:15:40.816" endtime="20210423 01:15:42.188"/>
</kw>
<kw name="Maximize Browser Window" library="Selenium2Library">
<doc>Maximizes current browser window.</doc>
<status status="PASS" starttime="20210423 01:15:42.188" endtime="20210423 01:15:42.500"/>
</kw>
<status status="PASS" starttime="20210423 01:15:40.816" endtime="20210423 01:15:42.500"/>
</kw>
<kw name="Input Text" library="Selenium2Library">
<arg>notify_address</arg>
<arg>asdasd@gmail.com</arg>
<doc>Types the given ``text`` into the text field identified by ``locator``.</doc>
<msg timestamp="20210423 01:15:42.501" level="INFO">Typing text 'asdasd@gmail.com' into text field 'notify_address'.</msg>
<status status="PASS" starttime="20210423 01:15:42.500" endtime="20210423 01:15:43.164"/>
</kw>
<kw name="Input Text" library="Selenium2Library">
<arg>area_message</arg>
<arg>แจ้งปัญหาการใช้งาน</arg>
<doc>Types the given ``text`` into the text field identified by ``locator``.</doc>
<msg timestamp="20210423 01:15:43.164" level="INFO">Typing text 'แจ้งปัญหาการใช้งาน' into text field 'area_message'.</msg>
<status status="PASS" starttime="20210423 01:15:43.164" endtime="20210423 01:15:43.819"/>
</kw>
<kw name="Choose File" library="Selenium2Library">
<arg>${pic_report}</arg>
<arg>${imgFile}</arg>
<doc>Inputs the ``file_path`` into the file input field ``locator``.</doc>
<msg timestamp="20210423 01:15:43.820" level="INFO">Sending C:\Users\Jamemhee\Desktop\robot_framework-master\แจ้งปัญหา\jett.jpg to browser.</msg>
<status status="PASS" starttime="20210423 01:15:43.819" endtime="20210423 01:15:44.246"/>
</kw>
<kw name="Input Text" library="Selenium2Library">
<arg>name</arg>
<arg>james</arg>
<doc>Types the given ``text`` into the text field identified by ``locator``.</doc>
<msg timestamp="20210423 01:15:44.246" level="INFO">Typing text 'james' into text field 'name'.</msg>
<status status="PASS" starttime="20210423 01:15:44.246" endtime="20210423 01:15:44.902"/>
</kw>
<kw name="Click Element" library="Selenium2Library">
<arg>type_code</arg>
<doc>Click the element identified by ``locator``.</doc>
<msg timestamp="20210423 01:15:44.902" level="INFO">Clicking element 'type_code'.</msg>
<status status="PASS" starttime="20210423 01:15:44.902" endtime="20210423 01:15:45.336"/>
</kw>
<kw name="Sleep" library="BuiltIn">
<arg>4.5</arg>
<doc>Pauses the test executed for the given time.</doc>
<msg timestamp="20210423 01:15:49.837" level="INFO">Slept 4 seconds 500 milliseconds</msg>
<status status="PASS" starttime="20210423 01:15:45.336" endtime="20210423 01:15:49.837"/>
</kw>
<kw name="Click Element" library="Selenium2Library">
<arg>except_privacy_policy</arg>
<doc>Click the element identified by ``locator``.</doc>
<msg timestamp="20210423 01:15:49.837" level="INFO">Clicking element 'except_privacy_policy'.</msg>
<status status="PASS" starttime="20210423 01:15:49.837" endtime="20210423 01:15:50.269"/>
</kw>
<kw name="Click Element" library="Selenium2Library">
<arg>submit</arg>
<doc>Click the element identified by ``locator``.</doc>
<msg timestamp="20210423 01:15:50.269" level="INFO">Clicking element 'submit'.</msg>
<status status="PASS" starttime="20210423 01:15:50.269" endtime="20210423 01:15:50.705"/>
</kw>
<kw name="Alert Should Be Present" library="Selenium2Library">
<arg>กรุณาเลือกปัญหาที่ท่านต้องการสอบถามด้วยค่ะ</arg>
<doc>Verifies that an alert is present and by default, accepts it.</doc>
<msg timestamp="20210423 01:15:50.706" level="INFO">HANDLE::&lt;class 'NoneType'&gt;::None</msg>
<status status="PASS" starttime="20210423 01:15:50.705" endtime="20210423 01:15:51.308"/>
</kw>
<kw name="Close Browser" library="Selenium2Library" type="TEARDOWN">
<doc>Closes the current browser.</doc>
<status status="PASS" starttime="20210423 01:15:51.308" endtime="20210423 01:15:53.546"/>
</kw>
<status status="PASS" starttime="20210423 01:15:40.814" endtime="20210423 01:15:53.546"/>
</test>
<test id="s1-t3" name="TC03 - กรอกปัญหาแต่ไม่กรอกอีเมล์ผู้แจ้ง (test to fail)">
<kw name="Open Web Site Pantipmarket On Browser" type="SETUP">
<kw name="Set Selenium Speed" library="Selenium2Library">
<arg>0.2 seconds</arg>
<doc>Sets the delay that is waited after each Selenium command.</doc>
<status status="PASS" starttime="20210423 01:15:53.549" endtime="20210423 01:15:53.550"/>
</kw>
<kw name="Open Browser" library="Selenium2Library">
<arg>url=http://www.pantip.com/members/helpdesk/market.php</arg>
<arg>browser=chrome</arg>
<doc>Opens a new browser instance to the optional ``url``.</doc>
<msg timestamp="20210423 01:15:53.550" level="INFO">Opening browser 'chrome' to base url 'http://www.pantip.com/members/helpdesk/market.php'.</msg>
<status status="PASS" starttime="20210423 01:15:53.550" endtime="20210423 01:15:54.927"/>
</kw>
<kw name="Maximize Browser Window" library="Selenium2Library">
<doc>Maximizes current browser window.</doc>
<status status="PASS" starttime="20210423 01:15:54.927" endtime="20210423 01:15:55.238"/>
</kw>
<status status="PASS" starttime="20210423 01:15:53.549" endtime="20210423 01:15:55.238"/>
</kw>
<kw name="Click Element" library="Selenium2Library">
<arg>g_helpdesk</arg>
<doc>Click the element identified by ``locator``.</doc>
<msg timestamp="20210423 01:15:55.238" level="INFO">Clicking element 'g_helpdesk'.</msg>
<status status="PASS" starttime="20210423 01:15:55.238" endtime="20210423 01:15:55.682"/>
</kw>
<kw name="Select From List By Value" library="Selenium2Library">
<arg>g_helpdesk</arg>
<arg>107</arg>
<doc>Selects options from selection list ``locator`` by ``values``.</doc>
<msg timestamp="20210423 01:15:55.682" level="INFO">Selecting options from selection list 'g_helpdesk' by value 107.</msg>
<status status="PASS" starttime="20210423 01:15:55.682" endtime="20210423 01:15:56.929"/>
</kw>
<kw name="Input Text" library="Selenium2Library">
<arg>message</arg>
<arg>แจ้งปัญหาการใช้งาน</arg>
<doc>Types the given ``text`` into the text field identified by ``locator``.</doc>
<msg timestamp="20210423 01:15:56.929" level="INFO">Typing text 'แจ้งปัญหาการใช้งาน' into text field 'message'.</msg>
<status status="PASS" starttime="20210423 01:15:56.929" endtime="20210423 01:15:57.592"/>
</kw>
<kw name="Choose File" library="Selenium2Library">
<arg>${pic_report}</arg>
<arg>${imgFile}</arg>
<doc>Inputs the ``file_path`` into the file input field ``locator``.</doc>
<msg timestamp="20210423 01:15:57.592" level="INFO">Sending C:\Users\Jamemhee\Desktop\robot_framework-master\แจ้งปัญหา\jett.jpg to browser.</msg>
<status status="PASS" starttime="20210423 01:15:57.592" endtime="20210423 01:15:58.018"/>
</kw>
<kw name="Input Text" library="Selenium2Library">
<arg>name</arg>
<arg>james</arg>
<doc>Types the given ``text`` into the text field identified by ``locator``.</doc>
<msg timestamp="20210423 01:15:58.018" level="INFO">Typing text 'james' into text field 'name'.</msg>
<status status="PASS" starttime="20210423 01:15:58.018" endtime="20210423 01:15:58.674"/>
</kw>
<kw name="Click Element" library="Selenium2Library">
<arg>type_code</arg>
<doc>Click the element identified by ``locator``.</doc>
<msg timestamp="20210423 01:15:58.674" level="INFO">Clicking element 'type_code'.</msg>
<status status="PASS" starttime="20210423 01:15:58.674" endtime="20210423 01:15:59.108"/>
</kw>
<kw name="Sleep" library="BuiltIn">
<arg>4.5</arg>
<doc>Pauses the test executed for the given time.</doc>
<msg timestamp="20210423 01:16:03.608" level="INFO">Slept 4 seconds 500 milliseconds</msg>
<status status="PASS" starttime="20210423 01:15:59.108" endtime="20210423 01:16:03.608"/>
</kw>
<kw name="Click Element" library="Selenium2Library">
<arg>except_privacy_policy</arg>
<doc>Click the element identified by ``locator``.</doc>
<msg timestamp="20210423 01:16:03.608" level="INFO">Clicking element 'except_privacy_policy'.</msg>
<status status="PASS" starttime="20210423 01:16:03.608" endtime="20210423 01:16:04.040"/>
</kw>
<kw name="Click Element" library="Selenium2Library">
<arg>submit</arg>
<doc>Click the element identified by ``locator``.</doc>
<msg timestamp="20210423 01:16:04.041" level="INFO">Clicking element 'submit'.</msg>
<status status="PASS" starttime="20210423 01:16:04.040" endtime="20210423 01:16:04.474"/>
</kw>
<kw name="Alert Should Be Present" library="Selenium2Library">
<arg>กรุณากรอกอีเมล์ผู้ส่งด้วยค่ะ</arg>
<doc>Verifies that an alert is present and by default, accepts it.</doc>
<msg timestamp="20210423 01:16:04.474" level="INFO">HANDLE::&lt;class 'NoneType'&gt;::None</msg>
<status status="PASS" starttime="20210423 01:16:04.474" endtime="20210423 01:16:05.077"/>
</kw>
<kw name="Close Browser" library="Selenium2Library" type="TEARDOWN">
<doc>Closes the current browser.</doc>
<status status="PASS" starttime="20210423 01:16:05.077" endtime="20210423 01:16:07.545"/>
</kw>
<status status="PASS" starttime="20210423 01:15:53.547" endtime="20210423 01:16:07.545"/>
</test>
<test id="s1-t4" name="TC04 - กรอกปัญหา,อีเมล์แต่ไม่กรอกรายละเอียด (test to fail)">
<kw name="Open Web Site Pantipmarket On Browser" type="SETUP">
<kw name="Set Selenium Speed" library="Selenium2Library">
<arg>0.2 seconds</arg>
<doc>Sets the delay that is waited after each Selenium command.</doc>
<status status="PASS" starttime="20210423 01:16:07.548" endtime="20210423 01:16:07.548"/>
</kw>
<kw name="Open Browser" library="Selenium2Library">
<arg>url=http://www.pantip.com/members/helpdesk/market.php</arg>
<arg>browser=chrome</arg>
<doc>Opens a new browser instance to the optional ``url``.</doc>
<msg timestamp="20210423 01:16:07.549" level="INFO">Opening browser 'chrome' to base url 'http://www.pantip.com/members/helpdesk/market.php'.</msg>
<status status="PASS" starttime="20210423 01:16:07.549" endtime="20210423 01:16:08.931"/>
</kw>
<kw name="Maximize Browser Window" library="Selenium2Library">
<doc>Maximizes current browser window.</doc>
<status status="PASS" starttime="20210423 01:16:08.931" endtime="20210423 01:16:09.241"/>
</kw>
<status status="PASS" starttime="20210423 01:16:07.548" endtime="20210423 01:16:09.241"/>
</kw>
<kw name="Click Element" library="Selenium2Library">
<arg>g_helpdesk</arg>
<doc>Click the element identified by ``locator``.</doc>
<msg timestamp="20210423 01:16:09.242" level="INFO">Clicking element 'g_helpdesk'.</msg>
<status status="PASS" starttime="20210423 01:16:09.241" endtime="20210423 01:16:09.687"/>
</kw>
<kw name="Select From List By Value" library="Selenium2Library">
<arg>g_helpdesk</arg>
<arg>25</arg>
<doc>Selects options from selection list ``locator`` by ``values``.</doc>
<msg timestamp="20210423 01:16:09.687" level="INFO">Selecting options from selection list 'g_helpdesk' by value 25.</msg>
<status status="PASS" starttime="20210423 01:16:09.687" endtime="20210423 01:16:10.935"/>
</kw>
<kw name="Input Text" library="Selenium2Library">
<arg>notify_address</arg>
<arg>asdasd@gmail.com</arg>
<doc>Types the given ``text`` into the text field identified by ``locator``.</doc>
<msg timestamp="20210423 01:16:10.935" level="INFO">Typing text 'asdasd@gmail.com' into text field 'notify_address'.</msg>
<status status="PASS" starttime="20210423 01:16:10.935" endtime="20210423 01:16:11.603"/>
</kw>
<kw name="Choose File" library="Selenium2Library">
<arg>${pic_report}</arg>
<arg>${imgFile}</arg>
<doc>Inputs the ``file_path`` into the file input field ``locator``.</doc>
<msg timestamp="20210423 01:16:11.603" level="INFO">Sending C:\Users\Jamemhee\Desktop\robot_framework-master\แจ้งปัญหา\jett.jpg to browser.</msg>
<status status="PASS" starttime="20210423 01:16:11.603" endtime="20210423 01:16:12.028"/>
</kw>
<kw name="Input Text" library="Selenium2Library">
<arg>name</arg>
<arg>james</arg>
<doc>Types the given ``text`` into the text field identified by ``locator``.</doc>
<msg timestamp="20210423 01:16:12.028" level="INFO">Typing text 'james' into text field 'name'.</msg>
<status status="PASS" starttime="20210423 01:16:12.028" endtime="20210423 01:16:12.679"/>
</kw>
<kw name="Click Element" library="Selenium2Library">
<arg>type_code</arg>
<doc>Click the element identified by ``locator``.</doc>
<msg timestamp="20210423 01:16:12.679" level="INFO">Clicking element 'type_code'.</msg>
<status status="PASS" starttime="20210423 01:16:12.679" endtime="20210423 01:16:13.111"/>
</kw>
<kw name="Sleep" library="BuiltIn">
<arg>4.5</arg>
<doc>Pauses the test executed for the given time.</doc>
<msg timestamp="20210423 01:16:17.611" level="INFO">Slept 4 seconds 500 milliseconds</msg>
<status status="PASS" starttime="20210423 01:16:13.111" endtime="20210423 01:16:17.611"/>
</kw>
<kw name="Click Element" library="Selenium2Library">
<arg>except_privacy_policy</arg>
<doc>Click the element identified by ``locator``.</doc>
<msg timestamp="20210423 01:16:17.611" level="INFO">Clicking element 'except_privacy_policy'.</msg>
<status status="PASS" starttime="20210423 01:16:17.611" endtime="20210423 01:16:18.042"/>
</kw>
<kw name="Click Element" library="Selenium2Library">
<arg>submit</arg>
<doc>Click the element identified by ``locator``.</doc>
<msg timestamp="20210423 01:16:18.042" level="INFO">Clicking element 'submit'.</msg>
<status status="PASS" starttime="20210423 01:16:18.042" endtime="20210423 01:16:18.476"/>
</kw>
<kw name="Alert Should Be Present" library="Selenium2Library">
<arg>กรุณากรอกรายละเอียดด้วยค่ะ</arg>
<doc>Verifies that an alert is present and by default, accepts it.</doc>
<msg timestamp="20210423 01:16:18.476" level="INFO">HANDLE::&lt;class 'NoneType'&gt;::None</msg>
<status status="PASS" starttime="20210423 01:16:18.476" endtime="20210423 01:16:19.080"/>
</kw>
<kw name="Close Browser" library="Selenium2Library" type="TEARDOWN">
<doc>Closes the current browser.</doc>
<status status="PASS" starttime="20210423 01:16:19.080" endtime="20210423 01:16:21.320"/>
</kw>
<status status="PASS" starttime="20210423 01:16:07.546" endtime="20210423 01:16:21.320"/>
</test>
<test id="s1-t5" name="TC05 - กรอกปัญหา,อีเมล์,รายละเอียด แต่ไม่ใส่รูปภาพแนบ (test to pass)">
<kw name="Open Web Site Pantipmarket On Browser" type="SETUP">
<kw name="Set Selenium Speed" library="Selenium2Library">
<arg>0.2 seconds</arg>
<doc>Sets the delay that is waited after each Selenium command.</doc>
<status status="PASS" starttime="20210423 01:16:21.324" endtime="20210423 01:16:21.324"/>
</kw>
<kw name="Open Browser" library="Selenium2Library">
<arg>url=http://www.pantip.com/members/helpdesk/market.php</arg>
<arg>browser=chrome</arg>
<doc>Opens a new browser instance to the optional ``url``.</doc>
<msg timestamp="20210423 01:16:21.324" level="INFO">Opening browser 'chrome' to base url 'http://www.pantip.com/members/helpdesk/market.php'.</msg>
<status status="PASS" starttime="20210423 01:16:21.324" endtime="20210423 01:16:22.697"/>
</kw>
<kw name="Maximize Browser Window" library="Selenium2Library">
<doc>Maximizes current browser window.</doc>
<status status="PASS" starttime="20210423 01:16:22.697" endtime="20210423 01:16:23.009"/>
</kw>
<status status="PASS" starttime="20210423 01:16:21.323" endtime="20210423 01:16:23.009"/>
</kw>
<kw name="Click Element" library="Selenium2Library">
<arg>g_helpdesk</arg>
<doc>Click the element identified by ``locator``.</doc>
<msg timestamp="20210423 01:16:23.009" level="INFO">Clicking element 'g_helpdesk'.</msg>
<status status="PASS" starttime="20210423 01:16:23.009" endtime="20210423 01:16:23.451"/>
</kw>
<kw name="Select From List By Value" library="Selenium2Library">
<arg>g_helpdesk</arg>
<arg>107</arg>
<doc>Selects options from selection list ``locator`` by ``values``.</doc>
<msg timestamp="20210423 01:16:23.451" level="INFO">Selecting options from selection list 'g_helpdesk' by value 107.</msg>
<status status="PASS" starttime="20210423 01:16:23.451" endtime="20210423 01:16:24.699"/>
</kw>
<kw name="Input Text" library="Selenium2Library">
<arg>notify_address</arg>
<arg>asdasd@gmail.com</arg>
<doc>Types the given ``text`` into the text field identified by ``locator``.</doc>
<msg timestamp="20210423 01:16:24.699" level="INFO">Typing text 'asdasd@gmail.com' into text field 'notify_address'.</msg>
<status status="PASS" starttime="20210423 01:16:24.699" endtime="20210423 01:16:25.368"/>
</kw>
<kw name="Input Text" library="Selenium2Library">
<arg>message</arg>
<arg>แจ้งปัญหาการใช้งาน</arg>
<doc>Types the given ``text`` into the text field identified by ``locator``.</doc>
<msg timestamp="20210423 01:16:25.368" level="INFO">Typing text 'แจ้งปัญหาการใช้งาน' into text field 'message'.</msg>
<status status="PASS" starttime="20210423 01:16:25.368" endtime="20210423 01:16:26.024"/>
</kw>
<kw name="Input Text" library="Selenium2Library">
<arg>name</arg>
<arg>james</arg>
<doc>Types the given ``text`` into the text field identified by ``locator``.</doc>
<msg timestamp="20210423 01:16:26.024" level="INFO">Typing text 'james' into text field 'name'.</msg>
<status status="PASS" starttime="20210423 01:16:26.024" endtime="20210423 01:16:26.675"/>
</kw>
<kw name="Click Element" library="Selenium2Library">
<arg>type_code</arg>
<doc>Click the element identified by ``locator``.</doc>
<msg timestamp="20210423 01:16:26.675" level="INFO">Clicking element 'type_code'.</msg>
<status status="PASS" starttime="20210423 01:16:26.675" endtime="20210423 01:16:27.107"/>
</kw>
<kw name="Sleep" library="BuiltIn">
<arg>4.5</arg>
<doc>Pauses the test executed for the given time.</doc>
<msg timestamp="20210423 01:16:31.607" level="INFO">Slept 4 seconds 500 milliseconds</msg>
<status status="PASS" starttime="20210423 01:16:27.107" endtime="20210423 01:16:31.607"/>
</kw>
<kw name="Click Element" library="Selenium2Library">
<arg>except_privacy_policy</arg>
<doc>Click the element identified by ``locator``.</doc>
<msg timestamp="20210423 01:16:31.607" level="INFO">Clicking element 'except_privacy_policy'.</msg>
<status status="PASS" starttime="20210423 01:16:31.607" endtime="20210423 01:16:32.040"/>
</kw>
<kw name="Click Element" library="Selenium2Library">
<arg>submit</arg>
<doc>Click the element identified by ``locator``.</doc>
<msg timestamp="20210423 01:16:32.040" level="INFO">Clicking element 'submit'.</msg>
<status status="PASS" starttime="20210423 01:16:32.040" endtime="20210423 01:16:32.480"/>
</kw>
<kw name="Close Browser" library="Selenium2Library" type="TEARDOWN">
<doc>Closes the current browser.</doc>
<status status="PASS" starttime="20210423 01:16:32.480" endtime="20210423 01:16:34.714"/>
</kw>
<status status="PASS" starttime="20210423 01:16:21.321" endtime="20210423 01:16:34.714"/>
</test>
<test id="s1-t6" name="TC06 - กรอกปัญหา, อีเมล์,รายละเอียด,รูปภาพ แต่ไม่กรอกชื่อผู้ติดต่อ (test to fail)">
<kw name="Open Web Site Pantipmarket On Browser" type="SETUP">
<kw name="Set Selenium Speed" library="Selenium2Library">
<arg>0.2 seconds</arg>
<doc>Sets the delay that is waited after each Selenium command.</doc>
<status status="PASS" starttime="20210423 01:16:34.718" endtime="20210423 01:16:34.719"/>
</kw>
<kw name="Open Browser" library="Selenium2Library">
<arg>url=http://www.pantip.com/members/helpdesk/market.php</arg>
<arg>browser=chrome</arg>
<doc>Opens a new browser instance to the optional ``url``.</doc>
<msg timestamp="20210423 01:16:34.719" level="INFO">Opening browser 'chrome' to base url 'http://www.pantip.com/members/helpdesk/market.php'.</msg>
<status status="PASS" starttime="20210423 01:16:34.719" endtime="20210423 01:16:36.104"/>
</kw>
<kw name="Maximize Browser Window" library="Selenium2Library">
<doc>Maximizes current browser window.</doc>
<status status="PASS" starttime="20210423 01:16:36.104" endtime="20210423 01:16:36.414"/>
</kw>
<status status="PASS" starttime="20210423 01:16:34.718" endtime="20210423 01:16:36.414"/>
</kw>
<kw name="Click Element" library="Selenium2Library">
<arg>g_helpdesk</arg>
<doc>Click the element identified by ``locator``.</doc>
<msg timestamp="20210423 01:16:36.414" level="INFO">Clicking element 'g_helpdesk'.</msg>
<status status="PASS" starttime="20210423 01:16:36.414" endtime="20210423 01:16:36.861"/>
</kw>
<kw name="Select From List By Value" library="Selenium2Library">
<arg>g_helpdesk</arg>
<arg>107</arg>
<doc>Selects options from selection list ``locator`` by ``values``.</doc>
<msg timestamp="20210423 01:16:36.861" level="INFO">Selecting options from selection list 'g_helpdesk' by value 107.</msg>
<status status="PASS" starttime="20210423 01:16:36.861" endtime="20210423 01:16:38.109"/>
</kw>
<kw name="Input Text" library="Selenium2Library">
<arg>notify_address</arg>
<arg>asdasd@gmail.com</arg>
<doc>Types the given ``text`` into the text field identified by ``locator``.</doc>
<msg timestamp="20210423 01:16:38.109" level="INFO">Typing text 'asdasd@gmail.com' into text field 'notify_address'.</msg>
<status status="PASS" starttime="20210423 01:16:38.109" endtime="20210423 01:16:38.781"/>
</kw>
<kw name="Input Text" library="Selenium2Library">
<arg>message</arg>
<arg>แจ้งปัญหาการใช้งาน</arg>
<doc>Types the given ``text`` into the text field identified by ``locator``.</doc>
<msg timestamp="20210423 01:16:38.781" level="INFO">Typing text 'แจ้งปัญหาการใช้งาน' into text field 'message'.</msg>
<status status="PASS" starttime="20210423 01:16:38.781" endtime="20210423 01:16:39.434"/>
</kw>
<kw name="Choose File" library="Selenium2Library">
<arg>${pic_report}</arg>
<arg>${imgFile}</arg>
<doc>Inputs the ``file_path`` into the file input field ``locator``.</doc>
<msg timestamp="20210423 01:16:39.435" level="INFO">Sending C:\Users\Jamemhee\Desktop\robot_framework-master\แจ้งปัญหา\jett.jpg to browser.</msg>
<status status="PASS" starttime="20210423 01:16:39.434" endtime="20210423 01:16:39.860"/>
</kw>
<kw name="Click Element" library="Selenium2Library">
<arg>type_code</arg>
<doc>Click the element identified by ``locator``.</doc>
<msg timestamp="20210423 01:16:39.860" level="INFO">Clicking element 'type_code'.</msg>
<status status="PASS" starttime="20210423 01:16:39.860" endtime="20210423 01:16:40.292"/>
</kw>
<kw name="Sleep" library="BuiltIn">
<arg>4.5</arg>
<doc>Pauses the test executed for the given time.</doc>
<msg timestamp="20210423 01:16:44.793" level="INFO">Slept 4 seconds 500 milliseconds</msg>
<status status="PASS" starttime="20210423 01:16:40.292" endtime="20210423 01:16:44.793"/>
</kw>
<kw name="Click Element" library="Selenium2Library">
<arg>except_privacy_policy</arg>
<doc>Click the element identified by ``locator``.</doc>
<msg timestamp="20210423 01:16:44.793" level="INFO">Clicking element 'except_privacy_policy'.</msg>
<status status="PASS" starttime="20210423 01:16:44.793" endtime="20210423 01:16:45.225"/>
</kw>
<kw name="Click Element" library="Selenium2Library">
<arg>submit</arg>
<doc>Click the element identified by ``locator``.</doc>
<msg timestamp="20210423 01:16:45.225" level="INFO">Clicking element 'submit'.</msg>
<status status="PASS" starttime="20210423 01:16:45.225" endtime="20210423 01:16:45.660"/>
</kw>
<kw name="Alert Should Be Present" library="Selenium2Library">
<arg>กรุณากรอกชื่อผู้ส่งด้วยค่ะ</arg>
<doc>Verifies that an alert is present and by default, accepts it.</doc>
<msg timestamp="20210423 01:16:45.660" level="INFO">HANDLE::&lt;class 'NoneType'&gt;::None</msg>
<status status="PASS" starttime="20210423 01:16:45.660" endtime="20210423 01:16:46.262"/>
</kw>
<kw name="Close Browser" library="Selenium2Library" type="TEARDOWN">
<doc>Closes the current browser.</doc>
<status status="PASS" starttime="20210423 01:16:46.262" endtime="20210423 01:16:48.702"/>
</kw>
<status status="PASS" starttime="20210423 01:16:34.715" endtime="20210423 01:16:48.702"/>
</test>
<test id="s1-t7" name="TC07 - กรอกทุกอย่างแต่ไม่เลือกยอมรับนโยบาย (test to fail)">
<kw name="Open Web Site Pantipmarket On Browser" type="SETUP">
<kw name="Set Selenium Speed" library="Selenium2Library">
<arg>0.2 seconds</arg>
<doc>Sets the delay that is waited after each Selenium command.</doc>
<status status="PASS" starttime="20210423 01:16:48.705" endtime="20210423 01:16:48.706"/>
</kw>
<kw name="Open Browser" library="Selenium2Library">
<arg>url=http://www.pantip.com/members/helpdesk/market.php</arg>
<arg>browser=chrome</arg>
<doc>Opens a new browser instance to the optional ``url``.</doc>
<msg timestamp="20210423 01:16:48.706" level="INFO">Opening browser 'chrome' to base url 'http://www.pantip.com/members/helpdesk/market.php'.</msg>
<status status="PASS" starttime="20210423 01:16:48.706" endtime="20210423 01:16:50.073"/>
</kw>
<kw name="Maximize Browser Window" library="Selenium2Library">
<doc>Maximizes current browser window.</doc>
<status status="PASS" starttime="20210423 01:16:50.073" endtime="20210423 01:16:50.384"/>
</kw>
<status status="PASS" starttime="20210423 01:16:48.705" endtime="20210423 01:16:50.384"/>
</kw>
<kw name="Click Element" library="Selenium2Library">
<arg>g_helpdesk</arg>
<doc>Click the element identified by ``locator``.</doc>
<msg timestamp="20210423 01:16:50.384" level="INFO">Clicking element 'g_helpdesk'.</msg>
<status status="PASS" starttime="20210423 01:16:50.384" endtime="20210423 01:16:50.827"/>
</kw>
<kw name="Select From List By Value" library="Selenium2Library">
<arg>g_helpdesk</arg>
<arg>107</arg>
<doc>Selects options from selection list ``locator`` by ``values``.</doc>
<msg timestamp="20210423 01:16:50.827" level="INFO">Selecting options from selection list 'g_helpdesk' by value 107.</msg>
<status status="PASS" starttime="20210423 01:16:50.827" endtime="20210423 01:16:52.075"/>
</kw>
<kw name="Input Text" library="Selenium2Library">
<arg>notify_address</arg>
<arg>asdasd@gmail.com</arg>
<doc>Types the given ``text`` into the text field identified by ``locator``.</doc>
<msg timestamp="20210423 01:16:52.075" level="INFO">Typing text 'asdasd@gmail.com' into text field 'notify_address'.</msg>
<status status="PASS" starttime="20210423 01:16:52.075" endtime="20210423 01:16:52.748"/>
</kw>
<kw name="Input Text" library="Selenium2Library">
<arg>message</arg>
<arg>แจ้งปัญหาการใช้งาน</arg>
<doc>Types the given ``text`` into the text field identified by ``locator``.</doc>
<msg timestamp="20210423 01:16:52.748" level="INFO">Typing text 'แจ้งปัญหาการใช้งาน' into text field 'message'.</msg>
<status status="PASS" starttime="20210423 01:16:52.748" endtime="20210423 01:16:53.402"/>
</kw>
<kw name="Choose File" library="Selenium2Library">
<arg>${pic_report}</arg>
<arg>${imgFile}</arg>
<doc>Inputs the ``file_path`` into the file input field ``locator``.</doc>
<msg timestamp="20210423 01:16:53.403" level="INFO">Sending C:\Users\Jamemhee\Desktop\robot_framework-master\แจ้งปัญหา\jett.jpg to browser.</msg>
<status status="PASS" starttime="20210423 01:16:53.402" endtime="20210423 01:16:53.829"/>
</kw>
<kw name="Input Text" library="Selenium2Library">
<arg>name</arg>
<arg>james</arg>
<doc>Types the given ``text`` into the text field identified by ``locator``.</doc>
<msg timestamp="20210423 01:16:53.829" level="INFO">Typing text 'james' into text field 'name'.</msg>
<status status="PASS" starttime="20210423 01:16:53.829" endtime="20210423 01:16:54.478"/>
</kw>
<kw name="Click Element" library="Selenium2Library">
<arg>type_code</arg>
<doc>Click the element identified by ``locator``.</doc>
<msg timestamp="20210423 01:16:54.478" level="INFO">Clicking element 'type_code'.</msg>
<status status="PASS" starttime="20210423 01:16:54.478" endtime="20210423 01:16:54.913"/>
</kw>
<kw name="Sleep" library="BuiltIn">
<arg>4.5</arg>
<doc>Pauses the test executed for the given time.</doc>
<msg timestamp="20210423 01:16:59.413" level="INFO">Slept 4 seconds 500 milliseconds</msg>
<status status="PASS" starttime="20210423 01:16:54.913" endtime="20210423 01:16:59.413"/>
</kw>
<kw name="Click Element" library="Selenium2Library">
<arg>submit</arg>
<doc>Click the element identified by ``locator``.</doc>
<msg timestamp="20210423 01:16:59.414" level="INFO">Clicking element 'submit'.</msg>
<status status="PASS" starttime="20210423 01:16:59.413" endtime="20210423 01:16:59.848"/>
</kw>
<kw name="Alert Should Be Present" library="Selenium2Library">
<arg>กรุณายอมรับนโยบายข้อมูลส่วนบุคคล</arg>
<doc>Verifies that an alert is present and by default, accepts it.</doc>
<msg timestamp="20210423 01:16:59.848" level="INFO">HANDLE::&lt;class 'NoneType'&gt;::None</msg>
<status status="PASS" starttime="20210423 01:16:59.848" endtime="20210423 01:17:00.452"/>
</kw>
<kw name="Close Browser" library="Selenium2Library" type="TEARDOWN">
<doc>Closes the current browser.</doc>
<status status="PASS" starttime="20210423 01:17:00.452" endtime="20210423 01:17:02.688"/>
</kw>
<status status="PASS" starttime="20210423 01:16:48.703" endtime="20210423 01:17:02.688"/>
</test>
<test id="s1-t8" name="TC07 - กรอก Email ที่ไม่มีอยู่จริง (test to fail)">
<kw name="Open Web Site Pantipmarket On Browser" type="SETUP">
<kw name="Set Selenium Speed" library="Selenium2Library">
<arg>0.2 seconds</arg>
<doc>Sets the delay that is waited after each Selenium command.</doc>
<status status="PASS" starttime="20210423 01:17:02.691" endtime="20210423 01:17:02.691"/>
</kw>
<kw name="Open Browser" library="Selenium2Library">
<arg>url=http://www.pantip.com/members/helpdesk/market.php</arg>
<arg>browser=chrome</arg>
<doc>Opens a new browser instance to the optional ``url``.</doc>
<msg timestamp="20210423 01:17:02.692" level="INFO">Opening browser 'chrome' to base url 'http://www.pantip.com/members/helpdesk/market.php'.</msg>
<status status="PASS" starttime="20210423 01:17:02.691" endtime="20210423 01:17:04.070"/>
</kw>
<kw name="Maximize Browser Window" library="Selenium2Library">
<doc>Maximizes current browser window.</doc>
<status status="PASS" starttime="20210423 01:17:04.070" endtime="20210423 01:17:04.380"/>
</kw>
<status status="PASS" starttime="20210423 01:17:02.690" endtime="20210423 01:17:04.380"/>
</kw>
<kw name="Click Element" library="Selenium2Library">
<arg>g_helpdesk</arg>
<doc>Click the element identified by ``locator``.</doc>
<msg timestamp="20210423 01:17:04.380" level="INFO">Clicking element 'g_helpdesk'.</msg>
<status status="PASS" starttime="20210423 01:17:04.380" endtime="20210423 01:17:04.824"/>
</kw>
<kw name="Select From List By Value" library="Selenium2Library">
<arg>g_helpdesk</arg>
<arg>107</arg>
<doc>Selects options from selection list ``locator`` by ``values``.</doc>
<msg timestamp="20210423 01:17:04.824" level="INFO">Selecting options from selection list 'g_helpdesk' by value 107.</msg>
<status status="PASS" starttime="20210423 01:17:04.824" endtime="20210423 01:17:06.071"/>
</kw>
<kw name="Input Text" library="Selenium2Library">
<arg>notify_address</arg>
<arg>aasdoikjqweiojqweiojqwe@asdpoqkweopqwke.com</arg>
<doc>Types the given ``text`` into the text field identified by ``locator``.</doc>
<msg timestamp="20210423 01:17:06.071" level="INFO">Typing text 'aasdoikjqweiojqweiojqwe@asdpoqkweopqwke.com' into text field 'notify_address'.</msg>
<status status="PASS" starttime="20210423 01:17:06.071" endtime="20210423 01:17:06.752"/>
</kw>
<kw name="Input Text" library="Selenium2Library">
<arg>message</arg>
<arg>แจ้งปัญหาการใช้งาน</arg>
<doc>Types the given ``text`` into the text field identified by ``locator``.</doc>
<msg timestamp="20210423 01:17:06.752" level="INFO">Typing text 'แจ้งปัญหาการใช้งาน' into text field 'message'.</msg>
<status status="PASS" starttime="20210423 01:17:06.752" endtime="20210423 01:17:07.411"/>
</kw>
<kw name="Choose File" library="Selenium2Library">
<arg>${pic_report}</arg>
<arg>${imgFile}</arg>
<doc>Inputs the ``file_path`` into the file input field ``locator``.</doc>
<msg timestamp="20210423 01:17:07.412" level="INFO">Sending C:\Users\Jamemhee\Desktop\robot_framework-master\แจ้งปัญหา\jett.jpg to browser.</msg>
<status status="PASS" starttime="20210423 01:17:07.411" endtime="20210423 01:17:07.836"/>
</kw>
<kw name="Input Text" library="Selenium2Library">
<arg>name</arg>
<arg>james</arg>
<doc>Types the given ``text`` into the text field identified by ``locator``.</doc>
<msg timestamp="20210423 01:17:07.836" level="INFO">Typing text 'james' into text field 'name'.</msg>
<status status="PASS" starttime="20210423 01:17:07.836" endtime="20210423 01:17:08.486"/>
</kw>
<kw name="Click Element" library="Selenium2Library">
<arg>type_code</arg>
<doc>Click the element identified by ``locator``.</doc>
<msg timestamp="20210423 01:17:08.486" level="INFO">Clicking element 'type_code'.</msg>
<status status="PASS" starttime="20210423 01:17:08.486" endtime="20210423 01:17:08.919"/>
</kw>
<kw name="Sleep" library="BuiltIn">
<arg>4.5</arg>
<doc>Pauses the test executed for the given time.</doc>
<msg timestamp="20210423 01:17:13.419" level="INFO">Slept 4 seconds 500 milliseconds</msg>
<status status="PASS" starttime="20210423 01:17:08.919" endtime="20210423 01:17:13.419"/>
</kw>
<kw name="Click Element" library="Selenium2Library">
<arg>except_privacy_policy</arg>
<doc>Click the element identified by ``locator``.</doc>
<msg timestamp="20210423 01:17:13.420" level="INFO">Clicking element 'except_privacy_policy'.</msg>
<status status="PASS" starttime="20210423 01:17:13.419" endtime="20210423 01:17:13.852"/>
</kw>
<kw name="Click Element" library="Selenium2Library">
<arg>submit</arg>
<doc>Click the element identified by ``locator``.</doc>
<msg timestamp="20210423 01:17:13.852" level="INFO">Clicking element 'submit'.</msg>
<status status="PASS" starttime="20210423 01:17:13.852" endtime="20210423 01:17:14.291"/>
</kw>
<kw name="Close Browser" library="Selenium2Library" type="TEARDOWN">
<doc>Closes the current browser.</doc>
<status status="PASS" starttime="20210423 01:17:14.291" endtime="20210423 01:17:16.530"/>
</kw>
<status status="PASS" starttime="20210423 01:17:02.689" endtime="20210423 01:17:16.530"/>
</test>
<test id="s1-t9" name="TC08 - ไม่ใส่ Captcha ที่ระบบให้มา (test to fail)">
<kw name="Open Web Site Pantipmarket On Browser" type="SETUP">
<kw name="Set Selenium Speed" library="Selenium2Library">
<arg>0.2 seconds</arg>
<doc>Sets the delay that is waited after each Selenium command.</doc>
<status status="PASS" starttime="20210423 01:17:16.533" endtime="20210423 01:17:16.534"/>
</kw>
<kw name="Open Browser" library="Selenium2Library">
<arg>url=http://www.pantip.com/members/helpdesk/market.php</arg>
<arg>browser=chrome</arg>
<doc>Opens a new browser instance to the optional ``url``.</doc>
<msg timestamp="20210423 01:17:16.534" level="INFO">Opening browser 'chrome' to base url 'http://www.pantip.com/members/helpdesk/market.php'.</msg>
<status status="PASS" starttime="20210423 01:17:16.534" endtime="20210423 01:17:17.911"/>
</kw>
<kw name="Maximize Browser Window" library="Selenium2Library">
<doc>Maximizes current browser window.</doc>
<status status="PASS" starttime="20210423 01:17:17.911" endtime="20210423 01:17:18.222"/>
</kw>
<status status="PASS" starttime="20210423 01:17:16.533" endtime="20210423 01:17:18.222"/>
</kw>
<kw name="Click Element" library="Selenium2Library">
<arg>g_helpdesk</arg>
<doc>Click the element identified by ``locator``.</doc>
<msg timestamp="20210423 01:17:18.223" level="INFO">Clicking element 'g_helpdesk'.</msg>
<status status="PASS" starttime="20210423 01:17:18.222" endtime="20210423 01:17:18.665"/>
</kw>
<kw name="Select From List By Value" library="Selenium2Library">
<arg>g_helpdesk</arg>
<arg>107</arg>
<doc>Selects options from selection list ``locator`` by ``values``.</doc>
<msg timestamp="20210423 01:17:18.665" level="INFO">Selecting options from selection list 'g_helpdesk' by value 107.</msg>
<status status="PASS" starttime="20210423 01:17:18.665" endtime="20210423 01:17:19.909"/>
</kw>
<kw name="Input Text" library="Selenium2Library">
<arg>notify_address</arg>
<arg>asdasd@gmail.com</arg>
<doc>Types the given ``text`` into the text field identified by ``locator``.</doc>
<msg timestamp="20210423 01:17:19.909" level="INFO">Typing text 'asdasd@gmail.com' into text field 'notify_address'.</msg>
<status status="PASS" starttime="20210423 01:17:19.909" endtime="20210423 01:17:20.576"/>
</kw>
<kw name="Input Text" library="Selenium2Library">
<arg>message</arg>
<arg>แจ้งปัญหาการใช้งาน</arg>
<doc>Types the given ``text`` into the text field identified by ``locator``.</doc>
<msg timestamp="20210423 01:17:20.576" level="INFO">Typing text 'แจ้งปัญหาการใช้งาน' into text field 'message'.</msg>
<status status="PASS" starttime="20210423 01:17:20.576" endtime="20210423 01:17:21.231"/>
</kw>
<kw name="Choose File" library="Selenium2Library">
<arg>${pic_report}</arg>
<arg>${imgFile}</arg>
<doc>Inputs the ``file_path`` into the file input field ``locator``.</doc>
<msg timestamp="20210423 01:17:21.231" level="INFO">Sending C:\Users\Jamemhee\Desktop\robot_framework-master\แจ้งปัญหา\jett.jpg to browser.</msg>
<status status="PASS" starttime="20210423 01:17:21.231" endtime="20210423 01:17:21.655"/>
</kw>
<kw name="Input Text" library="Selenium2Library">
<arg>name</arg>
<arg>james</arg>
<doc>Types the given ``text`` into the text field identified by ``locator``.</doc>
<msg timestamp="20210423 01:17:21.655" level="INFO">Typing text 'james' into text field 'name'.</msg>
<status status="PASS" starttime="20210423 01:17:21.655" endtime="20210423 01:17:22.304"/>
</kw>
<kw name="Click Element" library="Selenium2Library">
<arg>except_privacy_policy</arg>
<doc>Click the element identified by ``locator``.</doc>
<msg timestamp="20210423 01:17:22.304" level="INFO">Clicking element 'except_privacy_policy'.</msg>
<status status="PASS" starttime="20210423 01:17:22.304" endtime="20210423 01:17:22.733"/>
</kw>
<kw name="Click Element" library="Selenium2Library">
<arg>submit</arg>
<doc>Click the element identified by ``locator``.</doc>
<msg timestamp="20210423 01:17:22.733" level="INFO">Clicking element 'submit'.</msg>
<status status="PASS" starttime="20210423 01:17:22.733" endtime="20210423 01:17:23.172"/>
</kw>
<kw name="Close Browser" library="Selenium2Library" type="TEARDOWN">
<doc>Closes the current browser.</doc>
<status status="PASS" starttime="20210423 01:17:23.172" endtime="20210423 01:17:25.414"/>
</kw>
<status status="PASS" starttime="20210423 01:17:16.531" endtime="20210423 01:17:25.414"/>
</test>
<test id="s1-t10" name="TC09 - กรอก Captcha ให้ผิดที่ระบบกำหนด (test to fail)">
<kw name="Open Web Site Pantipmarket On Browser" type="SETUP">
<kw name="Set Selenium Speed" library="Selenium2Library">
<arg>0.2 seconds</arg>
<doc>Sets the delay that is waited after each Selenium command.</doc>
<status status="PASS" starttime="20210423 01:17:25.417" endtime="20210423 01:17:25.417"/>
</kw>
<kw name="Open Browser" library="Selenium2Library">
<arg>url=http://www.pantip.com/members/helpdesk/market.php</arg>
<arg>browser=chrome</arg>
<doc>Opens a new browser instance to the optional ``url``.</doc>
<msg timestamp="20210423 01:17:25.418" level="INFO">Opening browser 'chrome' to base url 'http://www.pantip.com/members/helpdesk/market.php'.</msg>
<status status="PASS" starttime="20210423 01:17:25.417" endtime="20210423 01:17:26.782"/>
</kw>
<kw name="Maximize Browser Window" library="Selenium2Library">
<doc>Maximizes current browser window.</doc>
<status status="PASS" starttime="20210423 01:17:26.782" endtime="20210423 01:17:27.093"/>
</kw>
<status status="PASS" starttime="20210423 01:17:25.417" endtime="20210423 01:17:27.093"/>
</kw>
<kw name="Click Element" library="Selenium2Library">
<arg>g_helpdesk</arg>
<doc>Click the element identified by ``locator``.</doc>
<msg timestamp="20210423 01:17:27.093" level="INFO">Clicking element 'g_helpdesk'.</msg>
<status status="PASS" starttime="20210423 01:17:27.093" endtime="20210423 01:17:27.536"/>
</kw>
<kw name="Select From List By Value" library="Selenium2Library">
<arg>g_helpdesk</arg>
<arg>107</arg>
<doc>Selects options from selection list ``locator`` by ``values``.</doc>
<msg timestamp="20210423 01:17:27.537" level="INFO">Selecting options from selection list 'g_helpdesk' by value 107.</msg>
<status status="PASS" starttime="20210423 01:17:27.536" endtime="20210423 01:17:28.783"/>
</kw>
<kw name="Input Text" library="Selenium2Library">
<arg>notify_address</arg>
<arg>asdasd@gmail.com</arg>
<doc>Types the given ``text`` into the text field identified by ``locator``.</doc>
<msg timestamp="20210423 01:17:28.783" level="INFO">Typing text 'asdasd@gmail.com' into text field 'notify_address'.</msg>
<status status="PASS" starttime="20210423 01:17:28.783" endtime="20210423 01:17:29.452"/>
</kw>
<kw name="Input Text" library="Selenium2Library">
<arg>message</arg>
<arg>แจ้งปัญหาการใช้งาน</arg>
<doc>Types the given ``text`` into the text field identified by ``locator``.</doc>
<msg timestamp="20210423 01:17:29.452" level="INFO">Typing text 'แจ้งปัญหาการใช้งาน' into text field 'message'.</msg>
<status status="PASS" starttime="20210423 01:17:29.452" endtime="20210423 01:17:30.108"/>
</kw>
<kw name="Choose File" library="Selenium2Library">
<arg>${pic_report}</arg>
<arg>${imgFile}</arg>
<doc>Inputs the ``file_path`` into the file input field ``locator``.</doc>
<msg timestamp="20210423 01:17:30.109" level="INFO">Sending C:\Users\Jamemhee\Desktop\robot_framework-master\แจ้งปัญหา\jett.jpg to browser.</msg>
<status status="PASS" starttime="20210423 01:17:30.108" endtime="20210423 01:17:30.534"/>
</kw>
<kw name="Input Text" library="Selenium2Library">
<arg>name</arg>
<arg>james</arg>
<doc>Types the given ``text`` into the text field identified by ``locator``.</doc>
<msg timestamp="20210423 01:17:30.534" level="INFO">Typing text 'james' into text field 'name'.</msg>
<status status="PASS" starttime="20210423 01:17:30.534" endtime="20210423 01:17:31.185"/>
</kw>
<kw name="Input Text" library="Selenium2Library">
<arg>type_code</arg>
<arg>222</arg>
<doc>Types the given ``text`` into the text field identified by ``locator``.</doc>
<msg timestamp="20210423 01:17:31.185" level="INFO">Typing text '222' into text field 'type_code'.</msg>
<status status="PASS" starttime="20210423 01:17:31.185" endtime="20210423 01:17:31.837"/>
</kw>
<kw name="Click Element" library="Selenium2Library">
<arg>except_privacy_policy</arg>
<doc>Click the element identified by ``locator``.</doc>
<msg timestamp="20210423 01:17:31.837" level="INFO">Clicking element 'except_privacy_policy'.</msg>
<status status="PASS" starttime="20210423 01:17:31.837" endtime="20210423 01:17:32.269"/>
</kw>
<kw name="Click Element" library="Selenium2Library">
<arg>submit</arg>
<doc>Click the element identified by ``locator``.</doc>
<msg timestamp="20210423 01:17:32.270" level="INFO">Clicking element 'submit'.</msg>
<status status="PASS" starttime="20210423 01:17:32.269" endtime="20210423 01:17:32.712"/>
</kw>
<kw name="Close Browser" library="Selenium2Library" type="TEARDOWN">
<doc>Closes the current browser.</doc>
<status status="PASS" starttime="20210423 01:17:32.712" endtime="20210423 01:17:34.952"/>
</kw>
<status status="PASS" starttime="20210423 01:17:25.415" endtime="20210423 01:17:34.952"/>
</test>
<status status="PASS" starttime="20210423 01:15:26.781" endtime="20210423 01:17:34.954"/>
</suite>
<statistics>
<total>
<stat pass="10" fail="0" skip="0">All Tests</stat>
</total>
<tag>
</tag>
<suite>
<stat pass="10" fail="0" skip="0" id="s1" name="Report">Report</stat>
</suite>
</statistics>
<errors>
</errors>
</robot>
