<?xml version="1.0" encoding="UTF-8"?>
<robot generator="Robot 4.0 (Python 3.9.2 on darwin)" generated="20210418 15:43:59.327" rpa="false" schemaversion="2">
<suite id="s1" name="Login" source="/Users/puntakarnkaewsanghan/Desktop/Git/robot_framework/เข้าสู่ระบบ/Login.robot">
<test id="s1-t1" name="TC01 - ไม่กรอกข้อมูลแล้วกดปุ่ม Login (test to fail)">
<kw name="Open Web Site Pantipmarket On Browser" type="SETUP">
<kw name="Open Browser" library="Selenium2Library">
<arg>url=https://www.pantipmarket.com</arg>
<arg>browser=safari</arg>
<doc>Opens a new browser instance to the optional ``url``.</doc>
<msg timestamp="20210418 15:43:59.429" level="INFO">Opening browser 'safari' to base url 'https://www.pantipmarket.com'.</msg>
<status status="PASS" starttime="20210418 15:43:59.429" endtime="20210418 15:44:03.757"/>
</kw>
<kw name="Maximize Browser Window" library="Selenium2Library">
<doc>Maximizes current browser window.</doc>
<status status="PASS" starttime="20210418 15:44:03.758" endtime="20210418 15:44:03.774"/>
</kw>
<kw name="Wait Until Page Contains" library="Selenium2Library">
<arg>ข่าวสารและกิจกรรม</arg>
<doc>Waits until ``text`` appears on the current page.</doc>
<status status="PASS" starttime="20210418 15:44:03.774" endtime="20210418 15:44:03.813"/>
</kw>
<kw name="Mouse Down On Link" library="Selenium2Library">
<arg>javascript:void(0);</arg>
<doc>Simulates a mouse down event on a link identified by ``locator``.</doc>
<status status="PASS" starttime="20210418 15:44:03.813" endtime="20210418 15:44:04.334"/>
</kw>
<status status="PASS" starttime="20210418 15:43:59.428" endtime="20210418 15:44:04.335"/>
</kw>
<kw name="Click Button" library="Selenium2Library">
<arg>login_popup_btn</arg>
<doc>Clicks the button identified by ``locator``.</doc>
<msg timestamp="20210418 15:44:04.338" level="INFO">Clicking button 'login_popup_btn'.</msg>
<status status="PASS" starttime="20210418 15:44:04.336" endtime="20210418 15:44:04.396"/>
</kw>
<kw name="Alert Should Be Present" library="Selenium2Library">
<arg>กรุณากรอก "Username" ด้วยค่ะ</arg>
<doc>Verifies that an alert is present and by default, accepts it.</doc>
<msg timestamp="20210418 15:44:04.397" level="INFO">HANDLE::&lt;class 'NoneType'&gt;::None</msg>
<status status="PASS" starttime="20210418 15:44:04.396" endtime="20210418 15:44:04.413"/>
</kw>
<kw name="Close Browser" library="Selenium2Library" type="TEARDOWN">
<doc>Closes the current browser.</doc>
<status status="PASS" starttime="20210418 15:44:04.413" endtime="20210418 15:44:04.438"/>
</kw>
<status status="PASS" starttime="20210418 15:43:59.427" endtime="20210418 15:44:04.438"/>
</test>
<test id="s1-t2" name="TC02 - กรอกชื่อผู้ใช้และรหัสผ่านที่เป็นภาษาไทยแล้วกดปุ่ม Login (test to fail)">
<kw name="Open Web Site Pantipmarket On Browser" type="SETUP">
<kw name="Open Browser" library="Selenium2Library">
<arg>url=https://www.pantipmarket.com</arg>
<arg>browser=safari</arg>
<doc>Opens a new browser instance to the optional ``url``.</doc>
<msg timestamp="20210418 15:44:04.443" level="INFO">Opening browser 'safari' to base url 'https://www.pantipmarket.com'.</msg>
<status status="PASS" starttime="20210418 15:44:04.443" endtime="20210418 15:44:08.547"/>
</kw>
<kw name="Maximize Browser Window" library="Selenium2Library">
<doc>Maximizes current browser window.</doc>
<status status="PASS" starttime="20210418 15:44:08.548" endtime="20210418 15:44:08.561"/>
</kw>
<kw name="Wait Until Page Contains" library="Selenium2Library">
<arg>ข่าวสารและกิจกรรม</arg>
<doc>Waits until ``text`` appears on the current page.</doc>
<status status="PASS" starttime="20210418 15:44:08.562" endtime="20210418 15:44:08.572"/>
</kw>
<kw name="Mouse Down On Link" library="Selenium2Library">
<arg>javascript:void(0);</arg>
<doc>Simulates a mouse down event on a link identified by ``locator``.</doc>
<status status="PASS" starttime="20210418 15:44:08.573" endtime="20210418 15:44:09.090"/>
</kw>
<status status="PASS" starttime="20210418 15:44:04.442" endtime="20210418 15:44:09.091"/>
</kw>
<kw name="Input Text" library="Selenium2Library">
<arg>username</arg>
<arg>สมชาติหล่อดี</arg>
<doc>Types the given ``text`` into the text field identified by ``locator``.</doc>
<msg timestamp="20210418 15:44:09.092" level="INFO">Typing text 'สมชาติหล่อดี' into text field 'username'.</msg>
<status status="PASS" starttime="20210418 15:44:09.091" endtime="20210418 15:44:09.276"/>
</kw>
<kw name="Input Password" library="Selenium2Library">
<arg>password</arg>
<arg>จอร์นชาวไร่</arg>
<doc>Types the given password into the text field identified by ``locator``.</doc>
<msg timestamp="20210418 15:44:09.277" level="INFO">Typing password into text field 'password'.</msg>
<msg timestamp="20210418 15:44:09.311" level="INFO">Temporally setting log level to: NONE</msg>
<msg timestamp="20210418 15:44:09.491" level="INFO">Log level changed from NONE to INFO.</msg>
<status status="PASS" starttime="20210418 15:44:09.276" endtime="20210418 15:44:09.492"/>
</kw>
<kw name="Click Button" library="Selenium2Library">
<arg>login_popup_btn</arg>
<doc>Clicks the button identified by ``locator``.</doc>
<msg timestamp="20210418 15:44:09.493" level="INFO">Clicking button 'login_popup_btn'.</msg>
<status status="PASS" starttime="20210418 15:44:09.492" endtime="20210418 15:44:09.548"/>
</kw>
<kw name="Alert Should Be Present" library="Selenium2Library">
<arg>กรุณากรอก "Username" ด้วยค่ะ</arg>
<doc>Verifies that an alert is present and by default, accepts it.</doc>
<msg timestamp="20210418 15:44:09.549" level="INFO">HANDLE::&lt;class 'NoneType'&gt;::None</msg>
<status status="PASS" starttime="20210418 15:44:09.548" endtime="20210418 15:44:09.563"/>
</kw>
<kw name="Close Browser" library="Selenium2Library" type="TEARDOWN">
<doc>Closes the current browser.</doc>
<status status="PASS" starttime="20210418 15:44:09.563" endtime="20210418 15:44:09.580"/>
</kw>
<status status="PASS" starttime="20210418 15:44:04.440" endtime="20210418 15:44:09.582"/>
</test>
<test id="s1-t3" name="TC03 - กรอกชื่อผู้ใช้ผิดแต่รหัสผ่านถูกแล้วกดปุ่ม Login (test to fail)">
<kw name="Open Web Site Pantipmarket On Browser" type="SETUP">
<kw name="Open Browser" library="Selenium2Library">
<arg>url=https://www.pantipmarket.com</arg>
<arg>browser=safari</arg>
<doc>Opens a new browser instance to the optional ``url``.</doc>
<msg timestamp="20210418 15:44:09.595" level="INFO">Opening browser 'safari' to base url 'https://www.pantipmarket.com'.</msg>
<status status="PASS" starttime="20210418 15:44:09.595" endtime="20210418 15:44:13.764"/>
</kw>
<kw name="Maximize Browser Window" library="Selenium2Library">
<doc>Maximizes current browser window.</doc>
<status status="PASS" starttime="20210418 15:44:13.764" endtime="20210418 15:44:13.778"/>
</kw>
<kw name="Wait Until Page Contains" library="Selenium2Library">
<arg>ข่าวสารและกิจกรรม</arg>
<doc>Waits until ``text`` appears on the current page.</doc>
<status status="PASS" starttime="20210418 15:44:13.779" endtime="20210418 15:44:13.789"/>
</kw>
<kw name="Mouse Down On Link" library="Selenium2Library">
<arg>javascript:void(0);</arg>
<doc>Simulates a mouse down event on a link identified by ``locator``.</doc>
<status status="PASS" starttime="20210418 15:44:13.790" endtime="20210418 15:44:14.308"/>
</kw>
<status status="PASS" starttime="20210418 15:44:09.593" endtime="20210418 15:44:14.309"/>
</kw>
<kw name="Input Text" library="Selenium2Library">
<arg>username</arg>
<arg>testuser3445554</arg>
<doc>Types the given ``text`` into the text field identified by ``locator``.</doc>
<msg timestamp="20210418 15:44:14.310" level="INFO">Typing text 'testuser3445554' into text field 'username'.</msg>
<status status="PASS" starttime="20210418 15:44:14.309" endtime="20210418 15:44:14.612"/>
</kw>
<kw name="Input Password" library="Selenium2Library">
<arg>password</arg>
<arg>Testpassword1122</arg>
<doc>Types the given password into the text field identified by ``locator``.</doc>
<msg timestamp="20210418 15:44:14.613" level="INFO">Typing password into text field 'password'.</msg>
<msg timestamp="20210418 15:44:14.652" level="INFO">Temporally setting log level to: NONE</msg>
<msg timestamp="20210418 15:44:14.891" level="INFO">Log level changed from NONE to INFO.</msg>
<status status="PASS" starttime="20210418 15:44:14.612" endtime="20210418 15:44:14.892"/>
</kw>
<kw name="Click Button" library="Selenium2Library">
<arg>login_popup_btn</arg>
<doc>Clicks the button identified by ``locator``.</doc>
<msg timestamp="20210418 15:44:14.893" level="INFO">Clicking button 'login_popup_btn'.</msg>
<status status="PASS" starttime="20210418 15:44:14.892" endtime="20210418 15:44:14.944"/>
</kw>
<kw name="Wait Until Page Contains" library="Selenium2Library">
<arg>ไม่พบ Username</arg>
<doc>Waits until ``text`` appears on the current page.</doc>
<status status="PASS" starttime="20210418 15:44:14.944" endtime="20210418 15:44:15.378"/>
</kw>
<kw name="Close Browser" library="Selenium2Library" type="TEARDOWN">
<doc>Closes the current browser.</doc>
<status status="PASS" starttime="20210418 15:44:15.379" endtime="20210418 15:44:15.392"/>
</kw>
<status status="PASS" starttime="20210418 15:44:09.584" endtime="20210418 15:44:15.393"/>
</test>
<test id="s1-t4" name="TC04 - กรอกชื่อผู้ใช้ถูกแต่รหัสผ่านผิดแล้วกดปุ่ม Login (test to fail)">
<kw name="Open Web Site Pantipmarket On Browser" type="SETUP">
<kw name="Open Browser" library="Selenium2Library">
<arg>url=https://www.pantipmarket.com</arg>
<arg>browser=safari</arg>
<doc>Opens a new browser instance to the optional ``url``.</doc>
<msg timestamp="20210418 15:44:15.402" level="INFO">Opening browser 'safari' to base url 'https://www.pantipmarket.com'.</msg>
<status status="PASS" starttime="20210418 15:44:15.401" endtime="20210418 15:44:18.895"/>
</kw>
<kw name="Maximize Browser Window" library="Selenium2Library">
<doc>Maximizes current browser window.</doc>
<status status="PASS" starttime="20210418 15:44:18.895" endtime="20210418 15:44:18.908"/>
</kw>
<kw name="Wait Until Page Contains" library="Selenium2Library">
<arg>ข่าวสารและกิจกรรม</arg>
<doc>Waits until ``text`` appears on the current page.</doc>
<status status="PASS" starttime="20210418 15:44:18.908" endtime="20210418 15:44:18.919"/>
</kw>
<kw name="Mouse Down On Link" library="Selenium2Library">
<arg>javascript:void(0);</arg>
<doc>Simulates a mouse down event on a link identified by ``locator``.</doc>
<status status="PASS" starttime="20210418 15:44:18.919" endtime="20210418 15:44:19.443"/>
</kw>
<status status="PASS" starttime="20210418 15:44:15.400" endtime="20210418 15:44:19.443"/>
</kw>
<kw name="Input Text" library="Selenium2Library">
<arg>username</arg>
<arg>testuser3445555</arg>
<doc>Types the given ``text`` into the text field identified by ``locator``.</doc>
<msg timestamp="20210418 15:44:19.445" level="INFO">Typing text 'testuser3445555' into text field 'username'.</msg>
<status status="PASS" starttime="20210418 15:44:19.444" endtime="20210418 15:44:19.730"/>
</kw>
<kw name="Input Password" library="Selenium2Library">
<arg>password</arg>
<arg>Testpassword1121</arg>
<doc>Types the given password into the text field identified by ``locator``.</doc>
<msg timestamp="20210418 15:44:19.731" level="INFO">Typing password into text field 'password'.</msg>
<msg timestamp="20210418 15:44:19.800" level="INFO">Temporally setting log level to: NONE</msg>
<msg timestamp="20210418 15:44:20.042" level="INFO">Log level changed from NONE to INFO.</msg>
<status status="PASS" starttime="20210418 15:44:19.731" endtime="20210418 15:44:20.043"/>
</kw>
<kw name="Click Button" library="Selenium2Library">
<arg>login_popup_btn</arg>
<doc>Clicks the button identified by ``locator``.</doc>
<msg timestamp="20210418 15:44:20.043" level="INFO">Clicking button 'login_popup_btn'.</msg>
<status status="PASS" starttime="20210418 15:44:20.043" endtime="20210418 15:44:20.096"/>
</kw>
<kw name="Wait Until Page Contains" library="Selenium2Library">
<arg>รหัสผ่านไม่ถูกต้อง</arg>
<doc>Waits until ``text`` appears on the current page.</doc>
<status status="PASS" starttime="20210418 15:44:20.096" endtime="20210418 15:44:20.528"/>
</kw>
<kw name="Close Browser" library="Selenium2Library" type="TEARDOWN">
<doc>Closes the current browser.</doc>
<status status="PASS" starttime="20210418 15:44:20.529" endtime="20210418 15:44:20.541"/>
</kw>
<status status="PASS" starttime="20210418 15:44:15.394" endtime="20210418 15:44:20.542"/>
</test>
<test id="s1-t5" name="TC05 - กรอกชื่อผู้ใช้และรหัสถูกต้องครบถ้วนแล้วกดปุ่ม Login (test to pass)">
<kw name="Open Web Site Pantipmarket On Browser" type="SETUP">
<kw name="Open Browser" library="Selenium2Library">
<arg>url=https://www.pantipmarket.com</arg>
<arg>browser=safari</arg>
<doc>Opens a new browser instance to the optional ``url``.</doc>
<msg timestamp="20210418 15:44:20.552" level="INFO">Opening browser 'safari' to base url 'https://www.pantipmarket.com'.</msg>
<status status="PASS" starttime="20210418 15:44:20.551" endtime="20210418 15:44:23.948"/>
</kw>
<kw name="Maximize Browser Window" library="Selenium2Library">
<doc>Maximizes current browser window.</doc>
<status status="PASS" starttime="20210418 15:44:23.948" endtime="20210418 15:44:23.961"/>
</kw>
<kw name="Wait Until Page Contains" library="Selenium2Library">
<arg>ข่าวสารและกิจกรรม</arg>
<doc>Waits until ``text`` appears on the current page.</doc>
<status status="PASS" starttime="20210418 15:44:23.962" endtime="20210418 15:44:23.989"/>
</kw>
<kw name="Mouse Down On Link" library="Selenium2Library">
<arg>javascript:void(0);</arg>
<doc>Simulates a mouse down event on a link identified by ``locator``.</doc>
<status status="PASS" starttime="20210418 15:44:23.989" endtime="20210418 15:44:24.506"/>
</kw>
<status status="PASS" starttime="20210418 15:44:20.549" endtime="20210418 15:44:24.506"/>
</kw>
<kw name="Input Text" library="Selenium2Library">
<arg>username</arg>
<arg>testuser3445555</arg>
<doc>Types the given ``text`` into the text field identified by ``locator``.</doc>
<msg timestamp="20210418 15:44:24.507" level="INFO">Typing text 'testuser3445555' into text field 'username'.</msg>
<status status="PASS" starttime="20210418 15:44:24.507" endtime="20210418 15:44:24.713"/>
</kw>
<kw name="Input Password" library="Selenium2Library">
<arg>password</arg>
<arg>Testpassword1122</arg>
<doc>Types the given password into the text field identified by ``locator``.</doc>
<msg timestamp="20210418 15:44:24.714" level="INFO">Typing password into text field 'password'.</msg>
<msg timestamp="20210418 15:44:24.727" level="INFO">Temporally setting log level to: NONE</msg>
<msg timestamp="20210418 15:44:24.971" level="INFO">Log level changed from NONE to INFO.</msg>
<status status="PASS" starttime="20210418 15:44:24.714" endtime="20210418 15:44:24.972"/>
</kw>
<kw name="Click Button" library="Selenium2Library">
<arg>login_popup_btn</arg>
<doc>Clicks the button identified by ``locator``.</doc>
<msg timestamp="20210418 15:44:24.972" level="INFO">Clicking button 'login_popup_btn'.</msg>
<status status="PASS" starttime="20210418 15:44:24.972" endtime="20210418 15:44:25.022"/>
</kw>
<kw name="Wait Until Page Contains" library="Selenium2Library">
<arg>ยินดีต้อนรับคุณ</arg>
<doc>Waits until ``text`` appears on the current page.</doc>
<status status="PASS" starttime="20210418 15:44:25.022" endtime="20210418 15:44:25.317"/>
</kw>
<kw name="Close Browser" library="Selenium2Library" type="TEARDOWN">
<doc>Closes the current browser.</doc>
<status status="PASS" starttime="20210418 15:44:25.318" endtime="20210418 15:44:25.332"/>
</kw>
<status status="PASS" starttime="20210418 15:44:20.543" endtime="20210418 15:44:25.332"/>
</test>
<status status="PASS" starttime="20210418 15:43:59.327" endtime="20210418 15:44:25.338"/>
</suite>
<statistics>
<total>
<stat pass="5" fail="0" skip="0">All Tests</stat>
</total>
<tag>
</tag>
<suite>
<stat pass="5" fail="0" skip="0" id="s1" name="Login">Login</stat>
</suite>
</statistics>
<errors>
</errors>
</robot>
