<?xml version="1.0" encoding="UTF-8"?>
<robot generator="Robot 4.0 (Python 3.9.2 on darwin)" generated="20210421 11:25:47.554" rpa="false" schemaversion="2">
<suite id="s1" name="Login" source="/Users/puntakarnkaewsanghan/Desktop/Git/robot_framework/เข้าสู่ระบบ/Login.robot">
<test id="s1-t1" name="TC01 - ไม่กรอกข้อมูลแล้วกดปุ่ม Login (test to fail)">
<kw name="Open Web Site Pantipmarket On Browser" type="SETUP">
<kw name="Open Browser" library="Selenium2Library">
<arg>url=https://www.pantipmarket.com</arg>
<arg>browser=safari</arg>
<doc>Opens a new browser instance to the optional ``url``.</doc>
<msg timestamp="20210421 11:25:47.775" level="INFO">Opening browser 'safari' to base url 'https://www.pantipmarket.com'.</msg>
<status status="PASS" starttime="20210421 11:25:47.775" endtime="20210421 11:25:51.366"/>
</kw>
<kw name="Maximize Browser Window" library="Selenium2Library">
<doc>Maximizes current browser window.</doc>
<status status="PASS" starttime="20210421 11:25:51.367" endtime="20210421 11:25:51.394"/>
</kw>
<kw name="Wait Until Page Contains" library="Selenium2Library">
<arg>ข่าวสารและกิจกรรม</arg>
<doc>Waits until ``text`` appears on the current page.</doc>
<status status="PASS" starttime="20210421 11:25:51.395" endtime="20210421 11:25:51.440"/>
</kw>
<kw name="Mouse Down On Link" library="Selenium2Library">
<arg>javascript:void(0);</arg>
<doc>Simulates a mouse down event on a link identified by ``locator``.</doc>
<status status="PASS" starttime="20210421 11:25:51.441" endtime="20210421 11:25:51.958"/>
</kw>
<status status="PASS" starttime="20210421 11:25:47.775" endtime="20210421 11:25:51.959"/>
</kw>
<kw name="Click Button" library="Selenium2Library">
<arg>login_popup_btn</arg>
<doc>Clicks the button identified by ``locator``.</doc>
<msg timestamp="20210421 11:25:51.960" level="INFO">Clicking button 'login_popup_btn'.</msg>
<status status="PASS" starttime="20210421 11:25:51.959" endtime="20210421 11:25:52.034"/>
</kw>
<kw name="Alert Should Be Present" library="Selenium2Library">
<arg>กรุณากรอก "Username" ด้วยค่ะ</arg>
<doc>Verifies that an alert is present and by default, accepts it.</doc>
<msg timestamp="20210421 11:25:52.035" level="INFO">HANDLE::&lt;class 'NoneType'&gt;::None</msg>
<status status="PASS" starttime="20210421 11:25:52.034" endtime="20210421 11:25:52.049"/>
</kw>
<kw name="Close Browser" library="Selenium2Library" type="TEARDOWN">
<doc>Closes the current browser.</doc>
<status status="PASS" starttime="20210421 11:25:52.050" endtime="20210421 11:25:52.075"/>
</kw>
<status status="PASS" starttime="20210421 11:25:47.774" endtime="20210421 11:25:52.075"/>
</test>
<test id="s1-t2" name="TC02 - กรอกชื่อผู้ใช้และรหัสผ่านที่เป็นภาษาไทยแล้วกดปุ่ม Login (test to fail)">
<kw name="Open Web Site Pantipmarket On Browser" type="SETUP">
<kw name="Open Browser" library="Selenium2Library">
<arg>url=https://www.pantipmarket.com</arg>
<arg>browser=safari</arg>
<doc>Opens a new browser instance to the optional ``url``.</doc>
<msg timestamp="20210421 11:25:52.079" level="INFO">Opening browser 'safari' to base url 'https://www.pantipmarket.com'.</msg>
<status status="PASS" starttime="20210421 11:25:52.078" endtime="20210421 11:25:55.221"/>
</kw>
<kw name="Maximize Browser Window" library="Selenium2Library">
<doc>Maximizes current browser window.</doc>
<status status="PASS" starttime="20210421 11:25:55.222" endtime="20210421 11:25:55.235"/>
</kw>
<kw name="Wait Until Page Contains" library="Selenium2Library">
<arg>ข่าวสารและกิจกรรม</arg>
<doc>Waits until ``text`` appears on the current page.</doc>
<status status="PASS" starttime="20210421 11:25:55.235" endtime="20210421 11:25:55.246"/>
</kw>
<kw name="Mouse Down On Link" library="Selenium2Library">
<arg>javascript:void(0);</arg>
<doc>Simulates a mouse down event on a link identified by ``locator``.</doc>
<status status="PASS" starttime="20210421 11:25:55.247" endtime="20210421 11:25:55.763"/>
</kw>
<status status="PASS" starttime="20210421 11:25:52.078" endtime="20210421 11:25:55.764"/>
</kw>
<kw name="Input Text" library="Selenium2Library">
<arg>username</arg>
<arg>สมชาติหล่อดี</arg>
<doc>Types the given ``text`` into the text field identified by ``locator``.</doc>
<msg timestamp="20210421 11:25:55.765" level="INFO">Typing text 'สมชาติหล่อดี' into text field 'username'.</msg>
<status status="PASS" starttime="20210421 11:25:55.764" endtime="20210421 11:25:55.928"/>
</kw>
<kw name="Input Password" library="Selenium2Library">
<arg>password</arg>
<arg>จอร์นชาวไร่</arg>
<doc>Types the given password into the text field identified by ``locator``.</doc>
<msg timestamp="20210421 11:25:55.929" level="INFO">Typing password into text field 'password'.</msg>
<msg timestamp="20210421 11:25:55.963" level="INFO">Temporally setting log level to: NONE</msg>
<msg timestamp="20210421 11:25:56.128" level="INFO">Log level changed from NONE to INFO.</msg>
<status status="PASS" starttime="20210421 11:25:55.928" endtime="20210421 11:25:56.129"/>
</kw>
<kw name="Click Button" library="Selenium2Library">
<arg>login_popup_btn</arg>
<doc>Clicks the button identified by ``locator``.</doc>
<msg timestamp="20210421 11:25:56.130" level="INFO">Clicking button 'login_popup_btn'.</msg>
<status status="PASS" starttime="20210421 11:25:56.129" endtime="20210421 11:25:56.182"/>
</kw>
<kw name="Alert Should Be Present" library="Selenium2Library">
<arg>กรุณากรอก "Username" ด้วยค่ะ</arg>
<doc>Verifies that an alert is present and by default, accepts it.</doc>
<msg timestamp="20210421 11:25:56.183" level="INFO">HANDLE::&lt;class 'NoneType'&gt;::None</msg>
<status status="PASS" starttime="20210421 11:25:56.182" endtime="20210421 11:25:56.196"/>
</kw>
<kw name="Close Browser" library="Selenium2Library" type="TEARDOWN">
<doc>Closes the current browser.</doc>
<status status="PASS" starttime="20210421 11:25:56.197" endtime="20210421 11:25:56.211"/>
</kw>
<status status="PASS" starttime="20210421 11:25:52.076" endtime="20210421 11:25:56.212"/>
</test>
<test id="s1-t3" name="TC03 - กรอกชื่อผู้ใช้ผิดแต่รหัสผ่านถูกแล้วกดปุ่ม Login (test to fail)">
<kw name="Open Web Site Pantipmarket On Browser" type="SETUP">
<kw name="Open Browser" library="Selenium2Library">
<arg>url=https://www.pantipmarket.com</arg>
<arg>browser=safari</arg>
<doc>Opens a new browser instance to the optional ``url``.</doc>
<msg timestamp="20210421 11:25:56.221" level="INFO">Opening browser 'safari' to base url 'https://www.pantipmarket.com'.</msg>
<status status="PASS" starttime="20210421 11:25:56.220" endtime="20210421 11:25:59.667"/>
</kw>
<kw name="Maximize Browser Window" library="Selenium2Library">
<doc>Maximizes current browser window.</doc>
<status status="PASS" starttime="20210421 11:25:59.667" endtime="20210421 11:25:59.693"/>
</kw>
<kw name="Wait Until Page Contains" library="Selenium2Library">
<arg>ข่าวสารและกิจกรรม</arg>
<doc>Waits until ``text`` appears on the current page.</doc>
<status status="PASS" starttime="20210421 11:25:59.693" endtime="20210421 11:25:59.744"/>
</kw>
<kw name="Mouse Down On Link" library="Selenium2Library">
<arg>javascript:void(0);</arg>
<doc>Simulates a mouse down event on a link identified by ``locator``.</doc>
<status status="PASS" starttime="20210421 11:25:59.744" endtime="20210421 11:26:00.262"/>
</kw>
<status status="PASS" starttime="20210421 11:25:56.219" endtime="20210421 11:26:00.262"/>
</kw>
<kw name="Input Text" library="Selenium2Library">
<arg>username</arg>
<arg>testuser3445554</arg>
<doc>Types the given ``text`` into the text field identified by ``locator``.</doc>
<msg timestamp="20210421 11:26:00.264" level="INFO">Typing text 'testuser3445554' into text field 'username'.</msg>
<status status="PASS" starttime="20210421 11:26:00.263" endtime="20210421 11:26:00.515"/>
</kw>
<kw name="Input Password" library="Selenium2Library">
<arg>password</arg>
<arg>Testpassword1122</arg>
<doc>Types the given password into the text field identified by ``locator``.</doc>
<msg timestamp="20210421 11:26:00.516" level="INFO">Typing password into text field 'password'.</msg>
<msg timestamp="20210421 11:26:00.539" level="INFO">Temporally setting log level to: NONE</msg>
<msg timestamp="20210421 11:26:00.828" level="INFO">Log level changed from NONE to INFO.</msg>
<status status="PASS" starttime="20210421 11:26:00.515" endtime="20210421 11:26:00.828"/>
</kw>
<kw name="Click Button" library="Selenium2Library">
<arg>login_popup_btn</arg>
<doc>Clicks the button identified by ``locator``.</doc>
<msg timestamp="20210421 11:26:00.829" level="INFO">Clicking button 'login_popup_btn'.</msg>
<status status="PASS" starttime="20210421 11:26:00.829" endtime="20210421 11:26:00.867"/>
</kw>
<kw name="Wait Until Page Contains" library="Selenium2Library">
<arg>ไม่พบ Username</arg>
<doc>Waits until ``text`` appears on the current page.</doc>
<status status="PASS" starttime="20210421 11:26:00.867" endtime="20210421 11:26:02.477"/>
</kw>
<kw name="Close Browser" library="Selenium2Library" type="TEARDOWN">
<doc>Closes the current browser.</doc>
<status status="PASS" starttime="20210421 11:26:02.478" endtime="20210421 11:26:02.496"/>
</kw>
<status status="PASS" starttime="20210421 11:25:56.213" endtime="20210421 11:26:02.496"/>
</test>
<test id="s1-t4" name="TC04 - กรอกชื่อผู้ใช้ถูกแต่รหัสผ่านผิดแล้วกดปุ่ม Login (test to fail)">
<kw name="Open Web Site Pantipmarket On Browser" type="SETUP">
<kw name="Open Browser" library="Selenium2Library">
<arg>url=https://www.pantipmarket.com</arg>
<arg>browser=safari</arg>
<doc>Opens a new browser instance to the optional ``url``.</doc>
<msg timestamp="20210421 11:26:02.505" level="INFO">Opening browser 'safari' to base url 'https://www.pantipmarket.com'.</msg>
<status status="PASS" starttime="20210421 11:26:02.504" endtime="20210421 11:26:05.810"/>
</kw>
<kw name="Maximize Browser Window" library="Selenium2Library">
<doc>Maximizes current browser window.</doc>
<status status="PASS" starttime="20210421 11:26:05.810" endtime="20210421 11:26:05.820"/>
</kw>
<kw name="Wait Until Page Contains" library="Selenium2Library">
<arg>ข่าวสารและกิจกรรม</arg>
<doc>Waits until ``text`` appears on the current page.</doc>
<status status="PASS" starttime="20210421 11:26:05.820" endtime="20210421 11:26:05.867"/>
</kw>
<kw name="Mouse Down On Link" library="Selenium2Library">
<arg>javascript:void(0);</arg>
<doc>Simulates a mouse down event on a link identified by ``locator``.</doc>
<status status="PASS" starttime="20210421 11:26:05.867" endtime="20210421 11:26:06.387"/>
</kw>
<status status="PASS" starttime="20210421 11:26:02.504" endtime="20210421 11:26:06.387"/>
</kw>
<kw name="Input Text" library="Selenium2Library">
<arg>username</arg>
<arg>testuser3445555</arg>
<doc>Types the given ``text`` into the text field identified by ``locator``.</doc>
<msg timestamp="20210421 11:26:06.389" level="INFO">Typing text 'testuser3445555' into text field 'username'.</msg>
<status status="PASS" starttime="20210421 11:26:06.388" endtime="20210421 11:26:06.643"/>
</kw>
<kw name="Input Password" library="Selenium2Library">
<arg>password</arg>
<arg>Testpassword1121</arg>
<doc>Types the given password into the text field identified by ``locator``.</doc>
<msg timestamp="20210421 11:26:06.644" level="INFO">Typing password into text field 'password'.</msg>
<msg timestamp="20210421 11:26:06.667" level="INFO">Temporally setting log level to: NONE</msg>
<msg timestamp="20210421 11:26:06.941" level="INFO">Log level changed from NONE to INFO.</msg>
<status status="PASS" starttime="20210421 11:26:06.644" endtime="20210421 11:26:06.942"/>
</kw>
<kw name="Click Button" library="Selenium2Library">
<arg>login_popup_btn</arg>
<doc>Clicks the button identified by ``locator``.</doc>
<msg timestamp="20210421 11:26:06.942" level="INFO">Clicking button 'login_popup_btn'.</msg>
<status status="PASS" starttime="20210421 11:26:06.942" endtime="20210421 11:26:06.992"/>
</kw>
<kw name="Wait Until Page Contains" library="Selenium2Library">
<arg>รหัสผ่านไม่ถูกต้อง</arg>
<doc>Waits until ``text`` appears on the current page.</doc>
<status status="PASS" starttime="20210421 11:26:06.992" endtime="20210421 11:26:07.669"/>
</kw>
<kw name="Close Browser" library="Selenium2Library" type="TEARDOWN">
<doc>Closes the current browser.</doc>
<status status="PASS" starttime="20210421 11:26:07.669" endtime="20210421 11:26:07.679"/>
</kw>
<status status="PASS" starttime="20210421 11:26:02.498" endtime="20210421 11:26:07.679"/>
</test>
<test id="s1-t5" name="TC05 - กรอกชื่อผู้ใช้และรหัสถูกต้องครบถ้วนแล้วกดปุ่ม Login (test to pass)">
<kw name="Open Web Site Pantipmarket On Browser" type="SETUP">
<kw name="Open Browser" library="Selenium2Library">
<arg>url=https://www.pantipmarket.com</arg>
<arg>browser=safari</arg>
<doc>Opens a new browser instance to the optional ``url``.</doc>
<msg timestamp="20210421 11:26:07.691" level="INFO">Opening browser 'safari' to base url 'https://www.pantipmarket.com'.</msg>
<status status="PASS" starttime="20210421 11:26:07.690" endtime="20210421 11:26:10.865"/>
</kw>
<kw name="Maximize Browser Window" library="Selenium2Library">
<doc>Maximizes current browser window.</doc>
<status status="PASS" starttime="20210421 11:26:10.866" endtime="20210421 11:26:10.885"/>
</kw>
<kw name="Wait Until Page Contains" library="Selenium2Library">
<arg>ข่าวสารและกิจกรรม</arg>
<doc>Waits until ``text`` appears on the current page.</doc>
<status status="PASS" starttime="20210421 11:26:10.885" endtime="20210421 11:26:10.939"/>
</kw>
<kw name="Mouse Down On Link" library="Selenium2Library">
<arg>javascript:void(0);</arg>
<doc>Simulates a mouse down event on a link identified by ``locator``.</doc>
<status status="PASS" starttime="20210421 11:26:10.940" endtime="20210421 11:26:11.456"/>
</kw>
<status status="PASS" starttime="20210421 11:26:07.688" endtime="20210421 11:26:11.456"/>
</kw>
<kw name="Input Text" library="Selenium2Library">
<arg>username</arg>
<arg>testuser3445555</arg>
<doc>Types the given ``text`` into the text field identified by ``locator``.</doc>
<msg timestamp="20210421 11:26:11.458" level="INFO">Typing text 'testuser3445555' into text field 'username'.</msg>
<status status="PASS" starttime="20210421 11:26:11.457" endtime="20210421 11:26:11.760"/>
</kw>
<kw name="Input Password" library="Selenium2Library">
<arg>password</arg>
<arg>Testpassword1122</arg>
<doc>Types the given password into the text field identified by ``locator``.</doc>
<msg timestamp="20210421 11:26:11.761" level="INFO">Typing password into text field 'password'.</msg>
<msg timestamp="20210421 11:26:11.779" level="INFO">Temporally setting log level to: NONE</msg>
<msg timestamp="20210421 11:26:12.042" level="INFO">Log level changed from NONE to INFO.</msg>
<status status="PASS" starttime="20210421 11:26:11.760" endtime="20210421 11:26:12.042"/>
</kw>
<kw name="Click Button" library="Selenium2Library">
<arg>login_popup_btn</arg>
<doc>Clicks the button identified by ``locator``.</doc>
<msg timestamp="20210421 11:26:12.043" level="INFO">Clicking button 'login_popup_btn'.</msg>
<status status="PASS" starttime="20210421 11:26:12.043" endtime="20210421 11:26:12.108"/>
</kw>
<kw name="Wait Until Page Contains" library="Selenium2Library">
<arg>ยินดีต้อนรับคุณ</arg>
<doc>Waits until ``text`` appears on the current page.</doc>
<status status="PASS" starttime="20210421 11:26:12.108" endtime="20210421 11:26:12.551"/>
</kw>
<kw name="Close Browser" library="Selenium2Library" type="TEARDOWN">
<doc>Closes the current browser.</doc>
<status status="PASS" starttime="20210421 11:26:12.552" endtime="20210421 11:26:12.580"/>
</kw>
<status status="PASS" starttime="20210421 11:26:07.681" endtime="20210421 11:26:12.580"/>
</test>
<status status="PASS" starttime="20210421 11:25:47.555" endtime="20210421 11:26:12.584"/>
</suite>
<statistics>
<total>
<stat pass="5" fail="0" skip="0">All Tests</stat>
</total>
<tag>
</tag>
<suite>
<stat pass="5" fail="0" skip="0" id="s1" name="Login">Login</stat>
</suite>
</statistics>
<errors>
</errors>
</robot>
