<?xml version="1.0" encoding="UTF-8"?>
<robot generator="Robot 4.0 (Python 3.9.2 on darwin)" generated="20210415 15:30:53.628" rpa="false" schemaversion="2">
<suite id="s1" name="SingUp" source="/Users/puntakarnkaewsanghan/Desktop/Git/robot_framework/สมัครสมาชิก/SingUp.robot">
<test id="s1-t1" name="TC01 - กรอกข้อมูลไม่ครบ (test to fail)">
<kw name="Open Web Site Pantipmarket On Browser" type="SETUP">
<kw name="Open Browser" library="Selenium2Library">
<arg>url=https://www.pantipmarket.com</arg>
<arg>browser=safari</arg>
<doc>Opens a new browser instance to the optional ``url``.</doc>
<msg timestamp="20210415 15:30:53.745" level="INFO">Opening browser 'safari' to base url 'https://www.pantipmarket.com'.</msg>
<status status="PASS" starttime="20210415 15:30:53.744" endtime="20210415 15:30:57.261"/>
</kw>
<kw name="Maximize Browser Window" library="Selenium2Library">
<doc>Maximizes current browser window.</doc>
<status status="PASS" starttime="20210415 15:30:57.262" endtime="20210415 15:30:57.279"/>
</kw>
<kw name="Wait Until Page Contains" library="Selenium2Library">
<arg>ข่าวสารและกิจกรรม</arg>
<doc>Waits until ``text`` appears on the current page.</doc>
<status status="PASS" starttime="20210415 15:30:57.280" endtime="20210415 15:30:57.293"/>
</kw>
<kw name="Click Link" library="Selenium2Library">
<arg>https://www.pantipmarket.com/member/register_option.php</arg>
<doc>Clicks a link identified by ``locator``.</doc>
<msg timestamp="20210415 15:30:57.294" level="INFO">Clicking link 'https://www.pantipmarket.com/member/register_option.php'.</msg>
<status status="PASS" starttime="20210415 15:30:57.293" endtime="20210415 15:30:57.343"/>
</kw>
<kw name="Wait Until Page Contains" library="Selenium2Library">
<arg>ท่านสามารถ สมัครสมาชิก ผ่านทาง</arg>
<doc>Waits until ``text`` appears on the current page.</doc>
<status status="PASS" starttime="20210415 15:30:57.343" endtime="20210415 15:30:57.988"/>
</kw>
<kw name="Click Image" library="Selenium2Library">
<arg>../../image/button/but_pantipmarket.png</arg>
<doc>Clicks an image identified by ``locator``.</doc>
<msg timestamp="20210415 15:30:57.989" level="INFO">Clicking image '../../image/button/but_pantipmarket.png'.</msg>
<status status="PASS" starttime="20210415 15:30:57.988" endtime="20210415 15:30:58.024"/>
</kw>
<kw name="Wait Until Page Contains" library="Selenium2Library">
<arg>กรุณาให้ข้อมูลเพิ่มเติม</arg>
<doc>Waits until ``text`` appears on the current page.</doc>
<status status="PASS" starttime="20210415 15:30:58.024" endtime="20210415 15:30:58.243"/>
</kw>
<status status="PASS" starttime="20210415 15:30:53.744" endtime="20210415 15:30:58.244"/>
</kw>
<kw name="กรอกข้อมูลและส่งแบบฟอร์มสมัครสมาชิก">
<arg>USER_NAME=testusername123</arg>
<arg>PASSWORD=Testpassword1122</arg>
<arg>CONFIRM_PASSWORD=Testpassword1122</arg>
<arg>FRIST_NAME=Harry</arg>
<arg>LAST_NAME=</arg>
<arg>EMAIL=61070139@it.kmitl.ac.th</arg>
<arg>PHONE=0969368066</arg>
<arg>DISPLAY_NAME=Harry Potter</arg>
<kw name="Input Text" library="Selenium2Library">
<arg>username</arg>
<arg>${USER_NAME}</arg>
<doc>Types the given ``text`` into the text field identified by ``locator``.</doc>
<msg timestamp="20210415 15:30:58.247" level="INFO">Typing text 'testusername123' into text field 'username'.</msg>
<status status="PASS" starttime="20210415 15:30:58.246" endtime="20210415 15:30:58.423"/>
</kw>
<kw name="Input Password" library="Selenium2Library">
<arg>password</arg>
<arg>${PASSWORD}</arg>
<doc>Types the given password into the text field identified by ``locator``.</doc>
<msg timestamp="20210415 15:30:58.424" level="INFO">Typing password into text field 'password'.</msg>
<msg timestamp="20210415 15:30:58.434" level="INFO">Temporally setting log level to: NONE</msg>
<msg timestamp="20210415 15:30:58.692" level="INFO">Log level changed from NONE to INFO.</msg>
<status status="PASS" starttime="20210415 15:30:58.423" endtime="20210415 15:30:58.692"/>
</kw>
<kw name="Input Password" library="Selenium2Library">
<arg>confirm_password</arg>
<arg>${CONFIRM_PASSWORD}</arg>
<doc>Types the given password into the text field identified by ``locator``.</doc>
<msg timestamp="20210415 15:30:58.693" level="INFO">Typing password into text field 'confirm_password'.</msg>
<msg timestamp="20210415 15:30:58.712" level="INFO">Temporally setting log level to: NONE</msg>
<msg timestamp="20210415 15:30:58.923" level="INFO">Log level changed from NONE to INFO.</msg>
<status status="PASS" starttime="20210415 15:30:58.692" endtime="20210415 15:30:58.923"/>
</kw>
<kw name="Input Text" library="Selenium2Library">
<arg>name</arg>
<arg>${FRIST_NAME}</arg>
<doc>Types the given ``text`` into the text field identified by ``locator``.</doc>
<msg timestamp="20210415 15:30:58.924" level="INFO">Typing text 'Harry' into text field 'name'.</msg>
<status status="PASS" starttime="20210415 15:30:58.923" endtime="20210415 15:30:59.002"/>
</kw>
<kw name="Input Text" library="Selenium2Library">
<arg>sname</arg>
<arg>${LAST_NAME}</arg>
<doc>Types the given ``text`` into the text field identified by ``locator``.</doc>
<msg timestamp="20210415 15:30:59.003" level="INFO">Typing text '' into text field 'sname'.</msg>
<status status="PASS" starttime="20210415 15:30:59.002" endtime="20210415 15:30:59.030"/>
</kw>
<kw name="Input Text" library="Selenium2Library">
<arg>email</arg>
<arg>${EMAIL}</arg>
<doc>Types the given ``text`` into the text field identified by ``locator``.</doc>
<msg timestamp="20210415 15:30:59.031" level="INFO">Typing text '61070139@it.kmitl.ac.th' into text field 'email'.</msg>
<status status="PASS" starttime="20210415 15:30:59.030" endtime="20210415 15:30:59.238"/>
</kw>
<kw name="Input Text" library="Selenium2Library">
<arg>phone</arg>
<arg>${PHONE}</arg>
<doc>Types the given ``text`` into the text field identified by ``locator``.</doc>
<msg timestamp="20210415 15:30:59.239" level="INFO">Typing text '0969368066' into text field 'phone'.</msg>
<status status="PASS" starttime="20210415 15:30:59.238" endtime="20210415 15:30:59.342"/>
</kw>
<kw name="Input Text" library="Selenium2Library">
<arg>display_name</arg>
<arg>${DISPLAY_NAME}</arg>
<doc>Types the given ``text`` into the text field identified by ``locator``.</doc>
<msg timestamp="20210415 15:30:59.344" level="INFO">Typing text 'Harry Potter' into text field 'display_name'.</msg>
<status status="PASS" starttime="20210415 15:30:59.343" endtime="20210415 15:30:59.508"/>
</kw>
<kw name="Select Checkbox" library="Selenium2Library">
<arg>except_privacy_policy</arg>
<doc>Selects the checkbox identified by ``locator``.</doc>
<msg timestamp="20210415 15:30:59.509" level="INFO">Selecting checkbox 'except_privacy_policy'.</msg>
<status status="PASS" starttime="20210415 15:30:59.508" endtime="20210415 15:30:59.536"/>
</kw>
<kw name="Submit Form" library="Selenium2Library">
<doc>Submits a form identified by ``locator``.</doc>
<msg timestamp="20210415 15:30:59.536" level="INFO">Submitting form 'None'.</msg>
<status status="PASS" starttime="20210415 15:30:59.536" endtime="20210415 15:30:59.562"/>
</kw>
<status status="PASS" starttime="20210415 15:30:58.244" endtime="20210415 15:30:59.563"/>
</kw>
<kw name="Alert Should Be Present" library="Selenium2Library">
<arg>กรุณาใส่ "นามสกุล" ให้ถูกต้องด้วยค่ะ</arg>
<doc>Verifies that an alert is present and by default, accepts it.</doc>
<msg timestamp="20210415 15:30:59.563" level="INFO">HANDLE::&lt;class 'NoneType'&gt;::None</msg>
<status status="PASS" starttime="20210415 15:30:59.563" endtime="20210415 15:30:59.576"/>
</kw>
<kw name="Close Browser" library="Selenium2Library" type="TEARDOWN">
<doc>Closes the current browser.</doc>
<status status="PASS" starttime="20210415 15:30:59.576" endtime="20210415 15:30:59.597"/>
</kw>
<status status="PASS" starttime="20210415 15:30:53.743" endtime="20210415 15:30:59.597"/>
</test>
<test id="s1-t2" name="TC02 - รหัสผ่านและยืนยันรหัสผ่านไม่ตรงกัน (test to fail)">
<kw name="Open Web Site Pantipmarket On Browser" type="SETUP">
<kw name="Open Browser" library="Selenium2Library">
<arg>url=https://www.pantipmarket.com</arg>
<arg>browser=safari</arg>
<doc>Opens a new browser instance to the optional ``url``.</doc>
<msg timestamp="20210415 15:30:59.602" level="INFO">Opening browser 'safari' to base url 'https://www.pantipmarket.com'.</msg>
<status status="PASS" starttime="20210415 15:30:59.602" endtime="20210415 15:31:05.776"/>
</kw>
<kw name="Maximize Browser Window" library="Selenium2Library">
<doc>Maximizes current browser window.</doc>
<status status="PASS" starttime="20210415 15:31:05.777" endtime="20210415 15:31:05.794"/>
</kw>
<kw name="Wait Until Page Contains" library="Selenium2Library">
<arg>ข่าวสารและกิจกรรม</arg>
<doc>Waits until ``text`` appears on the current page.</doc>
<status status="PASS" starttime="20210415 15:31:05.794" endtime="20210415 15:31:05.825"/>
</kw>
<kw name="Click Link" library="Selenium2Library">
<arg>https://www.pantipmarket.com/member/register_option.php</arg>
<doc>Clicks a link identified by ``locator``.</doc>
<msg timestamp="20210415 15:31:05.826" level="INFO">Clicking link 'https://www.pantipmarket.com/member/register_option.php'.</msg>
<status status="PASS" starttime="20210415 15:31:05.826" endtime="20210415 15:31:05.855"/>
</kw>
<kw name="Wait Until Page Contains" library="Selenium2Library">
<arg>ท่านสามารถ สมัครสมาชิก ผ่านทาง</arg>
<doc>Waits until ``text`` appears on the current page.</doc>
<status status="PASS" starttime="20210415 15:31:05.856" endtime="20210415 15:31:06.074"/>
</kw>
<kw name="Click Image" library="Selenium2Library">
<arg>../../image/button/but_pantipmarket.png</arg>
<doc>Clicks an image identified by ``locator``.</doc>
<msg timestamp="20210415 15:31:06.075" level="INFO">Clicking image '../../image/button/but_pantipmarket.png'.</msg>
<status status="PASS" starttime="20210415 15:31:06.074" endtime="20210415 15:31:06.094"/>
</kw>
<kw name="Wait Until Page Contains" library="Selenium2Library">
<arg>กรุณาให้ข้อมูลเพิ่มเติม</arg>
<doc>Waits until ``text`` appears on the current page.</doc>
<status status="PASS" starttime="20210415 15:31:06.094" endtime="20210415 15:31:06.519"/>
</kw>
<status status="PASS" starttime="20210415 15:30:59.602" endtime="20210415 15:31:06.520"/>
</kw>
<kw name="กรอกข้อมูลและส่งแบบฟอร์มสมัครสมาชิก">
<arg>testusername123</arg>
<arg>Testpassword1122</arg>
<arg>Aopnojfjfkdo122334</arg>
<arg>Harry</arg>
<arg>Potter</arg>
<arg>61070139@it.kmitl.ac.th</arg>
<arg>0969368066</arg>
<arg>Harry Potter</arg>
<kw name="Input Text" library="Selenium2Library">
<arg>username</arg>
<arg>${USER_NAME}</arg>
<doc>Types the given ``text`` into the text field identified by ``locator``.</doc>
<msg timestamp="20210415 15:31:06.523" level="INFO">Typing text 'testusername123' into text field 'username'.</msg>
<status status="PASS" starttime="20210415 15:31:06.522" endtime="20210415 15:31:06.719"/>
</kw>
<kw name="Input Password" library="Selenium2Library">
<arg>password</arg>
<arg>${PASSWORD}</arg>
<doc>Types the given password into the text field identified by ``locator``.</doc>
<msg timestamp="20210415 15:31:06.721" level="INFO">Typing password into text field 'password'.</msg>
<msg timestamp="20210415 15:31:06.733" level="INFO">Temporally setting log level to: NONE</msg>
<msg timestamp="20210415 15:31:06.987" level="INFO">Log level changed from NONE to INFO.</msg>
<status status="PASS" starttime="20210415 15:31:06.720" endtime="20210415 15:31:06.987"/>
</kw>
<kw name="Input Password" library="Selenium2Library">
<arg>confirm_password</arg>
<arg>${CONFIRM_PASSWORD}</arg>
<doc>Types the given password into the text field identified by ``locator``.</doc>
<msg timestamp="20210415 15:31:06.988" level="INFO">Typing password into text field 'confirm_password'.</msg>
<msg timestamp="20210415 15:31:06.999" level="INFO">Temporally setting log level to: NONE</msg>
<msg timestamp="20210415 15:31:07.258" level="INFO">Log level changed from NONE to INFO.</msg>
<status status="PASS" starttime="20210415 15:31:06.988" endtime="20210415 15:31:07.258"/>
</kw>
<kw name="Input Text" library="Selenium2Library">
<arg>name</arg>
<arg>${FRIST_NAME}</arg>
<doc>Types the given ``text`` into the text field identified by ``locator``.</doc>
<msg timestamp="20210415 15:31:07.259" level="INFO">Typing text 'Harry' into text field 'name'.</msg>
<status status="PASS" starttime="20210415 15:31:07.259" endtime="20210415 15:31:07.335"/>
</kw>
<kw name="Input Text" library="Selenium2Library">
<arg>sname</arg>
<arg>${LAST_NAME}</arg>
<doc>Types the given ``text`` into the text field identified by ``locator``.</doc>
<msg timestamp="20210415 15:31:07.336" level="INFO">Typing text 'Potter' into text field 'sname'.</msg>
<status status="PASS" starttime="20210415 15:31:07.335" endtime="20210415 15:31:07.406"/>
</kw>
<kw name="Input Text" library="Selenium2Library">
<arg>email</arg>
<arg>${EMAIL}</arg>
<doc>Types the given ``text`` into the text field identified by ``locator``.</doc>
<msg timestamp="20210415 15:31:07.407" level="INFO">Typing text '61070139@it.kmitl.ac.th' into text field 'email'.</msg>
<status status="PASS" starttime="20210415 15:31:07.406" endtime="20210415 15:31:07.636"/>
</kw>
<kw name="Input Text" library="Selenium2Library">
<arg>phone</arg>
<arg>${PHONE}</arg>
<doc>Types the given ``text`` into the text field identified by ``locator``.</doc>
<msg timestamp="20210415 15:31:07.637" level="INFO">Typing text '0969368066' into text field 'phone'.</msg>
<status status="PASS" starttime="20210415 15:31:07.636" endtime="20210415 15:31:07.753"/>
</kw>
<kw name="Input Text" library="Selenium2Library">
<arg>display_name</arg>
<arg>${DISPLAY_NAME}</arg>
<doc>Types the given ``text`` into the text field identified by ``locator``.</doc>
<msg timestamp="20210415 15:31:07.754" level="INFO">Typing text 'Harry Potter' into text field 'display_name'.</msg>
<status status="PASS" starttime="20210415 15:31:07.753" endtime="20210415 15:31:07.919"/>
</kw>
<kw name="Select Checkbox" library="Selenium2Library">
<arg>except_privacy_policy</arg>
<doc>Selects the checkbox identified by ``locator``.</doc>
<msg timestamp="20210415 15:31:07.920" level="INFO">Selecting checkbox 'except_privacy_policy'.</msg>
<status status="PASS" starttime="20210415 15:31:07.920" endtime="20210415 15:31:07.947"/>
</kw>
<kw name="Submit Form" library="Selenium2Library">
<doc>Submits a form identified by ``locator``.</doc>
<msg timestamp="20210415 15:31:07.947" level="INFO">Submitting form 'None'.</msg>
<status status="PASS" starttime="20210415 15:31:07.947" endtime="20210415 15:31:07.977"/>
</kw>
<status status="PASS" starttime="20210415 15:31:06.520" endtime="20210415 15:31:07.977"/>
</kw>
<kw name="Alert Should Be Present" library="Selenium2Library">
<arg>กรุณาใส่ "Password (รหัสผ่าน)" ให้ตรงกับ "Confirm Password (ยืนยันรหัสผ่าน)" ด้วยค่ะ</arg>
<doc>Verifies that an alert is present and by default, accepts it.</doc>
<msg timestamp="20210415 15:31:07.978" level="INFO">HANDLE::&lt;class 'NoneType'&gt;::None</msg>
<status status="PASS" starttime="20210415 15:31:07.978" endtime="20210415 15:31:07.992"/>
</kw>
<kw name="Close Browser" library="Selenium2Library" type="TEARDOWN">
<doc>Closes the current browser.</doc>
<status status="PASS" starttime="20210415 15:31:07.992" endtime="20210415 15:31:08.004"/>
</kw>
<status status="PASS" starttime="20210415 15:30:59.600" endtime="20210415 15:31:08.005"/>
</test>
<test id="s1-t3" name="TC03 - กรอกอีเมลซ้ำกับในระบบ (test to fail)">
<kw name="Open Web Site Pantipmarket On Browser" type="SETUP">
<kw name="Open Browser" library="Selenium2Library">
<arg>url=https://www.pantipmarket.com</arg>
<arg>browser=safari</arg>
<doc>Opens a new browser instance to the optional ``url``.</doc>
<msg timestamp="20210415 15:31:08.012" level="INFO">Opening browser 'safari' to base url 'https://www.pantipmarket.com'.</msg>
<status status="PASS" starttime="20210415 15:31:08.011" endtime="20210415 15:31:11.269"/>
</kw>
<kw name="Maximize Browser Window" library="Selenium2Library">
<doc>Maximizes current browser window.</doc>
<status status="PASS" starttime="20210415 15:31:11.270" endtime="20210415 15:31:11.278"/>
</kw>
<kw name="Wait Until Page Contains" library="Selenium2Library">
<arg>ข่าวสารและกิจกรรม</arg>
<doc>Waits until ``text`` appears on the current page.</doc>
<status status="PASS" starttime="20210415 15:31:11.278" endtime="20210415 15:31:11.310"/>
</kw>
<kw name="Click Link" library="Selenium2Library">
<arg>https://www.pantipmarket.com/member/register_option.php</arg>
<doc>Clicks a link identified by ``locator``.</doc>
<msg timestamp="20210415 15:31:11.311" level="INFO">Clicking link 'https://www.pantipmarket.com/member/register_option.php'.</msg>
<status status="PASS" starttime="20210415 15:31:11.310" endtime="20210415 15:31:11.350"/>
</kw>
<kw name="Wait Until Page Contains" library="Selenium2Library">
<arg>ท่านสามารถ สมัครสมาชิก ผ่านทาง</arg>
<doc>Waits until ``text`` appears on the current page.</doc>
<status status="PASS" starttime="20210415 15:31:11.351" endtime="20210415 15:31:11.581"/>
</kw>
<kw name="Click Image" library="Selenium2Library">
<arg>../../image/button/but_pantipmarket.png</arg>
<doc>Clicks an image identified by ``locator``.</doc>
<msg timestamp="20210415 15:31:11.584" level="INFO">Clicking image '../../image/button/but_pantipmarket.png'.</msg>
<status status="PASS" starttime="20210415 15:31:11.583" endtime="20210415 15:31:11.604"/>
</kw>
<kw name="Wait Until Page Contains" library="Selenium2Library">
<arg>กรุณาให้ข้อมูลเพิ่มเติม</arg>
<doc>Waits until ``text`` appears on the current page.</doc>
<status status="PASS" starttime="20210415 15:31:11.604" endtime="20210415 15:31:11.818"/>
</kw>
<status status="PASS" starttime="20210415 15:31:08.010" endtime="20210415 15:31:11.818"/>
</kw>
<kw name="กรอกข้อมูลและส่งแบบฟอร์มสมัครสมาชิก">
<arg>testusername123</arg>
<arg>Testpassword1122</arg>
<arg>Testpassword1122</arg>
<arg>Harry</arg>
<arg>Potter</arg>
<arg>aop1122@hotmail.com</arg>
<arg>0969368066</arg>
<arg>Harry Potter</arg>
<kw name="Input Text" library="Selenium2Library">
<arg>username</arg>
<arg>${USER_NAME}</arg>
<doc>Types the given ``text`` into the text field identified by ``locator``.</doc>
<msg timestamp="20210415 15:31:11.821" level="INFO">Typing text 'testusername123' into text field 'username'.</msg>
<status status="PASS" starttime="20210415 15:31:11.820" endtime="20210415 15:31:12.010"/>
</kw>
<kw name="Input Password" library="Selenium2Library">
<arg>password</arg>
<arg>${PASSWORD}</arg>
<doc>Types the given password into the text field identified by ``locator``.</doc>
<msg timestamp="20210415 15:31:12.011" level="INFO">Typing password into text field 'password'.</msg>
<msg timestamp="20210415 15:31:12.022" level="INFO">Temporally setting log level to: NONE</msg>
<msg timestamp="20210415 15:31:12.257" level="INFO">Log level changed from NONE to INFO.</msg>
<status status="PASS" starttime="20210415 15:31:12.011" endtime="20210415 15:31:12.258"/>
</kw>
<kw name="Input Password" library="Selenium2Library">
<arg>confirm_password</arg>
<arg>${CONFIRM_PASSWORD}</arg>
<doc>Types the given password into the text field identified by ``locator``.</doc>
<msg timestamp="20210415 15:31:12.259" level="INFO">Typing password into text field 'confirm_password'.</msg>
<msg timestamp="20210415 15:31:12.279" level="INFO">Temporally setting log level to: NONE</msg>
<msg timestamp="20210415 15:31:12.490" level="INFO">Log level changed from NONE to INFO.</msg>
<status status="PASS" starttime="20210415 15:31:12.258" endtime="20210415 15:31:12.491"/>
</kw>
<kw name="Input Text" library="Selenium2Library">
<arg>name</arg>
<arg>${FRIST_NAME}</arg>
<doc>Types the given ``text`` into the text field identified by ``locator``.</doc>
<msg timestamp="20210415 15:31:12.492" level="INFO">Typing text 'Harry' into text field 'name'.</msg>
<status status="PASS" starttime="20210415 15:31:12.491" endtime="20210415 15:31:12.575"/>
</kw>
<kw name="Input Text" library="Selenium2Library">
<arg>sname</arg>
<arg>${LAST_NAME}</arg>
<doc>Types the given ``text`` into the text field identified by ``locator``.</doc>
<msg timestamp="20210415 15:31:12.576" level="INFO">Typing text 'Potter' into text field 'sname'.</msg>
<status status="PASS" starttime="20210415 15:31:12.576" endtime="20210415 15:31:12.656"/>
</kw>
<kw name="Input Text" library="Selenium2Library">
<arg>email</arg>
<arg>${EMAIL}</arg>
<doc>Types the given ``text`` into the text field identified by ``locator``.</doc>
<msg timestamp="20210415 15:31:12.657" level="INFO">Typing text 'aop1122@hotmail.com' into text field 'email'.</msg>
<status status="PASS" starttime="20210415 15:31:12.656" endtime="20210415 15:31:12.842"/>
</kw>
<kw name="Input Text" library="Selenium2Library">
<arg>phone</arg>
<arg>${PHONE}</arg>
<doc>Types the given ``text`` into the text field identified by ``locator``.</doc>
<msg timestamp="20210415 15:31:12.844" level="INFO">Typing text '0969368066' into text field 'phone'.</msg>
<status status="PASS" starttime="20210415 15:31:12.843" endtime="20210415 15:31:12.957"/>
</kw>
<kw name="Input Text" library="Selenium2Library">
<arg>display_name</arg>
<arg>${DISPLAY_NAME}</arg>
<doc>Types the given ``text`` into the text field identified by ``locator``.</doc>
<msg timestamp="20210415 15:31:12.958" level="INFO">Typing text 'Harry Potter' into text field 'display_name'.</msg>
<status status="PASS" starttime="20210415 15:31:12.958" endtime="20210415 15:31:13.090"/>
</kw>
<kw name="Select Checkbox" library="Selenium2Library">
<arg>except_privacy_policy</arg>
<doc>Selects the checkbox identified by ``locator``.</doc>
<msg timestamp="20210415 15:31:13.091" level="INFO">Selecting checkbox 'except_privacy_policy'.</msg>
<status status="PASS" starttime="20210415 15:31:13.090" endtime="20210415 15:31:13.120"/>
</kw>
<kw name="Submit Form" library="Selenium2Library">
<doc>Submits a form identified by ``locator``.</doc>
<msg timestamp="20210415 15:31:13.120" level="INFO">Submitting form 'None'.</msg>
<status status="PASS" starttime="20210415 15:31:13.120" endtime="20210415 15:31:13.141"/>
</kw>
<status status="PASS" starttime="20210415 15:31:11.819" endtime="20210415 15:31:13.142"/>
</kw>
<kw name="Wait Until Page Contains" library="Selenium2Library">
<arg>E-mail นี้เคยใช้สมัครสมาชิก เรียบร้อยแล้ว ท่านสามารถ Login ได้ทันทีที่</arg>
<doc>Waits until ``text`` appears on the current page.</doc>
<status status="PASS" starttime="20210415 15:31:13.142" endtime="20210415 15:31:13.364"/>
</kw>
<kw name="Close Browser" library="Selenium2Library" type="TEARDOWN">
<doc>Closes the current browser.</doc>
<status status="PASS" starttime="20210415 15:31:13.365" endtime="20210415 15:31:13.377"/>
</kw>
<status status="PASS" starttime="20210415 15:31:08.006" endtime="20210415 15:31:13.377"/>
</test>
<test id="s1-t4" name="TC04 - กรอกอีเมลที่ไม่มีอยู่จริง (test to fail)">
<kw name="Open Web Site Pantipmarket On Browser" type="SETUP">
<kw name="Open Browser" library="Selenium2Library">
<arg>url=https://www.pantipmarket.com</arg>
<arg>browser=safari</arg>
<doc>Opens a new browser instance to the optional ``url``.</doc>
<msg timestamp="20210415 15:31:13.387" level="INFO">Opening browser 'safari' to base url 'https://www.pantipmarket.com'.</msg>
<status status="PASS" starttime="20210415 15:31:13.387" endtime="20210415 15:31:16.850"/>
</kw>
<kw name="Maximize Browser Window" library="Selenium2Library">
<doc>Maximizes current browser window.</doc>
<status status="PASS" starttime="20210415 15:31:16.851" endtime="20210415 15:31:16.859"/>
</kw>
<kw name="Wait Until Page Contains" library="Selenium2Library">
<arg>ข่าวสารและกิจกรรม</arg>
<doc>Waits until ``text`` appears on the current page.</doc>
<status status="PASS" starttime="20210415 15:31:16.859" endtime="20210415 15:31:16.876"/>
</kw>
<kw name="Click Link" library="Selenium2Library">
<arg>https://www.pantipmarket.com/member/register_option.php</arg>
<doc>Clicks a link identified by ``locator``.</doc>
<msg timestamp="20210415 15:31:16.877" level="INFO">Clicking link 'https://www.pantipmarket.com/member/register_option.php'.</msg>
<status status="PASS" starttime="20210415 15:31:16.876" endtime="20210415 15:31:16.929"/>
</kw>
<kw name="Wait Until Page Contains" library="Selenium2Library">
<arg>ท่านสามารถ สมัครสมาชิก ผ่านทาง</arg>
<doc>Waits until ``text`` appears on the current page.</doc>
<status status="PASS" starttime="20210415 15:31:16.929" endtime="20210415 15:31:17.170"/>
</kw>
<kw name="Click Image" library="Selenium2Library">
<arg>../../image/button/but_pantipmarket.png</arg>
<doc>Clicks an image identified by ``locator``.</doc>
<msg timestamp="20210415 15:31:17.171" level="INFO">Clicking image '../../image/button/but_pantipmarket.png'.</msg>
<status status="PASS" starttime="20210415 15:31:17.171" endtime="20210415 15:31:17.197"/>
</kw>
<kw name="Wait Until Page Contains" library="Selenium2Library">
<arg>กรุณาให้ข้อมูลเพิ่มเติม</arg>
<doc>Waits until ``text`` appears on the current page.</doc>
<status status="PASS" starttime="20210415 15:31:17.197" endtime="20210415 15:31:17.412"/>
</kw>
<status status="PASS" starttime="20210415 15:31:13.386" endtime="20210415 15:31:17.412"/>
</kw>
<kw name="กรอกข้อมูลและส่งแบบฟอร์มสมัครสมาชิก">
<arg>testuser22211</arg>
<arg>Pass999000</arg>
<arg>Pass999000</arg>
<arg>Gretn</arg>
<arg>Land</arg>
<arg>lil99933@gmail.com</arg>
<arg>0987887654</arg>
<arg>Gretn Land</arg>
<kw name="Input Text" library="Selenium2Library">
<arg>username</arg>
<arg>${USER_NAME}</arg>
<doc>Types the given ``text`` into the text field identified by ``locator``.</doc>
<msg timestamp="20210415 15:31:17.414" level="INFO">Typing text 'testuser22211' into text field 'username'.</msg>
<status status="PASS" starttime="20210415 15:31:17.414" endtime="20210415 15:31:17.571"/>
</kw>
<kw name="Input Password" library="Selenium2Library">
<arg>password</arg>
<arg>${PASSWORD}</arg>
<doc>Types the given password into the text field identified by ``locator``.</doc>
<msg timestamp="20210415 15:31:17.572" level="INFO">Typing password into text field 'password'.</msg>
<msg timestamp="20210415 15:31:17.583" level="INFO">Temporally setting log level to: NONE</msg>
<msg timestamp="20210415 15:31:17.726" level="INFO">Log level changed from NONE to INFO.</msg>
<status status="PASS" starttime="20210415 15:31:17.571" endtime="20210415 15:31:17.726"/>
</kw>
<kw name="Input Password" library="Selenium2Library">
<arg>confirm_password</arg>
<arg>${CONFIRM_PASSWORD}</arg>
<doc>Types the given password into the text field identified by ``locator``.</doc>
<msg timestamp="20210415 15:31:17.727" level="INFO">Typing password into text field 'confirm_password'.</msg>
<msg timestamp="20210415 15:31:17.738" level="INFO">Temporally setting log level to: NONE</msg>
<msg timestamp="20210415 15:31:17.890" level="INFO">Log level changed from NONE to INFO.</msg>
<status status="PASS" starttime="20210415 15:31:17.726" endtime="20210415 15:31:17.890"/>
</kw>
<kw name="Input Text" library="Selenium2Library">
<arg>name</arg>
<arg>${FRIST_NAME}</arg>
<doc>Types the given ``text`` into the text field identified by ``locator``.</doc>
<msg timestamp="20210415 15:31:17.891" level="INFO">Typing text 'Gretn' into text field 'name'.</msg>
<status status="PASS" starttime="20210415 15:31:17.890" endtime="20210415 15:31:17.976"/>
</kw>
<kw name="Input Text" library="Selenium2Library">
<arg>sname</arg>
<arg>${LAST_NAME}</arg>
<doc>Types the given ``text`` into the text field identified by ``locator``.</doc>
<msg timestamp="20210415 15:31:17.977" level="INFO">Typing text 'Land' into text field 'sname'.</msg>
<status status="PASS" starttime="20210415 15:31:17.976" endtime="20210415 15:31:18.039"/>
</kw>
<kw name="Input Text" library="Selenium2Library">
<arg>email</arg>
<arg>${EMAIL}</arg>
<doc>Types the given ``text`` into the text field identified by ``locator``.</doc>
<msg timestamp="20210415 15:31:18.040" level="INFO">Typing text 'lil99933@gmail.com' into text field 'email'.</msg>
<status status="PASS" starttime="20210415 15:31:18.039" endtime="20210415 15:31:18.225"/>
</kw>
<kw name="Input Text" library="Selenium2Library">
<arg>phone</arg>
<arg>${PHONE}</arg>
<doc>Types the given ``text`` into the text field identified by ``locator``.</doc>
<msg timestamp="20210415 15:31:18.226" level="INFO">Typing text '0987887654' into text field 'phone'.</msg>
<status status="PASS" starttime="20210415 15:31:18.225" endtime="20210415 15:31:18.341"/>
</kw>
<kw name="Input Text" library="Selenium2Library">
<arg>display_name</arg>
<arg>${DISPLAY_NAME}</arg>
<doc>Types the given ``text`` into the text field identified by ``locator``.</doc>
<msg timestamp="20210415 15:31:18.342" level="INFO">Typing text 'Gretn Land' into text field 'display_name'.</msg>
<status status="PASS" starttime="20210415 15:31:18.341" endtime="20210415 15:31:18.486"/>
</kw>
<kw name="Select Checkbox" library="Selenium2Library">
<arg>except_privacy_policy</arg>
<doc>Selects the checkbox identified by ``locator``.</doc>
<msg timestamp="20210415 15:31:18.486" level="INFO">Selecting checkbox 'except_privacy_policy'.</msg>
<status status="PASS" starttime="20210415 15:31:18.486" endtime="20210415 15:31:18.514"/>
</kw>
<kw name="Submit Form" library="Selenium2Library">
<doc>Submits a form identified by ``locator``.</doc>
<msg timestamp="20210415 15:31:18.514" level="INFO">Submitting form 'None'.</msg>
<status status="PASS" starttime="20210415 15:31:18.514" endtime="20210415 15:31:18.535"/>
</kw>
<status status="PASS" starttime="20210415 15:31:17.413" endtime="20210415 15:31:18.535"/>
</kw>
<kw name="Wait Until Page Contains" library="Selenium2Library">
<arg>คุณเป็นสมาชิก Pantipmarket.com เรียบร้อยแล้ว</arg>
<doc>Waits until ``text`` appears on the current page.</doc>
<status status="PASS" starttime="20210415 15:31:18.536" endtime="20210415 15:31:19.627"/>
</kw>
<kw name="Page Should Not Contain" library="Selenium2Library">
<arg>คุณเป็นสมาชิก Pantipmarket.com เรียบร้อยแล้ว</arg>
<doc>Verifies the current page does not contain ``text``.</doc>
<kw name="Capture Page Screenshot" library="Selenium2Library">
<doc>Takes a screenshot of the current page and embeds it into a log file.</doc>
<msg timestamp="20210415 15:31:19.744" level="INFO" html="true">&lt;/td&gt;&lt;/tr&gt;&lt;tr&gt;&lt;td colspan="3"&gt;&lt;a href="selenium-screenshot-3.png"&gt;&lt;img src="selenium-screenshot-3.png" width="800px"&gt;&lt;/a&gt;</msg>
<status status="PASS" starttime="20210415 15:31:19.646" endtime="20210415 15:31:19.744"/>
</kw>
<msg timestamp="20210415 15:31:19.749" level="FAIL">Page should not have contained text 'คุณเป็นสมาชิก Pantipmarket.com เรียบร้อยแล้ว'.</msg>
<status status="FAIL" starttime="20210415 15:31:19.627" endtime="20210415 15:31:19.749"/>
</kw>
<kw name="Close Browser" library="Selenium2Library" type="TEARDOWN">
<doc>Closes the current browser.</doc>
<status status="PASS" starttime="20210415 15:31:19.749" endtime="20210415 15:31:19.762"/>
</kw>
<status status="FAIL" starttime="20210415 15:31:13.379" endtime="20210415 15:31:19.762">Page should not have contained text 'คุณเป็นสมาชิก Pantipmarket.com เรียบร้อยแล้ว'.</status>
</test>
<test id="s1-t5" name="TC05 - กรอกข้อมูลครบถ้วน (test to pass)">
<kw name="Open Web Site Pantipmarket On Browser" type="SETUP">
<kw name="Open Browser" library="Selenium2Library">
<arg>url=https://www.pantipmarket.com</arg>
<arg>browser=safari</arg>
<doc>Opens a new browser instance to the optional ``url``.</doc>
<msg timestamp="20210415 15:31:19.765" level="INFO">Opening browser 'safari' to base url 'https://www.pantipmarket.com'.</msg>
<status status="PASS" starttime="20210415 15:31:19.764" endtime="20210415 15:31:23.185"/>
</kw>
<kw name="Maximize Browser Window" library="Selenium2Library">
<doc>Maximizes current browser window.</doc>
<status status="PASS" starttime="20210415 15:31:23.186" endtime="20210415 15:31:23.194"/>
</kw>
<kw name="Wait Until Page Contains" library="Selenium2Library">
<arg>ข่าวสารและกิจกรรม</arg>
<doc>Waits until ``text`` appears on the current page.</doc>
<status status="PASS" starttime="20210415 15:31:23.195" endtime="20210415 15:31:23.223"/>
</kw>
<kw name="Click Link" library="Selenium2Library">
<arg>https://www.pantipmarket.com/member/register_option.php</arg>
<doc>Clicks a link identified by ``locator``.</doc>
<msg timestamp="20210415 15:31:23.224" level="INFO">Clicking link 'https://www.pantipmarket.com/member/register_option.php'.</msg>
<status status="PASS" starttime="20210415 15:31:23.223" endtime="20210415 15:31:23.275"/>
</kw>
<kw name="Wait Until Page Contains" library="Selenium2Library">
<arg>ท่านสามารถ สมัครสมาชิก ผ่านทาง</arg>
<doc>Waits until ``text`` appears on the current page.</doc>
<status status="PASS" starttime="20210415 15:31:23.275" endtime="20210415 15:31:23.487"/>
</kw>
<kw name="Click Image" library="Selenium2Library">
<arg>../../image/button/but_pantipmarket.png</arg>
<doc>Clicks an image identified by ``locator``.</doc>
<msg timestamp="20210415 15:31:23.488" level="INFO">Clicking image '../../image/button/but_pantipmarket.png'.</msg>
<status status="PASS" starttime="20210415 15:31:23.487" endtime="20210415 15:31:23.504"/>
</kw>
<kw name="Wait Until Page Contains" library="Selenium2Library">
<arg>กรุณาให้ข้อมูลเพิ่มเติม</arg>
<doc>Waits until ``text`` appears on the current page.</doc>
<status status="PASS" starttime="20210415 15:31:23.504" endtime="20210415 15:31:23.715"/>
</kw>
<status status="PASS" starttime="20210415 15:31:19.764" endtime="20210415 15:31:23.715"/>
</kw>
<kw name="กรอกข้อมูลและส่งแบบฟอร์มสมัครสมาชิก">
<arg>testuser3445555</arg>
<arg>Testpassword1122</arg>
<arg>Testpassword1122</arg>
<arg>Ikrre</arg>
<arg>Uyri</arg>
<arg>61070139@it.kmitl.ac.th</arg>
<arg>0969368066</arg>
<arg>Jio Jo</arg>
<kw name="Input Text" library="Selenium2Library">
<arg>username</arg>
<arg>${USER_NAME}</arg>
<doc>Types the given ``text`` into the text field identified by ``locator``.</doc>
<msg timestamp="20210415 15:31:23.718" level="INFO">Typing text 'testuser3445555' into text field 'username'.</msg>
<status status="PASS" starttime="20210415 15:31:23.717" endtime="20210415 15:31:23.891"/>
</kw>
<kw name="Input Password" library="Selenium2Library">
<arg>password</arg>
<arg>${PASSWORD}</arg>
<doc>Types the given password into the text field identified by ``locator``.</doc>
<msg timestamp="20210415 15:31:23.892" level="INFO">Typing password into text field 'password'.</msg>
<msg timestamp="20210415 15:31:23.904" level="INFO">Temporally setting log level to: NONE</msg>
<msg timestamp="20210415 15:31:24.146" level="INFO">Log level changed from NONE to INFO.</msg>
<status status="PASS" starttime="20210415 15:31:23.891" endtime="20210415 15:31:24.146"/>
</kw>
<kw name="Input Password" library="Selenium2Library">
<arg>confirm_password</arg>
<arg>${CONFIRM_PASSWORD}</arg>
<doc>Types the given password into the text field identified by ``locator``.</doc>
<msg timestamp="20210415 15:31:24.147" level="INFO">Typing password into text field 'confirm_password'.</msg>
<msg timestamp="20210415 15:31:24.162" level="INFO">Temporally setting log level to: NONE</msg>
<msg timestamp="20210415 15:31:24.389" level="INFO">Log level changed from NONE to INFO.</msg>
<status status="PASS" starttime="20210415 15:31:24.146" endtime="20210415 15:31:24.390"/>
</kw>
<kw name="Input Text" library="Selenium2Library">
<arg>name</arg>
<arg>${FRIST_NAME}</arg>
<doc>Types the given ``text`` into the text field identified by ``locator``.</doc>
<msg timestamp="20210415 15:31:24.391" level="INFO">Typing text 'Ikrre' into text field 'name'.</msg>
<status status="PASS" starttime="20210415 15:31:24.390" endtime="20210415 15:31:24.470"/>
</kw>
<kw name="Input Text" library="Selenium2Library">
<arg>sname</arg>
<arg>${LAST_NAME}</arg>
<doc>Types the given ``text`` into the text field identified by ``locator``.</doc>
<msg timestamp="20210415 15:31:24.471" level="INFO">Typing text 'Uyri' into text field 'sname'.</msg>
<status status="PASS" starttime="20210415 15:31:24.470" endtime="20210415 15:31:24.539"/>
</kw>
<kw name="Input Text" library="Selenium2Library">
<arg>email</arg>
<arg>${EMAIL}</arg>
<doc>Types the given ``text`` into the text field identified by ``locator``.</doc>
<msg timestamp="20210415 15:31:24.540" level="INFO">Typing text '61070139@it.kmitl.ac.th' into text field 'email'.</msg>
<status status="PASS" starttime="20210415 15:31:24.539" endtime="20210415 15:31:24.785"/>
</kw>
<kw name="Input Text" library="Selenium2Library">
<arg>phone</arg>
<arg>${PHONE}</arg>
<doc>Types the given ``text`` into the text field identified by ``locator``.</doc>
<msg timestamp="20210415 15:31:24.785" level="INFO">Typing text '0969368066' into text field 'phone'.</msg>
<status status="PASS" starttime="20210415 15:31:24.785" endtime="20210415 15:31:24.903"/>
</kw>
<kw name="Input Text" library="Selenium2Library">
<arg>display_name</arg>
<arg>${DISPLAY_NAME}</arg>
<doc>Types the given ``text`` into the text field identified by ``locator``.</doc>
<msg timestamp="20210415 15:31:24.904" level="INFO">Typing text 'Jio Jo' into text field 'display_name'.</msg>
<status status="PASS" starttime="20210415 15:31:24.903" endtime="20210415 15:31:25.008"/>
</kw>
<kw name="Select Checkbox" library="Selenium2Library">
<arg>except_privacy_policy</arg>
<doc>Selects the checkbox identified by ``locator``.</doc>
<msg timestamp="20210415 15:31:25.009" level="INFO">Selecting checkbox 'except_privacy_policy'.</msg>
<status status="PASS" starttime="20210415 15:31:25.009" endtime="20210415 15:31:25.040"/>
</kw>
<kw name="Submit Form" library="Selenium2Library">
<doc>Submits a form identified by ``locator``.</doc>
<msg timestamp="20210415 15:31:25.041" level="INFO">Submitting form 'None'.</msg>
<status status="PASS" starttime="20210415 15:31:25.040" endtime="20210415 15:31:25.059"/>
</kw>
<status status="PASS" starttime="20210415 15:31:23.716" endtime="20210415 15:31:25.059"/>
</kw>
<kw name="Wait Until Page Contains" library="Selenium2Library">
<arg>คุณเป็นสมาชิก Pantipmarket.com เรียบร้อยแล้ว</arg>
<doc>Waits until ``text`` appears on the current page.</doc>
<status status="PASS" starttime="20210415 15:31:25.059" endtime="20210415 15:31:25.709"/>
</kw>
<kw name="Close Browser" library="Selenium2Library" type="TEARDOWN">
<doc>Closes the current browser.</doc>
<status status="PASS" starttime="20210415 15:31:25.709" endtime="20210415 15:31:25.722"/>
</kw>
<status status="PASS" starttime="20210415 15:31:19.763" endtime="20210415 15:31:25.723"/>
</test>
<status status="FAIL" starttime="20210415 15:30:53.629" endtime="20210415 15:31:25.726"/>
</suite>
<statistics>
<total>
<stat pass="4" fail="1" skip="0">All Tests</stat>
</total>
<tag>
</tag>
<suite>
<stat pass="4" fail="1" skip="0" id="s1" name="SingUp">SingUp</stat>
</suite>
</statistics>
<errors>
</errors>
</robot>
