<?xml version="1.0" encoding="UTF-8"?>
<robot generator="Robot 4.0 (Python 3.9.2 on darwin)" generated="20210414 21:53:34.965" rpa="false" schemaversion="2">
<suite id="s1" name="SingUp" source="/Users/puntakarnkaewsanghan/Desktop/Git/robot_framework/สมัครสมาชิก/SingUp.robot">
<test id="s1-t1" name="กรอกข้อมูลไม่ครบ (test to fail)">
<kw name="Open Web Site Pantipmarket On Browser" type="SETUP">
<kw name="Open Browser" library="Selenium2Library">
<arg>url=https://www.pantipmarket.com</arg>
<arg>browser=safari</arg>
<doc>Opens a new browser instance to the optional ``url``.</doc>
<msg timestamp="20210414 21:53:35.065" level="INFO">Opening browser 'safari' to base url 'https://www.pantipmarket.com'.</msg>
<status status="PASS" starttime="20210414 21:53:35.065" endtime="20210414 21:53:38.635"/>
</kw>
<kw name="Maximize Browser Window" library="Selenium2Library">
<doc>Maximizes current browser window.</doc>
<status status="PASS" starttime="20210414 21:53:38.636" endtime="20210414 21:53:38.652"/>
</kw>
<kw name="Wait Until Page Contains" library="Selenium2Library">
<arg>ข่าวสารและกิจกรรม</arg>
<doc>Waits until ``text`` appears on the current page.</doc>
<status status="PASS" starttime="20210414 21:53:38.652" endtime="20210414 21:53:38.700"/>
</kw>
<kw name="Click Link" library="Selenium2Library">
<arg>https://www.pantipmarket.com/member/register_option.php</arg>
<doc>Clicks a link identified by ``locator``.</doc>
<msg timestamp="20210414 21:53:38.701" level="INFO">Clicking link 'https://www.pantipmarket.com/member/register_option.php'.</msg>
<status status="PASS" starttime="20210414 21:53:38.700" endtime="20210414 21:53:38.755"/>
</kw>
<kw name="Wait Until Page Contains" library="Selenium2Library">
<arg>ท่านสามารถ สมัครสมาชิก ผ่านทาง</arg>
<doc>Waits until ``text`` appears on the current page.</doc>
<status status="PASS" starttime="20210414 21:53:38.755" endtime="20210414 21:53:38.992"/>
</kw>
<kw name="Click Image" library="Selenium2Library">
<arg>../../image/button/but_pantipmarket.png</arg>
<doc>Clicks an image identified by ``locator``.</doc>
<msg timestamp="20210414 21:53:38.993" level="INFO">Clicking image '../../image/button/but_pantipmarket.png'.</msg>
<status status="PASS" starttime="20210414 21:53:38.992" endtime="20210414 21:53:39.016"/>
</kw>
<kw name="Wait Until Page Contains" library="Selenium2Library">
<arg>กรุณาให้ข้อมูลเพิ่มเติม</arg>
<doc>Waits until ``text`` appears on the current page.</doc>
<status status="PASS" starttime="20210414 21:53:39.017" endtime="20210414 21:53:39.231"/>
</kw>
<status status="PASS" starttime="20210414 21:53:35.065" endtime="20210414 21:53:39.231"/>
</kw>
<kw name="Input Text" library="Selenium2Library">
<arg>username</arg>
<arg>aop1122</arg>
<doc>Types the given ``text`` into the text field identified by ``locator``.</doc>
<msg timestamp="20210414 21:53:39.232" level="INFO">Typing text 'aop1122' into text field 'username'.</msg>
<status status="PASS" starttime="20210414 21:53:39.232" endtime="20210414 21:53:39.349"/>
</kw>
<kw name="Input Password" library="Selenium2Library">
<arg>password</arg>
<arg>Puntakarn1234567890</arg>
<doc>Types the given password into the text field identified by ``locator``.</doc>
<msg timestamp="20210414 21:53:39.350" level="INFO">Typing password into text field 'password'.</msg>
<msg timestamp="20210414 21:53:39.361" level="INFO">Temporally setting log level to: NONE</msg>
<msg timestamp="20210414 21:53:39.636" level="INFO">Log level changed from NONE to INFO.</msg>
<status status="PASS" starttime="20210414 21:53:39.350" endtime="20210414 21:53:39.636"/>
</kw>
<kw name="Input Password" library="Selenium2Library">
<arg>confirm_password</arg>
<arg>Puntakarn1234567890</arg>
<doc>Types the given password into the text field identified by ``locator``.</doc>
<msg timestamp="20210414 21:53:39.637" level="INFO">Typing password into text field 'confirm_password'.</msg>
<msg timestamp="20210414 21:53:39.655" level="INFO">Temporally setting log level to: NONE</msg>
<msg timestamp="20210414 21:53:39.941" level="INFO">Log level changed from NONE to INFO.</msg>
<status status="PASS" starttime="20210414 21:53:39.636" endtime="20210414 21:53:39.941"/>
</kw>
<kw name="Input Text" library="Selenium2Library">
<arg>name</arg>
<arg>พันธกานต์</arg>
<doc>Types the given ``text`` into the text field identified by ``locator``.</doc>
<msg timestamp="20210414 21:53:39.942" level="INFO">Typing text 'พันธกานต์' into text field 'name'.</msg>
<status status="PASS" starttime="20210414 21:53:39.941" endtime="20210414 21:53:40.035"/>
</kw>
<kw name="Input Text" library="Selenium2Library">
<arg>email</arg>
<arg>aop1122@hotmail.com</arg>
<doc>Types the given ``text`` into the text field identified by ``locator``.</doc>
<msg timestamp="20210414 21:53:40.036" level="INFO">Typing text 'aop1122@hotmail.com' into text field 'email'.</msg>
<status status="PASS" starttime="20210414 21:53:40.036" endtime="20210414 21:53:40.217"/>
</kw>
<kw name="Input Text" library="Selenium2Library">
<arg>phone</arg>
<arg>0801800391</arg>
<doc>Types the given ``text`` into the text field identified by ``locator``.</doc>
<msg timestamp="20210414 21:53:40.218" level="INFO">Typing text '0801800391' into text field 'phone'.</msg>
<status status="PASS" starttime="20210414 21:53:40.218" endtime="20210414 21:53:40.336"/>
</kw>
<kw name="Input Text" library="Selenium2Library">
<arg>display_name</arg>
<arg>Puntakarn Kaewsanghan</arg>
<doc>Types the given ``text`` into the text field identified by ``locator``.</doc>
<msg timestamp="20210414 21:53:40.337" level="INFO">Typing text 'Puntakarn Kaewsanghan' into text field 'display_name'.</msg>
<status status="PASS" starttime="20210414 21:53:40.336" endtime="20210414 21:53:40.565"/>
</kw>
<kw name="Select Checkbox" library="Selenium2Library">
<arg>except_privacy_policy</arg>
<doc>Selects the checkbox identified by ``locator``.</doc>
<msg timestamp="20210414 21:53:40.566" level="INFO">Selecting checkbox 'except_privacy_policy'.</msg>
<status status="PASS" starttime="20210414 21:53:40.565" endtime="20210414 21:53:40.594"/>
</kw>
<kw name="Submit Form" library="Selenium2Library">
<doc>Submits a form identified by ``locator``.</doc>
<msg timestamp="20210414 21:53:40.595" level="INFO">Submitting form 'None'.</msg>
<status status="PASS" starttime="20210414 21:53:40.594" endtime="20210414 21:53:40.624"/>
</kw>
<kw name="Alert Should Be Present" library="Selenium2Library">
<arg>กรุณาใส่ "นามสกุล" ให้ถูกต้องด้วยค่ะ</arg>
<doc>Verifies that an alert is present and by default, accepts it.</doc>
<msg timestamp="20210414 21:53:40.625" level="INFO">HANDLE::&lt;class 'NoneType'&gt;::None</msg>
<status status="PASS" starttime="20210414 21:53:40.624" endtime="20210414 21:53:40.637"/>
</kw>
<kw name="Close Browser" library="Selenium2Library">
<doc>Closes the current browser.</doc>
<status status="PASS" starttime="20210414 21:53:40.638" endtime="20210414 21:53:40.665"/>
</kw>
<status status="PASS" starttime="20210414 21:53:35.064" endtime="20210414 21:53:40.665"/>
</test>
<test id="s1-t2" name="รหัสผ่านและยืนยันรหัสผ่านไม่ตรงกัน (test to fail)">
<kw name="Open Web Site Pantipmarket On Browser" type="SETUP">
<kw name="Open Browser" library="Selenium2Library">
<arg>url=https://www.pantipmarket.com</arg>
<arg>browser=safari</arg>
<doc>Opens a new browser instance to the optional ``url``.</doc>
<msg timestamp="20210414 21:53:40.672" level="INFO">Opening browser 'safari' to base url 'https://www.pantipmarket.com'.</msg>
<status status="PASS" starttime="20210414 21:53:40.671" endtime="20210414 21:53:44.061"/>
</kw>
<kw name="Maximize Browser Window" library="Selenium2Library">
<doc>Maximizes current browser window.</doc>
<status status="PASS" starttime="20210414 21:53:44.061" endtime="20210414 21:53:44.070"/>
</kw>
<kw name="Wait Until Page Contains" library="Selenium2Library">
<arg>ข่าวสารและกิจกรรม</arg>
<doc>Waits until ``text`` appears on the current page.</doc>
<status status="PASS" starttime="20210414 21:53:44.070" endtime="20210414 21:53:44.112"/>
</kw>
<kw name="Click Link" library="Selenium2Library">
<arg>https://www.pantipmarket.com/member/register_option.php</arg>
<doc>Clicks a link identified by ``locator``.</doc>
<msg timestamp="20210414 21:53:44.113" level="INFO">Clicking link 'https://www.pantipmarket.com/member/register_option.php'.</msg>
<status status="PASS" starttime="20210414 21:53:44.112" endtime="20210414 21:53:44.161"/>
</kw>
<kw name="Wait Until Page Contains" library="Selenium2Library">
<arg>ท่านสามารถ สมัครสมาชิก ผ่านทาง</arg>
<doc>Waits until ``text`` appears on the current page.</doc>
<status status="PASS" starttime="20210414 21:53:44.161" endtime="20210414 21:53:44.402"/>
</kw>
<kw name="Click Image" library="Selenium2Library">
<arg>../../image/button/but_pantipmarket.png</arg>
<doc>Clicks an image identified by ``locator``.</doc>
<msg timestamp="20210414 21:53:44.402" level="INFO">Clicking image '../../image/button/but_pantipmarket.png'.</msg>
<status status="PASS" starttime="20210414 21:53:44.402" endtime="20210414 21:53:44.423"/>
</kw>
<kw name="Wait Until Page Contains" library="Selenium2Library">
<arg>กรุณาให้ข้อมูลเพิ่มเติม</arg>
<doc>Waits until ``text`` appears on the current page.</doc>
<status status="PASS" starttime="20210414 21:53:44.424" endtime="20210414 21:53:44.642"/>
</kw>
<status status="PASS" starttime="20210414 21:53:40.671" endtime="20210414 21:53:44.642"/>
</kw>
<kw name="Input Text" library="Selenium2Library">
<arg>username</arg>
<arg>aop1122</arg>
<doc>Types the given ``text`` into the text field identified by ``locator``.</doc>
<msg timestamp="20210414 21:53:44.643" level="INFO">Typing text 'aop1122' into text field 'username'.</msg>
<status status="PASS" starttime="20210414 21:53:44.643" endtime="20210414 21:53:44.735"/>
</kw>
<kw name="Input Password" library="Selenium2Library">
<arg>password</arg>
<arg>Puntakarn1234567890</arg>
<doc>Types the given password into the text field identified by ``locator``.</doc>
<msg timestamp="20210414 21:53:44.736" level="INFO">Typing password into text field 'password'.</msg>
<msg timestamp="20210414 21:53:44.749" level="INFO">Temporally setting log level to: NONE</msg>
<msg timestamp="20210414 21:53:45.018" level="INFO">Log level changed from NONE to INFO.</msg>
<status status="PASS" starttime="20210414 21:53:44.736" endtime="20210414 21:53:45.018"/>
</kw>
<kw name="Input Password" library="Selenium2Library">
<arg>confirm_password</arg>
<arg>nfjggnriirfn</arg>
<doc>Types the given password into the text field identified by ``locator``.</doc>
<msg timestamp="20210414 21:53:45.019" level="INFO">Typing password into text field 'confirm_password'.</msg>
<msg timestamp="20210414 21:53:45.040" level="INFO">Temporally setting log level to: NONE</msg>
<msg timestamp="20210414 21:53:45.218" level="INFO">Log level changed from NONE to INFO.</msg>
<status status="PASS" starttime="20210414 21:53:45.018" endtime="20210414 21:53:45.218"/>
</kw>
<kw name="Input Text" library="Selenium2Library">
<arg>name</arg>
<arg>พันธกานต์</arg>
<doc>Types the given ``text`` into the text field identified by ``locator``.</doc>
<msg timestamp="20210414 21:53:45.219" level="INFO">Typing text 'พันธกานต์' into text field 'name'.</msg>
<status status="PASS" starttime="20210414 21:53:45.219" endtime="20210414 21:53:45.317"/>
</kw>
<kw name="Input Text" library="Selenium2Library">
<arg>sname</arg>
<arg>แก้วสังหาร</arg>
<doc>Types the given ``text`` into the text field identified by ``locator``.</doc>
<msg timestamp="20210414 21:53:45.318" level="INFO">Typing text 'แก้วสังหาร' into text field 'sname'.</msg>
<status status="PASS" starttime="20210414 21:53:45.317" endtime="20210414 21:53:45.415"/>
</kw>
<kw name="Input Text" library="Selenium2Library">
<arg>email</arg>
<arg>aop1122@hotmail.com</arg>
<doc>Types the given ``text`` into the text field identified by ``locator``.</doc>
<msg timestamp="20210414 21:53:45.416" level="INFO">Typing text 'aop1122@hotmail.com' into text field 'email'.</msg>
<status status="PASS" starttime="20210414 21:53:45.415" endtime="20210414 21:53:45.603"/>
</kw>
<kw name="Input Text" library="Selenium2Library">
<arg>phone</arg>
<arg>0801800391</arg>
<doc>Types the given ``text`` into the text field identified by ``locator``.</doc>
<msg timestamp="20210414 21:53:45.604" level="INFO">Typing text '0801800391' into text field 'phone'.</msg>
<status status="PASS" starttime="20210414 21:53:45.603" endtime="20210414 21:53:45.714"/>
</kw>
<kw name="Input Text" library="Selenium2Library">
<arg>display_name</arg>
<arg>Puntakarn Kaewsanghan</arg>
<doc>Types the given ``text`` into the text field identified by ``locator``.</doc>
<msg timestamp="20210414 21:53:45.715" level="INFO">Typing text 'Puntakarn Kaewsanghan' into text field 'display_name'.</msg>
<status status="PASS" starttime="20210414 21:53:45.715" endtime="20210414 21:53:45.935"/>
</kw>
<kw name="Select Checkbox" library="Selenium2Library">
<arg>except_privacy_policy</arg>
<doc>Selects the checkbox identified by ``locator``.</doc>
<msg timestamp="20210414 21:53:45.936" level="INFO">Selecting checkbox 'except_privacy_policy'.</msg>
<status status="PASS" starttime="20210414 21:53:45.935" endtime="20210414 21:53:45.964"/>
</kw>
<kw name="Submit Form" library="Selenium2Library">
<doc>Submits a form identified by ``locator``.</doc>
<msg timestamp="20210414 21:53:45.964" level="INFO">Submitting form 'None'.</msg>
<status status="PASS" starttime="20210414 21:53:45.964" endtime="20210414 21:53:45.995"/>
</kw>
<kw name="Alert Should Be Present" library="Selenium2Library">
<arg>กรุณาใส่ "Password (รหัสผ่าน)" ให้ตรงกับ "Confirm Password (ยืนยันรหัสผ่าน)" ด้วยค่ะ</arg>
<doc>Verifies that an alert is present and by default, accepts it.</doc>
<msg timestamp="20210414 21:53:45.996" level="INFO">HANDLE::&lt;class 'NoneType'&gt;::None</msg>
<status status="PASS" starttime="20210414 21:53:45.996" endtime="20210414 21:53:46.006"/>
</kw>
<kw name="Close Browser" library="Selenium2Library">
<doc>Closes the current browser.</doc>
<status status="PASS" starttime="20210414 21:53:46.007" endtime="20210414 21:53:46.025"/>
</kw>
<status status="PASS" starttime="20210414 21:53:40.667" endtime="20210414 21:53:46.027"/>
</test>
<status status="PASS" starttime="20210414 21:53:34.966" endtime="20210414 21:53:46.030"/>
</suite>
<statistics>
<total>
<stat pass="2" fail="0" skip="0">All Tests</stat>
</total>
<tag>
</tag>
<suite>
<stat pass="2" fail="0" skip="0" id="s1" name="SingUp">SingUp</stat>
</suite>
</statistics>
<errors>
</errors>
</robot>
