<?xml version="1.0" encoding="UTF-8"?>
<robot generator="Robot 4.0 (Python 3.8.3 on win32)" generated="20210424 17:43:56.229" rpa="false" schemaversion="2">
<suite id="s1" name="Advertisement" source="C:\Users\Hp\OneDrive\เอกสาร\GitHub\robot_framework\ลงโฆษณา\Advertisement.robot">
<test id="s1-t1" name="TC01 - กรอกข้อมูลสินค้าครบ ลงสำเร็จครังเเรกชื่อไม่ซ้ำ (test to pass)">
<kw name="Open Web Site Pantipmarket On Browser" type="SETUP">
<kw name="Set Selenium Speed" library="Selenium2Library">
<arg>0.7 seconds</arg>
<doc>Sets the delay that is waited after each Selenium command.</doc>
<status status="PASS" starttime="20210424 17:43:56.601" endtime="20210424 17:43:56.602"/>
</kw>
<kw name="Open Browser" library="Selenium2Library">
<arg>url=https://www.pantipmarket.com</arg>
<arg>browser=chrome</arg>
<doc>Opens a new browser instance to the optional ``url``.</doc>
<msg timestamp="20210424 17:43:56.603" level="INFO">Opening browser 'chrome' to base url 'https://www.pantipmarket.com'.</msg>
<status status="PASS" starttime="20210424 17:43:56.602" endtime="20210424 17:44:02.267"/>
</kw>
<kw name="Maximize Browser Window" library="Selenium2Library">
<doc>Maximizes current browser window.</doc>
<status status="PASS" starttime="20210424 17:44:02.267" endtime="20210424 17:44:03.149"/>
</kw>
<kw name="Mouse Down On Link" library="Selenium2Library">
<arg>javascript:void(0);</arg>
<doc>Simulates a mouse down event on a link identified by ``locator``.</doc>
<status status="PASS" starttime="20210424 17:44:03.149" endtime="20210424 17:44:05.624"/>
</kw>
<kw name="Input Text" library="Selenium2Library">
<arg>username</arg>
<arg>testuser3445555</arg>
<doc>Types the given ``text`` into the text field identified by ``locator``.</doc>
<msg timestamp="20210424 17:44:05.624" level="INFO">Typing text 'testuser3445555' into text field 'username'.</msg>
<status status="PASS" starttime="20210424 17:44:05.624" endtime="20210424 17:44:07.892"/>
</kw>
<kw name="Input Password" library="Selenium2Library">
<arg>password</arg>
<arg>Testpassword1122</arg>
<doc>Types the given password into the text field identified by ``locator``.</doc>
<msg timestamp="20210424 17:44:07.893" level="INFO">Typing password into text field 'password'.</msg>
<msg timestamp="20210424 17:44:09.357" level="INFO">Temporally setting log level to: NONE</msg>
<msg timestamp="20210424 17:44:10.215" level="INFO">Log level changed from NONE to INFO.</msg>
<status status="PASS" starttime="20210424 17:44:07.893" endtime="20210424 17:44:10.215"/>
</kw>
<kw name="Click Button" library="Selenium2Library">
<arg>login_popup_btn</arg>
<doc>Clicks the button identified by ``locator``.</doc>
<msg timestamp="20210424 17:44:10.216" level="INFO">Clicking button 'login_popup_btn'.</msg>
<status status="PASS" starttime="20210424 17:44:10.215" endtime="20210424 17:44:15.082"/>
</kw>
<kw name="Sleep" library="BuiltIn">
<arg>0.5</arg>
<doc>Pauses the test executed for the given time.</doc>
<msg timestamp="20210424 17:44:15.594" level="INFO">Slept 500 milliseconds</msg>
<status status="PASS" starttime="20210424 17:44:15.082" endtime="20210424 17:44:15.594"/>
</kw>
<kw name="Wait Until Page Contains" library="Selenium2Library">
<arg>ยินดีต้อนรับคุณ</arg>
<doc>Waits until ``text`` appears on the current page.</doc>
<status status="PASS" starttime="20210424 17:44:15.594" endtime="20210424 17:44:16.322"/>
</kw>
<kw name="Click Link" library="Selenium2Library">
<arg>https://www.pantipmarket.com/post</arg>
<doc>Clicks a link identified by ``locator``.</doc>
<msg timestamp="20210424 17:44:16.323" level="INFO">Clicking link 'https://www.pantipmarket.com/post'.</msg>
<status status="PASS" starttime="20210424 17:44:16.322" endtime="20210424 17:44:20.237"/>
</kw>
<kw name="Wait Until Page Contains" library="Selenium2Library">
<arg>หากต้องการ สอบถามเกี่ยวกับการลงประกาศฟรี คลิกที่นี่</arg>
<doc>Waits until ``text`` appears on the current page.</doc>
<status status="PASS" starttime="20210424 17:44:20.237" endtime="20210424 17:44:20.967"/>
</kw>
<status status="PASS" starttime="20210424 17:43:56.600" endtime="20210424 17:44:20.968"/>
</kw>
<kw name="Wait Until Page Contains" library="Selenium2Library">
<arg>ข้อมูลโฆษณา</arg>
<doc>Waits until ``text`` appears on the current page.</doc>
<status status="PASS" starttime="20210424 17:44:20.969" endtime="20210424 17:44:21.694"/>
</kw>
<kw name="Input Text" library="Selenium2Library">
<arg>topic_th</arg>
<arg>สินค้าทดสอบ2</arg>
<doc>Types the given ``text`` into the text field identified by ``locator``.</doc>
<msg timestamp="20210424 17:44:21.696" level="INFO">Typing text 'สินค้าทดสอบ2' into text field 'topic_th'.</msg>
<status status="PASS" starttime="20210424 17:44:21.695" endtime="20210424 17:44:23.947"/>
</kw>
<kw name="Click Element" library="Selenium2Library">
<arg>//*[@id="select_group"]</arg>
<doc>Click the element identified by ``locator``.</doc>
<msg timestamp="20210424 17:44:23.948" level="INFO">Clicking element '//*[@id="select_group"]'.</msg>
<status status="PASS" starttime="20210424 17:44:23.948" endtime="20210424 17:44:29.283"/>
</kw>
<kw name="Scroll Element Into View" library="Selenium2Library">
<arg>//*[@id="lv"]/li[32]/div</arg>
<doc>Scrolls the element identified by ``locator`` into view.</doc>
<status status="PASS" starttime="20210424 17:44:29.284" endtime="20210424 17:44:30.989"/>
</kw>
<kw name="Wait Until Element Is Visible" library="Selenium2Library">
<arg>//*[@id="lv"]/li[32]/div</arg>
<doc>Waits until the element ``locator`` is visible.</doc>
<status status="PASS" starttime="20210424 17:44:30.989" endtime="20210424 17:44:32.421"/>
</kw>
<kw name="Click Element" library="Selenium2Library">
<arg>//*[@id="lv"]/li[32]/div</arg>
<doc>Click the element identified by ``locator``.</doc>
<msg timestamp="20210424 17:44:32.422" level="INFO">Clicking element '//*[@id="lv"]/li[32]/div'.</msg>
<status status="PASS" starttime="20210424 17:44:32.422" endtime="20210424 17:44:33.884"/>
</kw>
<kw name="Click Element" library="Selenium2Library">
<arg>css:body &gt; div.jqibox &gt; div.jqi &gt; form &gt; div.jqistates &gt; div &gt; div.jqibuttons &gt; button.jqiprimarybutton</arg>
<doc>Click the element identified by ``locator``.</doc>
<msg timestamp="20210424 17:44:33.885" level="INFO">Clicking element 'css:body &gt; div.jqibox &gt; div.jqi &gt; form &gt; div.jqistates &gt; div &gt; div.jqibuttons &gt; button.jqiprimarybutton'.</msg>
<status status="PASS" starttime="20210424 17:44:33.885" endtime="20210424 17:44:35.346"/>
</kw>
<kw name="Input Text" library="Selenium2Library">
<arg>css:#message_th</arg>
<arg>just a test post</arg>
<doc>Types the given ``text`` into the text field identified by ``locator``.</doc>
<msg timestamp="20210424 17:44:35.347" level="INFO">Typing text 'just a test post' into text field 'css:#message_th'.</msg>
<status status="PASS" starttime="20210424 17:44:35.347" endtime="20210424 17:44:37.608"/>
</kw>
<kw name="Input Text" library="Selenium2Library">
<arg>css:#price_text</arg>
<arg>1</arg>
<doc>Types the given ``text`` into the text field identified by ``locator``.</doc>
<msg timestamp="20210424 17:44:37.609" level="INFO">Typing text '1' into text field 'css:#price_text'.</msg>
<status status="PASS" starttime="20210424 17:44:37.609" endtime="20210424 17:44:39.834"/>
</kw>
<kw name="Input Text" library="Selenium2Library">
<arg>css:#price_text</arg>
<arg>1</arg>
<doc>Types the given ``text`` into the text field identified by ``locator``.</doc>
<msg timestamp="20210424 17:44:39.834" level="INFO">Typing text '1' into text field 'css:#price_text'.</msg>
<status status="PASS" starttime="20210424 17:44:39.834" endtime="20210424 17:44:42.028"/>
</kw>
<kw name="Drag And Drop By Offset" library="Selenium2Library">
<arg>css:#data_post &gt; div:nth-child(6) &gt; fieldset &gt; div &gt; div &gt; div.frm_col.col-9 &gt; div &gt; div &gt; div.bgSlider &gt; div</arg>
<arg>379</arg>
<arg>0</arg>
<doc>Drags the element identified with ``locator`` by ``xoffset/yoffset``.</doc>
<status status="PASS" starttime="20210424 17:44:42.029" endtime="20210424 17:44:44.018"/>
</kw>
<kw name="Sleep" library="BuiltIn">
<arg>0.5</arg>
<doc>Pauses the test executed for the given time.</doc>
<msg timestamp="20210424 17:44:44.531" level="INFO">Slept 500 milliseconds</msg>
<status status="PASS" starttime="20210424 17:44:44.019" endtime="20210424 17:44:44.531"/>
</kw>
<kw name="Click Element" library="Selenium2Library">
<arg>css:body &gt; div.jqibox &gt; div.jqi &gt; form &gt; div.jqistates &gt; div &gt; div.jqibuttons &gt; button</arg>
<doc>Click the element identified by ``locator``.</doc>
<msg timestamp="20210424 17:44:44.533" level="INFO">Clicking element 'css:body &gt; div.jqibox &gt; div.jqi &gt; form &gt; div.jqistates &gt; div &gt; div.jqibuttons &gt; button'.</msg>
<kw name="Capture Page Screenshot" library="Selenium2Library">
<doc>Takes a screenshot of the current page and embeds it into a log file.</doc>
<msg timestamp="20210424 17:44:46.121" level="INFO" html="true">&lt;/td&gt;&lt;/tr&gt;&lt;tr&gt;&lt;td colspan="3"&gt;&lt;a href="selenium-screenshot-11.png"&gt;&lt;img src="selenium-screenshot-11.png" width="800px"&gt;&lt;/a&gt;</msg>
<status status="PASS" starttime="20210424 17:44:45.248" endtime="20210424 17:44:46.121"/>
</kw>
<msg timestamp="20210424 17:44:46.125" level="FAIL">Element with locator 'css:body &gt; div.jqibox &gt; div.jqi &gt; form &gt; div.jqistates &gt; div &gt; div.jqibuttons &gt; button' not found.</msg>
<status status="FAIL" starttime="20210424 17:44:44.532" endtime="20210424 17:44:46.125"/>
</kw>
<kw name="Close Browser" library="Selenium2Library" type="TEARDOWN">
<doc>Closes the current browser.</doc>
<status status="PASS" starttime="20210424 17:44:46.126" endtime="20210424 17:44:48.946"/>
</kw>
<status status="FAIL" starttime="20210424 17:43:56.593" endtime="20210424 17:44:48.947">Element with locator 'css:body &gt; div.jqibox &gt; div.jqi &gt; form &gt; div.jqistates &gt; div &gt; div.jqibuttons &gt; button' not found.</status>
</test>
<test id="s1-t2" name="TC02 - กรอกข้อมูลสินค้าไม่ครบ (test to fail)">
<kw name="Open Web Site Pantipmarket On Browser" type="SETUP">
<kw name="Set Selenium Speed" library="Selenium2Library">
<arg>0.7 seconds</arg>
<doc>Sets the delay that is waited after each Selenium command.</doc>
<status status="PASS" starttime="20210424 17:44:48.952" endtime="20210424 17:44:48.953"/>
</kw>
<kw name="Open Browser" library="Selenium2Library">
<arg>url=https://www.pantipmarket.com</arg>
<arg>browser=chrome</arg>
<doc>Opens a new browser instance to the optional ``url``.</doc>
<msg timestamp="20210424 17:44:48.953" level="INFO">Opening browser 'chrome' to base url 'https://www.pantipmarket.com'.</msg>
<status status="PASS" starttime="20210424 17:44:48.953" endtime="20210424 17:44:53.356"/>
</kw>
<kw name="Maximize Browser Window" library="Selenium2Library">
<doc>Maximizes current browser window.</doc>
<status status="PASS" starttime="20210424 17:44:53.356" endtime="20210424 17:44:54.203"/>
</kw>
<kw name="Mouse Down On Link" library="Selenium2Library">
<arg>javascript:void(0);</arg>
<doc>Simulates a mouse down event on a link identified by ``locator``.</doc>
<status status="PASS" starttime="20210424 17:44:54.204" endtime="20210424 17:44:56.646"/>
</kw>
<kw name="Input Text" library="Selenium2Library">
<arg>username</arg>
<arg>testuser3445555</arg>
<doc>Types the given ``text`` into the text field identified by ``locator``.</doc>
<msg timestamp="20210424 17:44:56.647" level="INFO">Typing text 'testuser3445555' into text field 'username'.</msg>
<status status="PASS" starttime="20210424 17:44:56.646" endtime="20210424 17:44:58.900"/>
</kw>
<kw name="Input Password" library="Selenium2Library">
<arg>password</arg>
<arg>Testpassword1122</arg>
<doc>Types the given password into the text field identified by ``locator``.</doc>
<msg timestamp="20210424 17:44:58.900" level="INFO">Typing password into text field 'password'.</msg>
<msg timestamp="20210424 17:45:00.365" level="INFO">Temporally setting log level to: NONE</msg>
<msg timestamp="20210424 17:45:01.162" level="INFO">Log level changed from NONE to INFO.</msg>
<status status="PASS" starttime="20210424 17:44:58.900" endtime="20210424 17:45:01.162"/>
</kw>
<kw name="Click Button" library="Selenium2Library">
<arg>login_popup_btn</arg>
<doc>Clicks the button identified by ``locator``.</doc>
<msg timestamp="20210424 17:45:01.162" level="INFO">Clicking button 'login_popup_btn'.</msg>
<status status="PASS" starttime="20210424 17:45:01.162" endtime="20210424 17:45:05.845"/>
</kw>
<kw name="Sleep" library="BuiltIn">
<arg>0.5</arg>
<doc>Pauses the test executed for the given time.</doc>
<msg timestamp="20210424 17:45:06.358" level="INFO">Slept 500 milliseconds</msg>
<status status="PASS" starttime="20210424 17:45:05.847" endtime="20210424 17:45:06.358"/>
</kw>
<kw name="Wait Until Page Contains" library="Selenium2Library">
<arg>ยินดีต้อนรับคุณ</arg>
<doc>Waits until ``text`` appears on the current page.</doc>
<status status="PASS" starttime="20210424 17:45:06.358" endtime="20210424 17:45:07.079"/>
</kw>
<kw name="Click Link" library="Selenium2Library">
<arg>https://www.pantipmarket.com/post</arg>
<doc>Clicks a link identified by ``locator``.</doc>
<msg timestamp="20210424 17:45:07.079" level="INFO">Clicking link 'https://www.pantipmarket.com/post'.</msg>
<status status="PASS" starttime="20210424 17:45:07.079" endtime="20210424 17:45:11.113"/>
</kw>
<kw name="Wait Until Page Contains" library="Selenium2Library">
<arg>หากต้องการ สอบถามเกี่ยวกับการลงประกาศฟรี คลิกที่นี่</arg>
<doc>Waits until ``text`` appears on the current page.</doc>
<status status="PASS" starttime="20210424 17:45:11.113" endtime="20210424 17:45:11.833"/>
</kw>
<status status="PASS" starttime="20210424 17:44:48.952" endtime="20210424 17:45:11.833"/>
</kw>
<kw name="Wait Until Page Contains" library="Selenium2Library">
<arg>ข้อมูลโฆษณา</arg>
<doc>Waits until ``text`` appears on the current page.</doc>
<status status="PASS" starttime="20210424 17:45:11.834" endtime="20210424 17:45:12.552"/>
</kw>
<kw name="Input Text" library="Selenium2Library">
<arg>topic_th</arg>
<arg>สินค้าทดสอบ</arg>
<doc>Types the given ``text`` into the text field identified by ``locator``.</doc>
<msg timestamp="20210424 17:45:12.553" level="INFO">Typing text 'สินค้าทดสอบ' into text field 'topic_th'.</msg>
<status status="PASS" starttime="20210424 17:45:12.552" endtime="20210424 17:45:14.804"/>
</kw>
<kw name="Click Element" library="Selenium2Library">
<arg>//*[@id="select_group"]</arg>
<doc>Click the element identified by ``locator``.</doc>
<msg timestamp="20210424 17:45:14.805" level="INFO">Clicking element '//*[@id="select_group"]'.</msg>
<status status="PASS" starttime="20210424 17:45:14.805" endtime="20210424 17:45:20.161"/>
</kw>
<kw name="Scroll Element Into View" library="Selenium2Library">
<arg>//*[@id="lv"]/li[32]/div</arg>
<doc>Scrolls the element identified by ``locator`` into view.</doc>
<status status="PASS" starttime="20210424 17:45:20.162" endtime="20210424 17:45:21.875"/>
</kw>
<kw name="Wait Until Element Is Visible" library="Selenium2Library">
<arg>//*[@id="lv"]/li[32]/div</arg>
<doc>Waits until the element ``locator`` is visible.</doc>
<status status="PASS" starttime="20210424 17:45:21.875" endtime="20210424 17:45:23.305"/>
</kw>
<kw name="Click Element" library="Selenium2Library">
<arg>//*[@id="lv"]/li[32]/div</arg>
<doc>Click the element identified by ``locator``.</doc>
<msg timestamp="20210424 17:45:23.306" level="INFO">Clicking element '//*[@id="lv"]/li[32]/div'.</msg>
<status status="PASS" starttime="20210424 17:45:23.305" endtime="20210424 17:45:24.769"/>
</kw>
<kw name="Click Element" library="Selenium2Library">
<arg>css:body &gt; div.jqibox &gt; div.jqi &gt; form &gt; div.jqistates &gt; div &gt; div.jqibuttons &gt; button.jqiprimarybutton</arg>
<doc>Click the element identified by ``locator``.</doc>
<msg timestamp="20210424 17:45:24.770" level="INFO">Clicking element 'css:body &gt; div.jqibox &gt; div.jqi &gt; form &gt; div.jqistates &gt; div &gt; div.jqibuttons &gt; button.jqiprimarybutton'.</msg>
<status status="PASS" starttime="20210424 17:45:24.770" endtime="20210424 17:45:26.247"/>
</kw>
<kw name="Input Text" library="Selenium2Library">
<arg>css:#message_th</arg>
<arg>just a test post</arg>
<doc>Types the given ``text`` into the text field identified by ``locator``.</doc>
<msg timestamp="20210424 17:45:26.248" level="INFO">Typing text 'just a test post' into text field 'css:#message_th'.</msg>
<status status="PASS" starttime="20210424 17:45:26.248" endtime="20210424 17:45:28.489"/>
</kw>
<kw name="Input Text" library="Selenium2Library">
<arg>css:#price_text</arg>
<arg>1</arg>
<doc>Types the given ``text`` into the text field identified by ``locator``.</doc>
<msg timestamp="20210424 17:45:28.490" level="INFO">Typing text '1' into text field 'css:#price_text'.</msg>
<status status="PASS" starttime="20210424 17:45:28.490" endtime="20210424 17:45:30.712"/>
</kw>
<kw name="Drag And Drop By Offset" library="Selenium2Library">
<arg>css:#data_post &gt; div:nth-child(6) &gt; fieldset &gt; div &gt; div &gt; div.frm_col.col-9 &gt; div &gt; div &gt; div.bgSlider &gt; div</arg>
<arg>379</arg>
<arg>0</arg>
<doc>Drags the element identified with ``locator`` by ``xoffset/yoffset``.</doc>
<status status="PASS" starttime="20210424 17:45:30.712" endtime="20210424 17:45:32.692"/>
</kw>
<kw name="Sleep" library="BuiltIn">
<arg>0.5</arg>
<doc>Pauses the test executed for the given time.</doc>
<msg timestamp="20210424 17:45:33.203" level="INFO">Slept 500 milliseconds</msg>
<status status="PASS" starttime="20210424 17:45:32.693" endtime="20210424 17:45:33.203"/>
</kw>
<kw name="Click Element" library="Selenium2Library">
<arg>css:body &gt; div.jqibox &gt; div.jqi &gt; form &gt; div.jqistates &gt; div &gt; div.jqibuttons &gt; button</arg>
<doc>Click the element identified by ``locator``.</doc>
<msg timestamp="20210424 17:45:33.205" level="INFO">Clicking element 'css:body &gt; div.jqibox &gt; div.jqi &gt; form &gt; div.jqistates &gt; div &gt; div.jqibuttons &gt; button'.</msg>
<kw name="Capture Page Screenshot" library="Selenium2Library">
<doc>Takes a screenshot of the current page and embeds it into a log file.</doc>
<msg timestamp="20210424 17:45:34.838" level="INFO" html="true">&lt;/td&gt;&lt;/tr&gt;&lt;tr&gt;&lt;td colspan="3"&gt;&lt;a href="selenium-screenshot-12.png"&gt;&lt;img src="selenium-screenshot-12.png" width="800px"&gt;&lt;/a&gt;</msg>
<status status="PASS" starttime="20210424 17:45:33.920" endtime="20210424 17:45:34.838"/>
</kw>
<msg timestamp="20210424 17:45:34.839" level="FAIL">Element with locator 'css:body &gt; div.jqibox &gt; div.jqi &gt; form &gt; div.jqistates &gt; div &gt; div.jqibuttons &gt; button' not found.</msg>
<status status="FAIL" starttime="20210424 17:45:33.204" endtime="20210424 17:45:34.839"/>
</kw>
<kw name="Close Browser" library="Selenium2Library" type="TEARDOWN">
<doc>Closes the current browser.</doc>
<status status="PASS" starttime="20210424 17:45:34.840" endtime="20210424 17:45:37.716"/>
</kw>
<status status="FAIL" starttime="20210424 17:44:48.949" endtime="20210424 17:45:37.717">Element with locator 'css:body &gt; div.jqibox &gt; div.jqi &gt; form &gt; div.jqistates &gt; div &gt; div.jqibuttons &gt; button' not found.</status>
</test>
<status status="FAIL" starttime="20210424 17:43:56.232" endtime="20210424 17:45:37.719"/>
</suite>
<statistics>
<total>
<stat pass="0" fail="2" skip="0">All Tests</stat>
</total>
<tag>
</tag>
<suite>
<stat pass="0" fail="2" skip="0" id="s1" name="Advertisement">Advertisement</stat>
</suite>
</statistics>
<errors>
</errors>
</robot>
