<?xml version="1.0" encoding="UTF-8"?>
<robot generator="Robot 4.0 (Python 3.9.2 on darwin)" generated="20210422 20:39:18.777" rpa="false" schemaversion="2">
<suite id="s1" name="SearchByCountry" source="/Users/puntakarnkaewsanghan/Desktop/Git/robot_framework/ค้นหาสินค้า/ค้นหาสินค้าตามประเทศ/SearchByCountry.robot">
<test id="s1-t1" name="TC01 - ค้นหาตามประเทศจีน (test to pass)">
<kw name="Open Web Site Pantipmarket On Browser" type="SETUP">
<kw name="Set Selenium Speed" library="Selenium2Library">
<arg>0.7 seconds</arg>
<doc>Sets the delay that is waited after each Selenium command.</doc>
<status status="PASS" starttime="20210422 20:39:18.893" endtime="20210422 20:39:18.893"/>
</kw>
<kw name="Open Browser" library="Selenium2Library">
<arg>url=https://www.pantipmarket.com</arg>
<arg>browser=safari</arg>
<doc>Opens a new browser instance to the optional ``url``.</doc>
<msg timestamp="20210422 20:39:18.893" level="INFO">Opening browser 'safari' to base url 'https://www.pantipmarket.com'.</msg>
<status status="PASS" starttime="20210422 20:39:18.893" endtime="20210422 20:39:23.619"/>
</kw>
<kw name="Maximize Browser Window" library="Selenium2Library">
<doc>Maximizes current browser window.</doc>
<status status="PASS" starttime="20210422 20:39:23.621" endtime="20210422 20:39:24.361"/>
</kw>
<kw name="Wait Until Page Contains" library="Selenium2Library">
<arg>สงวนลิขสิทธิ์ © 2561 บริษัท พันทิปมาร์เก็ต จำกัด</arg>
<doc>Waits until ``text`` appears on the current page.</doc>
<status status="PASS" starttime="20210422 20:39:24.361" endtime="20210422 20:39:25.078"/>
</kw>
<status status="PASS" starttime="20210422 20:39:18.892" endtime="20210422 20:39:25.079"/>
</kw>
<kw name="กดดูสินค้าตามจังหวัดหรือประเทศ">
<arg>//*[@id="section_main_content"]/div/div[1]/div[2]/div[1]/div[2]/div[2]/div/button</arg>
<arg>//*[@id="section_main_content"]/div/div[1]/div[2]/div[1]/div[2]/div[2]/div/div/ul/li[108]/a</arg>
<arg>จีน</arg>
<kw name="Click Button" library="Selenium2Library">
<arg>${CLICK_BUTTON}</arg>
<doc>Clicks the button identified by ``locator``.</doc>
<msg timestamp="20210422 20:39:25.084" level="INFO">Clicking button '//*[@id="section_main_content"]/div/div[1]/div[2]/div[1]/div[2]/div[2]/div/button'.</msg>
<status status="PASS" starttime="20210422 20:39:25.082" endtime="20210422 20:39:28.761"/>
</kw>
<kw name="Click Element" library="Selenium2Library">
<arg>${CLICK_ELEMENT}</arg>
<doc>Click the element identified by ``locator``.</doc>
<msg timestamp="20210422 20:39:28.763" level="INFO">Clicking element '//*[@id="section_main_content"]/div/div[1]/div[2]/div[1]/div[2]/div[2]/div/div/ul/li[108]/a'.</msg>
<status status="PASS" starttime="20210422 20:39:28.762" endtime="20210422 20:39:30.239"/>
</kw>
<kw name="Wait Until Page Contains" library="Selenium2Library">
<arg>${PAGE_CONTAIN}</arg>
<doc>Waits until ``text`` appears on the current page.</doc>
<status status="PASS" starttime="20210422 20:39:30.240" endtime="20210422 20:39:31.264"/>
</kw>
<status status="PASS" starttime="20210422 20:39:25.080" endtime="20210422 20:39:31.265"/>
</kw>
<kw name="Click Element" library="Selenium2Library">
<arg>//*[@id="B3_table_data"]/table/tbody/tr[8]/td[4]</arg>
<doc>Click the element identified by ``locator``.</doc>
<msg timestamp="20210422 20:39:31.267" level="INFO">Clicking element '//*[@id="B3_table_data"]/table/tbody/tr[8]/td[4]'.</msg>
<status status="PASS" starttime="20210422 20:39:31.266" endtime="20210422 20:39:32.731"/>
</kw>
<kw name="Page Should Contain" library="Selenium2Library">
<arg>สอบถาม</arg>
<doc>Verifies that current page contains ``text``.</doc>
<msg timestamp="20210422 20:39:34.160" level="INFO">Current page contains text 'สอบถาม'.</msg>
<status status="PASS" starttime="20210422 20:39:32.732" endtime="20210422 20:39:34.161"/>
</kw>
<kw name="Page Should Contain" library="Selenium2Library">
<arg>ตกลงกันเอง</arg>
<doc>Verifies that current page contains ``text``.</doc>
<msg timestamp="20210422 20:39:35.598" level="INFO">Current page contains text 'ตกลงกันเอง'.</msg>
<status status="PASS" starttime="20210422 20:39:34.162" endtime="20210422 20:39:35.599"/>
</kw>
<kw name="Close Browser" library="Selenium2Library" type="TEARDOWN">
<doc>Closes the current browser.</doc>
<status status="PASS" starttime="20210422 20:39:35.600" endtime="20210422 20:39:36.336"/>
</kw>
<status status="PASS" starttime="20210422 20:39:18.891" endtime="20210422 20:39:36.336"/>
</test>
<test id="s1-t2" name="TC02 - ค้นหาตามประเทศสหรัฐอเมริกาและเลือกราคาตั้งแต่ 2000 ถึง 10000 บาท (test to pass)">
<kw name="Open Web Site Pantipmarket On Browser" type="SETUP">
<kw name="Set Selenium Speed" library="Selenium2Library">
<arg>0.7 seconds</arg>
<doc>Sets the delay that is waited after each Selenium command.</doc>
<status status="PASS" starttime="20210422 20:39:36.346" endtime="20210422 20:39:36.346"/>
</kw>
<kw name="Open Browser" library="Selenium2Library">
<arg>url=https://www.pantipmarket.com</arg>
<arg>browser=safari</arg>
<doc>Opens a new browser instance to the optional ``url``.</doc>
<msg timestamp="20210422 20:39:36.347" level="INFO">Opening browser 'safari' to base url 'https://www.pantipmarket.com'.</msg>
<status status="PASS" starttime="20210422 20:39:36.346" endtime="20210422 20:39:41.078"/>
</kw>
<kw name="Maximize Browser Window" library="Selenium2Library">
<doc>Maximizes current browser window.</doc>
<status status="PASS" starttime="20210422 20:39:41.080" endtime="20210422 20:39:41.818"/>
</kw>
<kw name="Wait Until Page Contains" library="Selenium2Library">
<arg>สงวนลิขสิทธิ์ © 2561 บริษัท พันทิปมาร์เก็ต จำกัด</arg>
<doc>Waits until ``text`` appears on the current page.</doc>
<status status="PASS" starttime="20210422 20:39:41.818" endtime="20210422 20:39:42.531"/>
</kw>
<status status="PASS" starttime="20210422 20:39:36.345" endtime="20210422 20:39:42.532"/>
</kw>
<kw name="กดดูสินค้าตามจังหวัดหรือประเทศ">
<arg>//*[@id="section_main_content"]/div/div[1]/div[2]/div[1]/div[2]/div[2]/div/button</arg>
<arg>//*[@id="section_main_content"]/div/div[1]/div[2]/div[1]/div[2]/div[2]/div/div/ul/li[95]/a</arg>
<arg>สหรัฐอเมริกา</arg>
<kw name="Click Button" library="Selenium2Library">
<arg>${CLICK_BUTTON}</arg>
<doc>Clicks the button identified by ``locator``.</doc>
<msg timestamp="20210422 20:39:42.537" level="INFO">Clicking button '//*[@id="section_main_content"]/div/div[1]/div[2]/div[1]/div[2]/div[2]/div/button'.</msg>
<status status="PASS" starttime="20210422 20:39:42.536" endtime="20210422 20:39:46.223"/>
</kw>
<kw name="Click Element" library="Selenium2Library">
<arg>${CLICK_ELEMENT}</arg>
<doc>Click the element identified by ``locator``.</doc>
<msg timestamp="20210422 20:39:46.225" level="INFO">Clicking element '//*[@id="section_main_content"]/div/div[1]/div[2]/div[1]/div[2]/div[2]/div/div/ul/li[95]/a'.</msg>
<status status="PASS" starttime="20210422 20:39:46.224" endtime="20210422 20:39:47.704"/>
</kw>
<kw name="Wait Until Page Contains" library="Selenium2Library">
<arg>${PAGE_CONTAIN}</arg>
<doc>Waits until ``text`` appears on the current page.</doc>
<status status="PASS" starttime="20210422 20:39:47.705" endtime="20210422 20:39:48.686"/>
</kw>
<status status="PASS" starttime="20210422 20:39:42.533" endtime="20210422 20:39:48.687"/>
</kw>
<kw name="Page Should Contain" library="Selenium2Library">
<arg>แล้วแต่ตกลงกันครับ</arg>
<doc>Verifies that current page contains ``text``.</doc>
<msg timestamp="20210422 20:39:50.119" level="INFO">Current page contains text 'แล้วแต่ตกลงกันครับ'.</msg>
<status status="PASS" starttime="20210422 20:39:48.688" endtime="20210422 20:39:50.120"/>
</kw>
<kw name="Wait Until Page Contains" library="Selenium2Library">
<arg>9999 บาท</arg>
<doc>Waits until ``text`` appears on the current page.</doc>
<status status="PASS" starttime="20210422 20:39:50.122" endtime="20210422 20:39:50.843"/>
</kw>
<kw name="Wait Until Page Contains" library="Selenium2Library">
<arg>10,000 บาท</arg>
<doc>Waits until ``text`` appears on the current page.</doc>
<status status="PASS" starttime="20210422 20:39:50.844" endtime="20210422 20:39:51.564"/>
</kw>
<kw name="Wait Until Page Contains" library="Selenium2Library">
<arg>3000 บาท</arg>
<doc>Waits until ``text`` appears on the current page.</doc>
<status status="PASS" starttime="20210422 20:39:51.565" endtime="20210422 20:39:52.285"/>
</kw>
<kw name="Input Text" library="Selenium2Library">
<arg>filter[price1]</arg>
<arg>2000</arg>
<doc>Types the given ``text`` into the text field identified by ``locator``.</doc>
<msg timestamp="20210422 20:39:52.288" level="INFO">Typing text '2000' into text field 'filter[price1]'.</msg>
<status status="PASS" starttime="20210422 20:39:52.287" endtime="20210422 20:39:54.486"/>
</kw>
<kw name="Input Text" library="Selenium2Library">
<arg>filter[price2]</arg>
<arg>10000</arg>
<doc>Types the given ``text`` into the text field identified by ``locator``.</doc>
<msg timestamp="20210422 20:39:54.488" level="INFO">Typing text '10000' into text field 'filter[price2]'.</msg>
<status status="PASS" starttime="20210422 20:39:54.487" endtime="20210422 20:39:56.700"/>
</kw>
<kw name="Click Button" library="Selenium2Library">
<arg>btn_filter</arg>
<doc>Clicks the button identified by ``locator``.</doc>
<msg timestamp="20210422 20:39:56.703" level="INFO">Clicking button 'btn_filter'.</msg>
<status status="PASS" starttime="20210422 20:39:56.702" endtime="20210422 20:39:58.884"/>
</kw>
<kw name="Page Should Not Contain" library="Selenium2Library">
<arg>ไม่พบข้อมูล</arg>
<doc>Verifies the current page does not contain ``text``.</doc>
<kw name="Capture Page Screenshot" library="Selenium2Library">
<doc>Takes a screenshot of the current page and embeds it into a log file.</doc>
<msg timestamp="20210422 20:40:01.902" level="INFO" html="true">&lt;/td&gt;&lt;/tr&gt;&lt;tr&gt;&lt;td colspan="3"&gt;&lt;a href="selenium-screenshot-1.png"&gt;&lt;img src="selenium-screenshot-1.png" width="800px"&gt;&lt;/a&gt;</msg>
<status status="PASS" starttime="20210422 20:40:01.070" endtime="20210422 20:40:01.903"/>
</kw>
<msg timestamp="20210422 20:40:01.907" level="FAIL">Page should not have contained text 'ไม่พบข้อมูล'.</msg>
<status status="FAIL" starttime="20210422 20:39:58.885" endtime="20210422 20:40:01.907"/>
</kw>
<kw name="Close Browser" library="Selenium2Library" type="TEARDOWN">
<doc>Closes the current browser.</doc>
<status status="PASS" starttime="20210422 20:40:01.908" endtime="20210422 20:40:02.628"/>
</kw>
<status status="FAIL" starttime="20210422 20:39:36.338" endtime="20210422 20:40:02.629">Page should not have contained text 'ไม่พบข้อมูล'.</status>
</test>
<test id="s1-t3" name="TC03 - ค้นหาตามประเทศเนเธอร์แลนด์ (test to pass)">
<kw name="Open Web Site Pantipmarket On Browser" type="SETUP">
<kw name="Set Selenium Speed" library="Selenium2Library">
<arg>0.7 seconds</arg>
<doc>Sets the delay that is waited after each Selenium command.</doc>
<status status="PASS" starttime="20210422 20:40:02.637" endtime="20210422 20:40:02.637"/>
</kw>
<kw name="Open Browser" library="Selenium2Library">
<arg>url=https://www.pantipmarket.com</arg>
<arg>browser=safari</arg>
<doc>Opens a new browser instance to the optional ``url``.</doc>
<msg timestamp="20210422 20:40:02.638" level="INFO">Opening browser 'safari' to base url 'https://www.pantipmarket.com'.</msg>
<status status="PASS" starttime="20210422 20:40:02.638" endtime="20210422 20:40:06.355"/>
</kw>
<kw name="Maximize Browser Window" library="Selenium2Library">
<doc>Maximizes current browser window.</doc>
<status status="PASS" starttime="20210422 20:40:06.357" endtime="20210422 20:40:07.097"/>
</kw>
<kw name="Wait Until Page Contains" library="Selenium2Library">
<arg>สงวนลิขสิทธิ์ © 2561 บริษัท พันทิปมาร์เก็ต จำกัด</arg>
<doc>Waits until ``text`` appears on the current page.</doc>
<status status="PASS" starttime="20210422 20:40:07.097" endtime="20210422 20:40:07.856"/>
</kw>
<status status="PASS" starttime="20210422 20:40:02.636" endtime="20210422 20:40:07.858"/>
</kw>
<kw name="กดดูสินค้าตามจังหวัดหรือประเทศ">
<arg>//*[@id="section_main_content"]/div/div[1]/div[2]/div[1]/div[2]/div[2]/div/button</arg>
<arg>//*[@id="section_main_content"]/div/div[1]/div[2]/div[1]/div[2]/div[2]/div/div/ul/li[93]/a</arg>
<arg>เนเธอร์แลนด์</arg>
<kw name="Click Button" library="Selenium2Library">
<arg>${CLICK_BUTTON}</arg>
<doc>Clicks the button identified by ``locator``.</doc>
<msg timestamp="20210422 20:40:07.863" level="INFO">Clicking button '//*[@id="section_main_content"]/div/div[1]/div[2]/div[1]/div[2]/div[2]/div/button'.</msg>
<status status="PASS" starttime="20210422 20:40:07.861" endtime="20210422 20:40:11.530"/>
</kw>
<kw name="Click Element" library="Selenium2Library">
<arg>${CLICK_ELEMENT}</arg>
<doc>Click the element identified by ``locator``.</doc>
<msg timestamp="20210422 20:40:11.532" level="INFO">Clicking element '//*[@id="section_main_content"]/div/div[1]/div[2]/div[1]/div[2]/div[2]/div/div/ul/li[93]/a'.</msg>
<status status="PASS" starttime="20210422 20:40:11.531" endtime="20210422 20:40:13.006"/>
</kw>
<kw name="Wait Until Page Contains" library="Selenium2Library">
<arg>${PAGE_CONTAIN}</arg>
<doc>Waits until ``text`` appears on the current page.</doc>
<status status="PASS" starttime="20210422 20:40:13.007" endtime="20210422 20:40:13.787"/>
</kw>
<status status="PASS" starttime="20210422 20:40:07.859" endtime="20210422 20:40:13.788"/>
</kw>
<kw name="Page Should Contain" library="Selenium2Library">
<arg>สอบถาม</arg>
<doc>Verifies that current page contains ``text``.</doc>
<msg timestamp="20210422 20:40:15.219" level="INFO">Current page contains text 'สอบถาม'.</msg>
<status status="PASS" starttime="20210422 20:40:13.789" endtime="20210422 20:40:15.220"/>
</kw>
<kw name="Close Browser" library="Selenium2Library" type="TEARDOWN">
<doc>Closes the current browser.</doc>
<status status="PASS" starttime="20210422 20:40:15.222" endtime="20210422 20:40:15.951"/>
</kw>
<status status="PASS" starttime="20210422 20:40:02.630" endtime="20210422 20:40:15.952"/>
</test>
<status status="FAIL" starttime="20210422 20:39:18.778" endtime="20210422 20:40:15.956"/>
</suite>
<statistics>
<total>
<stat pass="2" fail="1" skip="0">All Tests</stat>
</total>
<tag>
</tag>
<suite>
<stat pass="2" fail="1" skip="0" id="s1" name="SearchByCountry">SearchByCountry</stat>
</suite>
</statistics>
<errors>
</errors>
</robot>
